Preparing Heterogeneous CIFAR-10 dataset...
Number of samples per class: [6000, 6000, 6000, 6000, 6000, 6000, 6000, 6000, 6000, 6000]
Distributing data to clients:   0%|          | 0/10 [00:00<?, ?it/s]Distributing data to clients:  10%|█         | 1/10 [00:02<00:20,  2.28s/it]Distributing data to clients:  20%|██        | 2/10 [00:04<00:19,  2.42s/it]Distributing data to clients:  30%|███       | 3/10 [00:06<00:13,  2.00s/it]Distributing data to clients:  40%|████      | 4/10 [00:08<00:11,  1.88s/it]Distributing data to clients:  50%|█████     | 5/10 [00:10<00:09,  1.96s/it]Distributing data to clients:  60%|██████    | 6/10 [00:12<00:08,  2.07s/it]Distributing data to clients:  70%|███████   | 7/10 [00:12<00:04,  1.52s/it]Distributing data to clients:  80%|████████  | 8/10 [00:15<00:03,  1.91s/it]Distributing data to clients:  90%|█████████ | 9/10 [00:15<00:01,  1.40s/it]Distributing data to clients: 100%|██████████| 10/10 [00:16<00:00,  1.06s/it]Distributing data to clients: 100%|██████████| 10/10 [00:16<00:00,  1.61s/it]
Client 0: Train samples = 4971, Test samples = 1657, Classes = [np.int64(0), np.int64(1), np.int64(4), np.int64(5), np.int64(6), np.int64(7), np.int64(8)]
Client 1: Train samples = 3471, Test samples = 1157, Classes = [np.int64(0), np.int64(1), np.int64(3), np.int64(5), np.int64(6), np.int64(7), np.int64(8), np.int64(9)]
Client 2: Train samples = 3505, Test samples = 1169, Classes = [np.int64(0), np.int64(2), np.int64(3), np.int64(6), np.int64(8), np.int64(9)]
Client 3: Train samples = 3343, Test samples = 1115, Classes = [np.int64(1), np.int64(2), np.int64(5), np.int64(6), np.int64(7), np.int64(8), np.int64(9)]
Client 4: Train samples = 3435, Test samples = 1145, Classes = [np.int64(0), np.int64(1), np.int64(3), np.int64(4), np.int64(5), np.int64(8), np.int64(9)]
Client 5: Train samples = 2853, Test samples = 951, Classes = [np.int64(2), np.int64(3), np.int64(5), np.int64(6), np.int64(7), np.int64(8)]
Client 6: Train samples = 2979, Test samples = 993, Classes = [np.int64(0), np.int64(1), np.int64(2), np.int64(3), np.int64(4), np.int64(5), np.int64(6), np.int64(9)]
Client 7: Train samples = 2878, Test samples = 960, Classes = [np.int64(0), np.int64(1), np.int64(3), np.int64(4), np.int64(5), np.int64(8)]
Client 8: Train samples = 2167, Test samples = 723, Classes = [np.int64(0), np.int64(2), np.int64(4), np.int64(5), np.int64(7), np.int64(8), np.int64(9)]
Client 9: Train samples = 2409, Test samples = 803, Classes = [np.int64(0), np.int64(1), np.int64(2), np.int64(3), np.int64(4), np.int64(6), np.int64(7), np.int64(8)]
Generating erdos_renyi communication graph...
Graph statistics: {'num_nodes': 10, 'num_edges': 11, 'avg_degree': 2.2, 'max_degree': 3, 'min_degree': 1, 'diameter': 6, 'avg_clustering': 0.0, 'is_connected': True}
Initializing client models...
Initializing Sheaf-FMTL algorithm...
Using device: cuda

Starting training for 5 rounds...
Communication bits per round: 81,408
Client 0 optimizer initialization time: 0.00s
Client 0 local update time: 0.88s
Client 0 sheaf update time: 0.04s
Client 0 restriction map update time: 0.00s
Client 1 optimizer initialization time: 0.00s
Client 1 local update time: 0.11s
Client 1 sheaf update time: 0.00s
Client 1 restriction map update time: 0.00s
Client 2 optimizer initialization time: 0.00s
Client 2 local update time: 0.09s
Client 2 sheaf update time: 0.00s
Client 2 restriction map update time: 0.00s
Client 3 optimizer initialization time: 0.00s
Client 3 local update time: 0.08s
Client 3 sheaf update time: 0.00s
Client 3 restriction map update time: 0.00s
Client 4 optimizer initialization time: 0.00s
Client 4 local update time: 0.08s
Client 4 sheaf update time: 0.00s
Client 4 restriction map update time: 0.00s
Client 5 optimizer initialization time: 0.00s
Client 5 local update time: 0.07s
Client 5 sheaf update time: 0.00s
Client 5 restriction map update time: 0.00s
Client 6 optimizer initialization time: 0.00s
Client 6 local update time: 0.11s
Client 6 sheaf update time: 0.00s
Client 6 restriction map update time: 0.00s
Client 7 optimizer initialization time: 0.00s
Client 7 local update time: 0.07s
Client 7 sheaf update time: 0.00s
Client 7 restriction map update time: 0.00s
Client 8 optimizer initialization time: 0.00s
Client 8 local update time: 0.06s
Client 8 sheaf update time: 0.00s
Client 8 restriction map update time: 0.00s
Client 9 optimizer initialization time: 0.00s
Client 9 local update time: 0.06s
Client 9 sheaf update time: 0.00s
Client 9 restriction map update time: 0.00s
Round   0: Avg Test Accuracy = 0.4472, Bits = 0.08 MB, Time = 1.66s
Client 0 optimizer initialization time: 0.00s
Client 0 local update time: 0.12s
Client 0 sheaf update time: 0.00s
Client 0 restriction map update time: 0.00s
Client 1 optimizer initialization time: 0.00s
Client 1 local update time: 0.08s
Client 1 sheaf update time: 0.00s
Client 1 restriction map update time: 0.00s
Client 2 optimizer initialization time: 0.00s
Client 2 local update time: 0.08s
Client 2 sheaf update time: 0.00s
Client 2 restriction map update time: 0.00s
Client 3 optimizer initialization time: 0.00s
Client 3 local update time: 0.08s
Client 3 sheaf update time: 0.00s
Client 3 restriction map update time: 0.00s
Client 4 optimizer initialization time: 0.00s
Client 4 local update time: 0.08s
Client 4 sheaf update time: 0.00s
Client 4 restriction map update time: 0.00s
Client 5 optimizer initialization time: 0.00s
Client 5 local update time: 0.07s
Client 5 sheaf update time: 0.00s
Client 5 restriction map update time: 0.00s
Client 6 optimizer initialization time: 0.00s
Client 6 local update time: 0.07s
Client 6 sheaf update time: 0.00s
Client 6 restriction map update time: 0.00s
Client 7 optimizer initialization time: 0.00s
Client 7 local update time: 0.07s
Client 7 sheaf update time: 0.00s
Client 7 restriction map update time: 0.00s
Client 8 optimizer initialization time: 0.00s
Client 8 local update time: 0.05s
Client 8 sheaf update time: 0.00s
Client 8 restriction map update time: 0.00s
Client 9 optimizer initialization time: 0.00s
Client 9 local update time: 0.06s
Client 9 sheaf update time: 0.00s
Client 9 restriction map update time: 0.00s
Client 0 optimizer initialization time: 0.00s
Client 0 local update time: 0.12s
Client 0 sheaf update time: 0.00s
Client 0 restriction map update time: 0.00s
Client 1 optimizer initialization time: 0.00s
Client 1 local update time: 0.08s
Client 1 sheaf update time: 0.00s
Client 1 restriction map update time: 0.00s
Client 2 optimizer initialization time: 0.00s
Client 2 local update time: 0.08s
Client 2 sheaf update time: 0.00s
Client 2 restriction map update time: 0.00s
Client 3 optimizer initialization time: 0.00s
Client 3 local update time: 0.08s
Client 3 sheaf update time: 0.00s
Client 3 restriction map update time: 0.00s
Client 4 optimizer initialization time: 0.00s
Client 4 local update time: 0.07s
Client 4 sheaf update time: 0.00s
Client 4 restriction map update time: 0.00s
Client 5 optimizer initialization time: 0.00s
Client 5 local update time: 0.06s
Client 5 sheaf update time: 0.00s
Client 5 restriction map update time: 0.00s
Client 6 optimizer initialization time: 0.00s
Client 6 local update time: 0.07s
Client 6 sheaf update time: 0.00s
Client 6 restriction map update time: 0.00s
Client 7 optimizer initialization time: 0.00s
Client 7 local update time: 0.07s
Client 7 sheaf update time: 0.00s
Client 7 restriction map update time: 0.00s
Client 8 optimizer initialization time: 0.00s
Client 8 local update time: 0.05s
Client 8 sheaf update time: 0.00s
Client 8 restriction map update time: 0.00s
Client 9 optimizer initialization time: 0.00s
Client 9 local update time: 0.06s
Client 9 sheaf update time: 0.00s
Client 9 restriction map update time: 0.00s
Client 0 optimizer initialization time: 0.00s
Client 0 local update time: 0.12s
Client 0 sheaf update time: 0.00s
Client 0 restriction map update time: 0.00s
Client 1 optimizer initialization time: 0.00s
Client 1 local update time: 0.08s
Client 1 sheaf update time: 0.00s
Client 1 restriction map update time: 0.00s
Client 2 optimizer initialization time: 0.00s
Client 2 local update time: 0.08s
Client 2 sheaf update time: 0.00s
Client 2 restriction map update time: 0.00s
Client 3 optimizer initialization time: 0.00s
Client 3 local update time: 0.08s
Client 3 sheaf update time: 0.00s
Client 3 restriction map update time: 0.00s
Client 4 optimizer initialization time: 0.00s
Client 4 local update time: 0.08s
Client 4 sheaf update time: 0.00s
Client 4 restriction map update time: 0.00s
Client 5 optimizer initialization time: 0.00s
Client 5 local update time: 0.07s
Client 5 sheaf update time: 0.00s
Client 5 restriction map update time: 0.00s
Client 6 optimizer initialization time: 0.00s
Client 6 local update time: 0.07s
Client 6 sheaf update time: 0.00s
Client 6 restriction map update time: 0.00s
Client 7 optimizer initialization time: 0.00s
Client 7 local update time: 0.07s
Client 7 sheaf update time: 0.00s
Client 7 restriction map update time: 0.00s
Client 8 optimizer initialization time: 0.00s
Client 8 local update time: 0.05s
Client 8 sheaf update time: 0.00s
Client 8 restriction map update time: 0.00s
Client 9 optimizer initialization time: 0.00s
Client 9 local update time: 0.06s
Client 9 sheaf update time: 0.00s
Client 9 restriction map update time: 0.00s
Client 0 optimizer initialization time: 0.00s
Client 0 local update time: 0.12s
Client 0 sheaf update time: 0.00s
Client 0 restriction map update time: 0.00s
Client 1 optimizer initialization time: 0.00s
Client 1 local update time: 0.08s
Client 1 sheaf update time: 0.00s
Client 1 restriction map update time: 0.00s
Client 2 optimizer initialization time: 0.00s
Client 2 local update time: 0.08s
Client 2 sheaf update time: 0.00s
Client 2 restriction map update time: 0.00s
Client 3 optimizer initialization time: 0.00s
Client 3 local update time: 0.08s
Client 3 sheaf update time: 0.00s
Client 3 restriction map update time: 0.00s
Client 4 optimizer initialization time: 0.00s
Client 4 local update time: 0.08s
Client 4 sheaf update time: 0.00s
Client 4 restriction map update time: 0.00s
Client 5 optimizer initialization time: 0.00s
Client 5 local update time: 0.07s
Client 5 sheaf update time: 0.00s
Client 5 restriction map update time: 0.00s
Client 6 optimizer initialization time: 0.00s
Client 6 local update time: 0.07s
Client 6 sheaf update time: 0.00s
Client 6 restriction map update time: 0.00s
Client 7 optimizer initialization time: 0.00s
Client 7 local update time: 0.07s
Client 7 sheaf update time: 0.00s
Client 7 restriction map update time: 0.00s
Client 8 optimizer initialization time: 0.00s
Client 8 local update time: 0.05s
Client 8 sheaf update time: 0.00s
Client 8 restriction map update time: 0.00s
Client 9 optimizer initialization time: 0.00s
Client 9 local update time: 0.06s
Client 9 sheaf update time: 0.00s
Client 9 restriction map update time: 0.00s

Training completed!
Final average test accuracy: 0.5581
Total communication: 0.41 MB
Total time: 4.72 seconds
