=== Seed 42: Run 1: local only (no communication) ===
Preparing Rotated MNIST dataset...
Generating complete communication graph...
Graph statistics: {'num_nodes': 10, 'num_edges': 45, 'avg_degree': 9.0, 'max_degree': 9, 'min_degree': 9, 'diameter': 1, 'avg_clustering': 1.0, 'is_connected': True}
Initializing client models...
Initializing Sheaf-FMTL algorithm...
Using device: cuda
=== Seed 42: Run 2: sheaf, eta=0 (no map update) ===
Preparing Rotated MNIST dataset...
Generating complete communication graph...
Graph statistics: {'num_nodes': 10, 'num_edges': 45, 'avg_degree': 9.0, 'max_degree': 9, 'min_degree': 9, 'diameter': 1, 'avg_clustering': 1.0, 'is_connected': True}
Initializing client models...
Initializing Sheaf-FMTL algorithm...
Using device: cuda
=== Seed 42: Run 3: sheaf, eta=0.00001 (with map update) ===
Preparing Rotated MNIST dataset...
Generating complete communication graph...
Graph statistics: {'num_nodes': 10, 'num_edges': 45, 'avg_degree': 9.0, 'max_degree': 9, 'min_degree': 9, 'diameter': 1, 'avg_clustering': 1.0, 'is_connected': True}
Initializing client models...
Initializing Sheaf-FMTL algorithm...
Using device: cuda
=== Seed 123: Run 1: local only (no communication) ===
Preparing Rotated MNIST dataset...
Generating complete communication graph...
Graph statistics: {'num_nodes': 10, 'num_edges': 45, 'avg_degree': 9.0, 'max_degree': 9, 'min_degree': 9, 'diameter': 1, 'avg_clustering': 1.0, 'is_connected': True}
Initializing client models...
Initializing Sheaf-FMTL algorithm...
Using device: cuda
=== Seed 123: Run 2: sheaf, eta=0 (no map update) ===
Preparing Rotated MNIST dataset...
Generating complete communication graph...
Graph statistics: {'num_nodes': 10, 'num_edges': 45, 'avg_degree': 9.0, 'max_degree': 9, 'min_degree': 9, 'diameter': 1, 'avg_clustering': 1.0, 'is_connected': True}
Initializing client models...
Initializing Sheaf-FMTL algorithm...
Using device: cuda
=== Seed 123: Run 3: sheaf, eta=0.00001 (with map update) ===
Preparing Rotated MNIST dataset...
Generating complete communication graph...
Graph statistics: {'num_nodes': 10, 'num_edges': 45, 'avg_degree': 9.0, 'max_degree': 9, 'min_degree': 9, 'diameter': 1, 'avg_clustering': 1.0, 'is_connected': True}
Initializing client models...
Initializing Sheaf-FMTL algorithm...
Using device: cuda
=== Seed 456: Run 1: local only (no communication) ===
Preparing Rotated MNIST dataset...
Generating complete communication graph...
Graph statistics: {'num_nodes': 10, 'num_edges': 45, 'avg_degree': 9.0, 'max_degree': 9, 'min_degree': 9, 'diameter': 1, 'avg_clustering': 1.0, 'is_connected': True}
Initializing client models...
Initializing Sheaf-FMTL algorithm...
Using device: cuda
=== Seed 456: Run 2: sheaf, eta=0 (no map update) ===
Preparing Rotated MNIST dataset...
Generating complete communication graph...
Graph statistics: {'num_nodes': 10, 'num_edges': 45, 'avg_degree': 9.0, 'max_degree': 9, 'min_degree': 9, 'diameter': 1, 'avg_clustering': 1.0, 'is_connected': True}
Initializing client models...
Initializing Sheaf-FMTL algorithm...
Using device: cuda
=== Seed 456: Run 3: sheaf, eta=0.00001 (with map update) ===
Preparing Rotated MNIST dataset...
Generating complete communication graph...
Graph statistics: {'num_nodes': 10, 'num_edges': 45, 'avg_degree': 9.0, 'max_degree': 9, 'min_degree': 9, 'diameter': 1, 'avg_clustering': 1.0, 'is_connected': True}
Initializing client models...
Initializing Sheaf-FMTL algorithm...
Using device: cuda
=== Seed 789: Run 1: local only (no communication) ===
Preparing Rotated MNIST dataset...
Generating complete communication graph...
Graph statistics: {'num_nodes': 10, 'num_edges': 45, 'avg_degree': 9.0, 'max_degree': 9, 'min_degree': 9, 'diameter': 1, 'avg_clustering': 1.0, 'is_connected': True}
Initializing client models...
Initializing Sheaf-FMTL algorithm...
Using device: cuda
=== Seed 789: Run 2: sheaf, eta=0 (no map update) ===
Preparing Rotated MNIST dataset...
Generating complete communication graph...
Graph statistics: {'num_nodes': 10, 'num_edges': 45, 'avg_degree': 9.0, 'max_degree': 9, 'min_degree': 9, 'diameter': 1, 'avg_clustering': 1.0, 'is_connected': True}
Initializing client models...
Initializing Sheaf-FMTL algorithm...
Using device: cuda
=== Seed 789: Run 3: sheaf, eta=0.00001 (with map update) ===
Preparing Rotated MNIST dataset...
Generating complete communication graph...
Graph statistics: {'num_nodes': 10, 'num_edges': 45, 'avg_degree': 9.0, 'max_degree': 9, 'min_degree': 9, 'diameter': 1, 'avg_clustering': 1.0, 'is_connected': True}
Initializing client models...
Initializing Sheaf-FMTL algorithm...
Using device: cuda
=== Seed 1234: Run 1: local only (no communication) ===
Preparing Rotated MNIST dataset...
Generating complete communication graph...
Graph statistics: {'num_nodes': 10, 'num_edges': 45, 'avg_degree': 9.0, 'max_degree': 9, 'min_degree': 9, 'diameter': 1, 'avg_clustering': 1.0, 'is_connected': True}
Initializing client models...
Initializing Sheaf-FMTL algorithm...
Using device: cuda
=== Seed 1234: Run 2: sheaf, eta=0 (no map update) ===
Preparing Rotated MNIST dataset...
Generating complete communication graph...
Graph statistics: {'num_nodes': 10, 'num_edges': 45, 'avg_degree': 9.0, 'max_degree': 9, 'min_degree': 9, 'diameter': 1, 'avg_clustering': 1.0, 'is_connected': True}
Initializing client models...
Initializing Sheaf-FMTL algorithm...
Using device: cuda
=== Seed 1234: Run 3: sheaf, eta=0.00001 (with map update) ===
Preparing Rotated MNIST dataset...
Generating complete communication graph...
Graph statistics: {'num_nodes': 10, 'num_edges': 45, 'avg_degree': 9.0, 'max_degree': 9, 'min_degree': 9, 'diameter': 1, 'avg_clustering': 1.0, 'is_connected': True}
Initializing client models...
Initializing Sheaf-FMTL algorithm...
Using device: cuda
=== All runs complete. Generating plot... ===
Warning: results/sheaf_fmtl_rmnist_local_gamma0.005_seed42.json not found, skipping.
Warning: results/sheaf_fmtl_rmnist_local_gamma0.005_seed123.json not found, skipping.
Warning: results/sheaf_fmtl_rmnist_local_gamma0.005_seed456.json not found, skipping.
Warning: results/sheaf_fmtl_rmnist_local_gamma0.005_seed789.json not found, skipping.
Warning: results/sheaf_fmtl_rmnist_local_gamma0.005_seed1234.json not found, skipping.
Warning: results/sheaf_fmtl_rmnist_sheaf_gamma0.005_eta0.0_seed42.json not found, skipping.
Warning: results/sheaf_fmtl_rmnist_sheaf_gamma0.005_eta0.0_seed123.json not found, skipping.
Warning: results/sheaf_fmtl_rmnist_sheaf_gamma0.005_eta0.0_seed456.json not found, skipping.
Warning: results/sheaf_fmtl_rmnist_sheaf_gamma0.005_eta0.0_seed789.json not found, skipping.
Warning: results/sheaf_fmtl_rmnist_sheaf_gamma0.005_eta0.0_seed1234.json not found, skipping.
Warning: results/sheaf_fmtl_rmnist_sheaf_gamma0.005_eta1e-05_seed42.json not found, skipping.
Warning: results/sheaf_fmtl_rmnist_sheaf_gamma0.005_eta1e-05_seed123.json not found, skipping.
Warning: results/sheaf_fmtl_rmnist_sheaf_gamma0.005_eta1e-05_seed456.json not found, skipping.
Warning: results/sheaf_fmtl_rmnist_sheaf_gamma0.005_eta1e-05_seed789.json not found, skipping.
Warning: results/sheaf_fmtl_rmnist_sheaf_gamma0.005_eta1e-05_seed1234.json not found, skipping.
