=== Run 1: lambda_reg=0 (baseline, no sheaf coordination) ===
Preparing HAR dataset...
Loading HAR dataset...
Warning: data/task_index.npy not found. Creating synthetic client assignment.
Client 0: Train samples = 51, Test samples = 17
Client 1: Train samples = 257, Test samples = 86
Client 2: Train samples = 257, Test samples = 86
Client 3: Train samples = 257, Test samples = 86
Client 4: Train samples = 51, Test samples = 17
Client 5: Train samples = 51, Test samples = 17
Client 6: Train samples = 257, Test samples = 86
Client 7: Train samples = 257, Test samples = 86
Client 8: Train samples = 51, Test samples = 17
Client 9: Train samples = 51, Test samples = 17
Client 10: Train samples = 257, Test samples = 86
Client 11: Train samples = 51, Test samples = 17
Client 12: Train samples = 51, Test samples = 17
Client 13: Train samples = 51, Test samples = 17
Client 14: Train samples = 257, Test samples = 86
Client 15: Train samples = 51, Test samples = 17
Client 16: Train samples = 51, Test samples = 17
Client 17: Train samples = 51, Test samples = 17
Client 18: Train samples = 257, Test samples = 86
Client 19: Train samples = 257, Test samples = 86
Client 20: Train samples = 257, Test samples = 86
Client 21: Train samples = 257, Test samples = 86
Client 22: Train samples = 257, Test samples = 86
Client 23: Train samples = 51, Test samples = 17
Client 24: Train samples = 51, Test samples = 17
Client 25: Train samples = 257, Test samples = 86
Client 26: Train samples = 257, Test samples = 86
Client 27: Train samples = 51, Test samples = 17
Client 28: Train samples = 51, Test samples = 17
Client 29: Train samples = 264, Test samples = 88
Dataset info: {'input_size': 561, 'num_classes': 6, 'num_clients': 30}
Generating erdos_renyi communication graph...
Graph statistics: {'num_nodes': 30, 'num_edges': 99, 'avg_degree': 6.6, 'max_degree': 12, 'min_degree': 1, 'diameter': 4, 'avg_clustering': 0.21551226551226552, 'is_connected': True}
Initializing client models...
Initializing Sheaf-FMTL algorithm...
Using device: cuda

Starting training for 100 rounds...
Communication bits per round: 2,589,696
Number of parameters: 3372
Round   0: Avg Test Accuracy = 0.2301, Bits = 2.59 MB, Time = 2.85s
Round  10: Avg Test Accuracy = 0.5680, Bits = 28.49 MB, Time = 4.63s
Round  20: Avg Test Accuracy = 0.6821, Bits = 54.38 MB, Time = 6.42s
Round  30: Avg Test Accuracy = 0.7522, Bits = 80.28 MB, Time = 8.17s
Round  40: Avg Test Accuracy = 0.7701, Bits = 106.18 MB, Time = 9.94s
Round  50: Avg Test Accuracy = 0.8045, Bits = 132.07 MB, Time = 11.72s
Round  60: Avg Test Accuracy = 0.8222, Bits = 157.97 MB, Time = 13.50s
Round  70: Avg Test Accuracy = 0.8319, Bits = 183.87 MB, Time = 15.27s
Round  80: Avg Test Accuracy = 0.8541, Bits = 209.77 MB, Time = 17.05s
Round  90: Avg Test Accuracy = 0.8654, Bits = 235.66 MB, Time = 18.83s

Results saved to results/sheaf_fmtl_har_gamma1.0_lambda0.0_eta0.01.json

Training completed!
Final average test accuracy: 0.8752
Total communication: 258.97 MB
Total time: 20.11 seconds
=== Run 1 complete ===
=== Run 2: lambda_reg=20.0 ETA 0 (sheaf-regularized, no restriction map update) ===
Preparing HAR dataset...
Loading HAR dataset...
Warning: data/task_index.npy not found. Creating synthetic client assignment.
Client 0: Train samples = 51, Test samples = 17
Client 1: Train samples = 257, Test samples = 86
Client 2: Train samples = 257, Test samples = 86
Client 3: Train samples = 257, Test samples = 86
Client 4: Train samples = 51, Test samples = 17
Client 5: Train samples = 51, Test samples = 17
Client 6: Train samples = 257, Test samples = 86
Client 7: Train samples = 257, Test samples = 86
Client 8: Train samples = 51, Test samples = 17
Client 9: Train samples = 51, Test samples = 17
Client 10: Train samples = 257, Test samples = 86
Client 11: Train samples = 51, Test samples = 17
Client 12: Train samples = 51, Test samples = 17
Client 13: Train samples = 51, Test samples = 17
Client 14: Train samples = 257, Test samples = 86
Client 15: Train samples = 51, Test samples = 17
Client 16: Train samples = 51, Test samples = 17
Client 17: Train samples = 51, Test samples = 17
Client 18: Train samples = 257, Test samples = 86
Client 19: Train samples = 257, Test samples = 86
Client 20: Train samples = 257, Test samples = 86
Client 21: Train samples = 257, Test samples = 86
Client 22: Train samples = 257, Test samples = 86
Client 23: Train samples = 51, Test samples = 17
Client 24: Train samples = 51, Test samples = 17
Client 25: Train samples = 257, Test samples = 86
Client 26: Train samples = 257, Test samples = 86
Client 27: Train samples = 51, Test samples = 17
Client 28: Train samples = 51, Test samples = 17
Client 29: Train samples = 264, Test samples = 88
Dataset info: {'input_size': 561, 'num_classes': 6, 'num_clients': 30}
Generating erdos_renyi communication graph...
Graph statistics: {'num_nodes': 30, 'num_edges': 102, 'avg_degree': 6.8, 'max_degree': 12, 'min_degree': 3, 'diameter': 3, 'avg_clustering': 0.20160654160654165, 'is_connected': True}
Initializing client models...
Initializing Sheaf-FMTL algorithm...
Using device: cuda

Starting training for 100 rounds...
Communication bits per round: 2,589,696
Number of parameters: 3372
Round   0: Avg Test Accuracy = 0.1638, Bits = 2.59 MB, Time = 1.41s
Round  10: Avg Test Accuracy = 0.4994, Bits = 28.49 MB, Time = 3.15s
Round  20: Avg Test Accuracy = 0.6132, Bits = 54.38 MB, Time = 4.87s
Round  30: Avg Test Accuracy = 0.6701, Bits = 80.28 MB, Time = 6.61s
Round  40: Avg Test Accuracy = 0.6950, Bits = 106.18 MB, Time = 8.36s
Round  50: Avg Test Accuracy = 0.7468, Bits = 132.07 MB, Time = 10.08s
Round  60: Avg Test Accuracy = 0.7616, Bits = 157.97 MB, Time = 11.86s
Round  70: Avg Test Accuracy = 0.7981, Bits = 183.87 MB, Time = 13.60s
Round  80: Avg Test Accuracy = 0.7986, Bits = 209.77 MB, Time = 15.34s
Round  90: Avg Test Accuracy = 0.8024, Bits = 235.66 MB, Time = 16.88s

Results saved to results/sheaf_fmtl_har_gamma1.0_lambda20.0_eta0.0.json

Training completed!
Final average test accuracy: 0.8355
Total communication: 258.97 MB
Total time: 17.92 seconds
=== Run 2 complete ===
=== Run 3: lambda_reg=20.0 eta=0.01 (sheaf-regularized) ===
Preparing HAR dataset...
Loading HAR dataset...
Warning: data/task_index.npy not found. Creating synthetic client assignment.
Client 0: Train samples = 51, Test samples = 17
Client 1: Train samples = 257, Test samples = 86
Client 2: Train samples = 257, Test samples = 86
Client 3: Train samples = 257, Test samples = 86
Client 4: Train samples = 51, Test samples = 17
Client 5: Train samples = 51, Test samples = 17
Client 6: Train samples = 257, Test samples = 86
Client 7: Train samples = 257, Test samples = 86
Client 8: Train samples = 51, Test samples = 17
Client 9: Train samples = 51, Test samples = 17
Client 10: Train samples = 257, Test samples = 86
Client 11: Train samples = 51, Test samples = 17
Client 12: Train samples = 51, Test samples = 17
Client 13: Train samples = 51, Test samples = 17
Client 14: Train samples = 257, Test samples = 86
Client 15: Train samples = 51, Test samples = 17
Client 16: Train samples = 51, Test samples = 17
Client 17: Train samples = 51, Test samples = 17
Client 18: Train samples = 257, Test samples = 86
Client 19: Train samples = 257, Test samples = 86
Client 20: Train samples = 257, Test samples = 86
Client 21: Train samples = 257, Test samples = 86
Client 22: Train samples = 257, Test samples = 86
Client 23: Train samples = 51, Test samples = 17
Client 24: Train samples = 51, Test samples = 17
Client 25: Train samples = 257, Test samples = 86
Client 26: Train samples = 257, Test samples = 86
Client 27: Train samples = 51, Test samples = 17
Client 28: Train samples = 51, Test samples = 17
Client 29: Train samples = 264, Test samples = 88
Dataset info: {'input_size': 561, 'num_classes': 6, 'num_clients': 30}
Generating erdos_renyi communication graph...
Graph statistics: {'num_nodes': 30, 'num_edges': 94, 'avg_degree': 6.266666666666667, 'max_degree': 11, 'min_degree': 3, 'diameter': 4, 'avg_clustering': 0.2169047619047619, 'is_connected': True}
Initializing client models...
Initializing Sheaf-FMTL algorithm...
Using device: cuda

Starting training for 100 rounds...
Communication bits per round: 2,373,888
Number of parameters: 3372
Round   0: Avg Test Accuracy = 0.1867, Bits = 2.37 MB, Time = 1.22s
Round  10: Avg Test Accuracy = 0.5212, Bits = 26.11 MB, Time = 2.96s
Round  20: Avg Test Accuracy = 0.6247, Bits = 49.85 MB, Time = 4.69s
Round  30: Avg Test Accuracy = 0.6819, Bits = 73.59 MB, Time = 6.42s
Round  40: Avg Test Accuracy = 0.7067, Bits = 97.33 MB, Time = 8.16s
Round  50: Avg Test Accuracy = 0.7307, Bits = 121.07 MB, Time = 9.89s
Round  60: Avg Test Accuracy = 0.7438, Bits = 144.81 MB, Time = 11.61s
Round  70: Avg Test Accuracy = 0.7474, Bits = 168.55 MB, Time = 13.36s
Round  80: Avg Test Accuracy = 0.7567, Bits = 192.28 MB, Time = 15.09s
Round  90: Avg Test Accuracy = 0.7625, Bits = 216.02 MB, Time = 16.69s

Results saved to results/sheaf_fmtl_har_gamma1.0_lambda20.0_eta0.01.json

Training completed!
Final average test accuracy: 0.7715
Total communication: 237.39 MB
Total time: 17.75 seconds
=== Run 3 complete ===
=== All runs complete. Plotting... ===
Plot saved to results/har_comparison_gamma1.0.png
