Preparing Heterogeneous CIFAR-10 dataset...
Number of samples per class: [6000, 6000, 6000, 6000, 6000, 6000, 6000, 6000, 6000, 6000]
Client 0: Train samples = 4696, Test samples = 1566, Classes = [np.int64(0), np.int64(1), np.int64(4), np.int64(5), np.int64(6), np.int64(7), np.int64(8)]
Client 1: Train samples = 3765, Test samples = 1255, Classes = [np.int64(0), np.int64(1), np.int64(3), np.int64(5), np.int64(6), np.int64(7), np.int64(8), np.int64(9)]
Client 2: Train samples = 3561, Test samples = 1187, Classes = [np.int64(0), np.int64(2), np.int64(3), np.int64(6), np.int64(8), np.int64(9)]
Client 3: Train samples = 3192, Test samples = 1064, Classes = [np.int64(1), np.int64(2), np.int64(5), np.int64(6), np.int64(7), np.int64(8), np.int64(9)]
Client 4: Train samples = 3390, Test samples = 1130, Classes = [np.int64(0), np.int64(1), np.int64(3), np.int64(4), np.int64(5), np.int64(8), np.int64(9)]
Client 5: Train samples = 4080, Test samples = 1360, Classes = [np.int64(2), np.int64(3), np.int64(5), np.int64(6), np.int64(7), np.int64(8), np.int64(9)]
Client 6: Train samples = 2340, Test samples = 780, Classes = [np.int64(0), np.int64(1), np.int64(2), np.int64(3), np.int64(4), np.int64(5), np.int64(6), np.int64(9)]
Client 7: Train samples = 2776, Test samples = 926, Classes = [np.int64(0), np.int64(1), np.int64(3), np.int64(4), np.int64(5), np.int64(8)]
Client 8: Train samples = 2406, Test samples = 802, Classes = [np.int64(0), np.int64(2), np.int64(4), np.int64(5), np.int64(7), np.int64(8), np.int64(9)]
Client 9: Train samples = 2292, Test samples = 764, Classes = [np.int64(0), np.int64(1), np.int64(2), np.int64(4), np.int64(6), np.int64(7), np.int64(8)]
Generating erdos_renyi communication graph...
Graph statistics: {'num_nodes': 10, 'num_edges': 10, 'avg_degree': 2.0, 'max_degree': 4, 'min_degree': 1, 'diameter': 6, 'avg_clustering': 0.0, 'is_connected': True}
Initializing client models...
Initializing Sheaf-FMTL algorithm...
Using device: cuda

Starting training for 5 rounds...
Communication bits per round: 108,544
Client 0 optimizer initialization time: 0.00s
Client 0 local update time: 0.41s
Client 0 sheaf update time: 0.03s
Client 0 restriction map update time: 0.00s
Client 1 optimizer initialization time: 0.00s
Client 1 local update time: 0.08s
Client 1 sheaf update time: 0.00s
Client 1 restriction map update time: 0.00s
Client 2 optimizer initialization time: 0.00s
Client 2 local update time: 0.09s
Client 2 sheaf update time: 0.00s
Client 2 restriction map update time: 0.00s
Client 3 optimizer initialization time: 0.00s
Client 3 local update time: 0.07s
Client 3 sheaf update time: 0.00s
Client 3 restriction map update time: 0.00s
Client 4 optimizer initialization time: 0.00s
Client 4 local update time: 0.08s
Client 4 sheaf update time: 0.00s
Client 4 restriction map update time: 0.00s
Client 5 optimizer initialization time: 0.00s
Client 5 local update time: 0.08s
Client 5 sheaf update time: 0.00s
Client 5 restriction map update time: 0.00s
Client 6 optimizer initialization time: 0.00s
Client 6 local update time: 0.07s
Client 6 sheaf update time: 0.00s
Client 6 restriction map update time: 0.00s
Client 7 optimizer initialization time: 0.00s
Client 7 local update time: 0.06s
Client 7 sheaf update time: 0.00s
Client 7 restriction map update time: 0.00s
Client 8 optimizer initialization time: 0.00s
Client 8 local update time: 0.06s
Client 8 sheaf update time: 0.00s
Client 8 restriction map update time: 0.00s
Client 9 optimizer initialization time: 0.00s
Client 9 local update time: 0.05s
Client 9 sheaf update time: 0.00s
Client 9 restriction map update time: 0.00s
Round   0: Avg Test Accuracy = 0.4573, Bits = 0.11 MB, Time = 1.09s
Client 0 optimizer initialization time: 0.00s
Client 0 local update time: 0.11s
Client 0 sheaf update time: 0.00s
Client 0 restriction map update time: 0.00s
Client 1 optimizer initialization time: 0.00s
Client 1 local update time: 0.08s
Client 1 sheaf update time: 0.00s
Client 1 restriction map update time: 0.00s
Client 2 optimizer initialization time: 0.00s
Client 2 local update time: 0.07s
Client 2 sheaf update time: 0.00s
Client 2 restriction map update time: 0.00s
Client 3 optimizer initialization time: 0.00s
Client 3 local update time: 0.08s
Client 3 sheaf update time: 0.00s
Client 3 restriction map update time: 0.00s
Client 4 optimizer initialization time: 0.00s
Client 4 local update time: 0.07s
Client 4 sheaf update time: 0.00s
Client 4 restriction map update time: 0.00s
Client 5 optimizer initialization time: 0.00s
Client 5 local update time: 0.09s
Client 5 sheaf update time: 0.00s
Client 5 restriction map update time: 0.00s
Client 6 optimizer initialization time: 0.00s
Client 6 local update time: 0.05s
Client 6 sheaf update time: 0.00s
Client 6 restriction map update time: 0.00s
Client 7 optimizer initialization time: 0.00s
Client 7 local update time: 0.06s
Client 7 sheaf update time: 0.00s
Client 7 restriction map update time: 0.00s
Client 8 optimizer initialization time: 0.00s
Client 8 local update time: 0.05s
Client 8 sheaf update time: 0.00s
Client 8 restriction map update time: 0.00s
Client 9 optimizer initialization time: 0.00s
Client 9 local update time: 0.05s
Client 9 sheaf update time: 0.00s
Client 9 restriction map update time: 0.00s
Client 0 optimizer initialization time: 0.00s
Client 0 local update time: 0.10s
Client 0 sheaf update time: 0.00s
Client 0 restriction map update time: 0.00s
Client 1 optimizer initialization time: 0.00s
Client 1 local update time: 0.07s
Client 1 sheaf update time: 0.00s
Client 1 restriction map update time: 0.00s
Client 2 optimizer initialization time: 0.00s
Client 2 local update time: 0.07s
Client 2 sheaf update time: 0.00s
Client 2 restriction map update time: 0.00s
Client 3 optimizer initialization time: 0.00s
Client 3 local update time: 0.06s
Client 3 sheaf update time: 0.00s
Client 3 restriction map update time: 0.00s
Client 4 optimizer initialization time: 0.00s
Client 4 local update time: 0.07s
Client 4 sheaf update time: 0.00s
Client 4 restriction map update time: 0.00s
Client 5 optimizer initialization time: 0.00s
Client 5 local update time: 0.08s
Client 5 sheaf update time: 0.00s
Client 5 restriction map update time: 0.00s
Client 6 optimizer initialization time: 0.00s
Client 6 local update time: 0.05s
Client 6 sheaf update time: 0.00s
Client 6 restriction map update time: 0.00s
Client 7 optimizer initialization time: 0.00s
Client 7 local update time: 0.05s
Client 7 sheaf update time: 0.00s
Client 7 restriction map update time: 0.00s
Client 8 optimizer initialization time: 0.00s
Client 8 local update time: 0.05s
Client 8 sheaf update time: 0.00s
Client 8 restriction map update time: 0.00s
Client 9 optimizer initialization time: 0.00s
Client 9 local update time: 0.05s
Client 9 sheaf update time: 0.00s
Client 9 restriction map update time: 0.00s
Client 0 optimizer initialization time: 0.00s
Client 0 local update time: 0.10s
Client 0 sheaf update time: 0.00s
Client 0 restriction map update time: 0.00s
Client 1 optimizer initialization time: 0.00s
Client 1 local update time: 0.07s
Client 1 sheaf update time: 0.00s
Client 1 restriction map update time: 0.00s
Client 2 optimizer initialization time: 0.00s
Client 2 local update time: 0.07s
Client 2 sheaf update time: 0.00s
Client 2 restriction map update time: 0.00s
Client 3 optimizer initialization time: 0.00s
Client 3 local update time: 0.06s
Client 3 sheaf update time: 0.00s
Client 3 restriction map update time: 0.00s
Client 4 optimizer initialization time: 0.00s
Client 4 local update time: 0.07s
Client 4 sheaf update time: 0.00s
Client 4 restriction map update time: 0.00s
Client 5 optimizer initialization time: 0.00s
Client 5 local update time: 0.08s
Client 5 sheaf update time: 0.00s
Client 5 restriction map update time: 0.00s
Client 6 optimizer initialization time: 0.00s
Client 6 local update time: 0.05s
Client 6 sheaf update time: 0.00s
Client 6 restriction map update time: 0.00s
Client 7 optimizer initialization time: 0.00s
Client 7 local update time: 0.05s
Client 7 sheaf update time: 0.00s
Client 7 restriction map update time: 0.00s
Client 8 optimizer initialization time: 0.00s
Client 8 local update time: 0.05s
Client 8 sheaf update time: 0.00s
Client 8 restriction map update time: 0.00s
Client 9 optimizer initialization time: 0.00s
Client 9 local update time: 0.06s
Client 9 sheaf update time: 0.00s
Client 9 restriction map update time: 0.00s
Client 0 optimizer initialization time: 0.00s
Client 0 local update time: 0.10s
Client 0 sheaf update time: 0.00s
Client 0 restriction map update time: 0.00s
Client 1 optimizer initialization time: 0.00s
Client 1 local update time: 0.08s
Client 1 sheaf update time: 0.00s
Client 1 restriction map update time: 0.00s
Client 2 optimizer initialization time: 0.00s
Client 2 local update time: 0.08s
Client 2 sheaf update time: 0.00s
Client 2 restriction map update time: 0.00s
Client 3 optimizer initialization time: 0.00s
Client 3 local update time: 0.06s
Client 3 sheaf update time: 0.00s
Client 3 restriction map update time: 0.00s
Client 4 optimizer initialization time: 0.00s
Client 4 local update time: 0.08s
Client 4 sheaf update time: 0.00s
Client 4 restriction map update time: 0.00s
Client 5 optimizer initialization time: 0.00s
Client 5 local update time: 0.10s
Client 5 sheaf update time: 0.00s
Client 5 restriction map update time: 0.00s
Client 6 optimizer initialization time: 0.00s
Client 6 local update time: 0.06s
Client 6 sheaf update time: 0.00s
Client 6 restriction map update time: 0.00s
Client 7 optimizer initialization time: 0.00s
Client 7 local update time: 0.07s
Client 7 sheaf update time: 0.00s
Client 7 restriction map update time: 0.00s
Client 8 optimizer initialization time: 0.00s
Client 8 local update time: 0.06s
Client 8 sheaf update time: 0.00s
Client 8 restriction map update time: 0.00s
Client 9 optimizer initialization time: 0.00s
Client 9 local update time: 0.05s
Client 9 sheaf update time: 0.00s
Client 9 restriction map update time: 0.00s

Training completed!
Final average test accuracy: 0.5590
Total communication: 0.54 MB
Total time: 3.86 seconds
