=== Run 1: lambda_reg=0 (baseline, no sheaf coordination) ===
Preparing HAR dataset...
Loading HAR dataset...
Warning: data/task_index.npy not found. Creating synthetic client assignment.
Client 0: Train samples = 51, Test samples = 17
Client 1: Train samples = 257, Test samples = 86
Client 2: Train samples = 257, Test samples = 86
Client 3: Train samples = 257, Test samples = 86
Client 4: Train samples = 51, Test samples = 17
Client 5: Train samples = 51, Test samples = 17
Client 6: Train samples = 257, Test samples = 86
Client 7: Train samples = 257, Test samples = 86
Client 8: Train samples = 51, Test samples = 17
Client 9: Train samples = 51, Test samples = 17
Client 10: Train samples = 257, Test samples = 86
Client 11: Train samples = 51, Test samples = 17
Client 12: Train samples = 51, Test samples = 17
Client 13: Train samples = 51, Test samples = 17
Client 14: Train samples = 257, Test samples = 86
Client 15: Train samples = 51, Test samples = 17
Client 16: Train samples = 51, Test samples = 17
Client 17: Train samples = 51, Test samples = 17
Client 18: Train samples = 257, Test samples = 86
Client 19: Train samples = 257, Test samples = 86
Client 20: Train samples = 257, Test samples = 86
Client 21: Train samples = 257, Test samples = 86
Client 22: Train samples = 257, Test samples = 86
Client 23: Train samples = 51, Test samples = 17
Client 24: Train samples = 51, Test samples = 17
Client 25: Train samples = 257, Test samples = 86
Client 26: Train samples = 257, Test samples = 86
Client 27: Train samples = 51, Test samples = 17
Client 28: Train samples = 51, Test samples = 17
Client 29: Train samples = 264, Test samples = 88
Dataset info: {'input_size': 561, 'num_classes': 6, 'num_clients': 30}
Generating erdos_renyi communication graph...
Graph statistics: {'num_nodes': 30, 'num_edges': 64, 'avg_degree': 4.266666666666667, 'max_degree': 10, 'min_degree': 1, 'diameter': 5, 'avg_clustering': 0.1334126984126984, 'is_connected': True}
Initializing client models...
Initializing Sheaf-FMTL algorithm...
Using device: cuda

Starting training for 100 rounds...
Communication bits per round: 647,040
Number of parameters: 3372
Round   0: Avg Test Accuracy = 0.2301, Bits = 0.65 MB, Time = 3.76s
Round  10: Avg Test Accuracy = 0.5680, Bits = 7.12 MB, Time = 5.44s
Round  20: Avg Test Accuracy = 0.6821, Bits = 13.59 MB, Time = 7.12s
Round  30: Avg Test Accuracy = 0.7522, Bits = 20.06 MB, Time = 8.81s
Round  40: Avg Test Accuracy = 0.7701, Bits = 26.53 MB, Time = 10.50s
Round  50: Avg Test Accuracy = 0.8045, Bits = 33.00 MB, Time = 12.19s
Round  60: Avg Test Accuracy = 0.8222, Bits = 39.47 MB, Time = 13.88s
Round  70: Avg Test Accuracy = 0.8319, Bits = 45.94 MB, Time = 15.55s
Round  80: Avg Test Accuracy = 0.8541, Bits = 52.41 MB, Time = 17.18s
Round  90: Avg Test Accuracy = 0.8654, Bits = 58.88 MB, Time = 18.85s

Results saved to results/sheaf_fmtl_har_gamma0.3.json

Training completed!
Final average test accuracy: 0.8752
Total communication: 64.70 MB
Total time: 20.36 seconds
=== Run 1 complete ===
=== Run 2: lambda_reg=0.05 (sheaf-regularized) ===
Preparing HAR dataset...
Loading HAR dataset...
Warning: data/task_index.npy not found. Creating synthetic client assignment.
Client 0: Train samples = 51, Test samples = 17
Client 1: Train samples = 257, Test samples = 86
Client 2: Train samples = 257, Test samples = 86
Client 3: Train samples = 257, Test samples = 86
Client 4: Train samples = 51, Test samples = 17
Client 5: Train samples = 51, Test samples = 17
Client 6: Train samples = 257, Test samples = 86
Client 7: Train samples = 257, Test samples = 86
Client 8: Train samples = 51, Test samples = 17
Client 9: Train samples = 51, Test samples = 17
Client 10: Train samples = 257, Test samples = 86
Client 11: Train samples = 51, Test samples = 17
Client 12: Train samples = 51, Test samples = 17
Client 13: Train samples = 51, Test samples = 17
Client 14: Train samples = 257, Test samples = 86
Client 15: Train samples = 51, Test samples = 17
Client 16: Train samples = 51, Test samples = 17
Client 17: Train samples = 51, Test samples = 17
Client 18: Train samples = 257, Test samples = 86
Client 19: Train samples = 257, Test samples = 86
Client 20: Train samples = 257, Test samples = 86
Client 21: Train samples = 257, Test samples = 86
Client 22: Train samples = 257, Test samples = 86
Client 23: Train samples = 51, Test samples = 17
Client 24: Train samples = 51, Test samples = 17
Client 25: Train samples = 257, Test samples = 86
Client 26: Train samples = 257, Test samples = 86
Client 27: Train samples = 51, Test samples = 17
Client 28: Train samples = 51, Test samples = 17
Client 29: Train samples = 264, Test samples = 88
Dataset info: {'input_size': 561, 'num_classes': 6, 'num_clients': 30}
Generating erdos_renyi communication graph...
Graph statistics: {'num_nodes': 30, 'num_edges': 70, 'avg_degree': 4.666666666666667, 'max_degree': 8, 'min_degree': 1, 'diameter': 4, 'avg_clustering': 0.10595238095238098, 'is_connected': True}
Initializing client models...
Initializing Sheaf-FMTL algorithm...
Using device: cuda

Starting training for 100 rounds...
Communication bits per round: 517,632
Number of parameters: 3372
Round   0: Avg Test Accuracy = 0.2228, Bits = 0.52 MB, Time = 1.59s
Round  10: Avg Test Accuracy = 0.1632, Bits = 5.69 MB, Time = 3.25s
Round  20: Avg Test Accuracy = 0.1632, Bits = 10.87 MB, Time = 4.89s
Round  30: Avg Test Accuracy = 0.1632, Bits = 16.05 MB, Time = 6.53s
Round  40: Avg Test Accuracy = 0.1632, Bits = 21.22 MB, Time = 8.19s
Round  50: Avg Test Accuracy = 0.1632, Bits = 26.40 MB, Time = 9.80s
Round  60: Avg Test Accuracy = 0.1632, Bits = 31.58 MB, Time = 11.45s
Round  70: Avg Test Accuracy = 0.1632, Bits = 36.75 MB, Time = 13.08s
Round  80: Avg Test Accuracy = 0.1632, Bits = 41.93 MB, Time = 14.73s
Round  90: Avg Test Accuracy = 0.1632, Bits = 47.10 MB, Time = 16.37s

Results saved to results/sheaf_fmtl_har_gamma0.3.json

Training completed!
Final average test accuracy: 0.1632
Total communication: 51.76 MB
Total time: 17.85 seconds
=== Run 2 complete ===
