=== Run 1: lambda_reg=0 (baseline, no sheaf coordination) ===
Preparing HAR dataset...
Loading HAR dataset...
Warning: data/task_index.npy not found. Creating synthetic client assignment.
Client 0: Train samples = 51, Test samples = 17
Client 1: Train samples = 257, Test samples = 86
Client 2: Train samples = 257, Test samples = 86
Client 3: Train samples = 257, Test samples = 86
Client 4: Train samples = 51, Test samples = 17
Client 5: Train samples = 51, Test samples = 17
Client 6: Train samples = 257, Test samples = 86
Client 7: Train samples = 257, Test samples = 86
Client 8: Train samples = 51, Test samples = 17
Client 9: Train samples = 51, Test samples = 17
Client 10: Train samples = 257, Test samples = 86
Client 11: Train samples = 51, Test samples = 17
Client 12: Train samples = 51, Test samples = 17
Client 13: Train samples = 51, Test samples = 17
Client 14: Train samples = 257, Test samples = 86
Client 15: Train samples = 51, Test samples = 17
Client 16: Train samples = 51, Test samples = 17
Client 17: Train samples = 51, Test samples = 17
Client 18: Train samples = 257, Test samples = 86
Client 19: Train samples = 257, Test samples = 86
Client 20: Train samples = 257, Test samples = 86
Client 21: Train samples = 257, Test samples = 86
Client 22: Train samples = 257, Test samples = 86
Client 23: Train samples = 51, Test samples = 17
Client 24: Train samples = 51, Test samples = 17
Client 25: Train samples = 257, Test samples = 86
Client 26: Train samples = 257, Test samples = 86
Client 27: Train samples = 51, Test samples = 17
Client 28: Train samples = 51, Test samples = 17
Client 29: Train samples = 264, Test samples = 88
Dataset info: {'input_size': 561, 'num_classes': 6, 'num_clients': 30}
Generating erdos_renyi communication graph...
Graph statistics: {'num_nodes': 30, 'num_edges': 72, 'avg_degree': 4.8, 'max_degree': 8, 'min_degree': 1, 'diameter': 5, 'avg_clustering': 0.19642857142857145, 'is_connected': True}
Initializing client models...
Initializing Sheaf-FMTL algorithm...
Using device: cuda

Starting training for 100 rounds...
Communication bits per round: 1,726,464
Number of parameters: 3372
Round   0: Avg Test Accuracy = 0.1441, Bits = 1.73 MB, Time = 1.90s
Round  10: Avg Test Accuracy = 0.1441, Bits = 18.99 MB, Time = 3.57s
Round  20: Avg Test Accuracy = 0.1441, Bits = 36.26 MB, Time = 5.25s
Round  30: Avg Test Accuracy = 0.1441, Bits = 53.52 MB, Time = 6.89s
Round  40: Avg Test Accuracy = 0.1441, Bits = 70.79 MB, Time = 8.56s
Round  50: Avg Test Accuracy = 0.1441, Bits = 88.05 MB, Time = 10.21s
Round  60: Avg Test Accuracy = 0.1441, Bits = 105.31 MB, Time = 11.87s
Round  70: Avg Test Accuracy = 0.1441, Bits = 122.58 MB, Time = 13.54s
Round  80: Avg Test Accuracy = 0.1441, Bits = 139.84 MB, Time = 15.20s
