=== lambda_reg=0.0, eta=0.0, seed=42 ===
Preparing HAR dataset...
Loading HAR dataset...
Warning: data/task_index.npy not found. Creating synthetic client assignment.
Client 0: Train samples = 3861, Test samples = 1288
Client 1: Train samples = 772, Test samples = 258
Dataset info: {'input_size': 561, 'num_classes': 6, 'num_clients': 2}
Generating erdos_renyi communication graph...
Graph statistics: {'num_nodes': 2, 'num_edges': 1, 'avg_degree': 1.0, 'max_degree': 1, 'min_degree': 1, 'diameter': 1, 'avg_clustering': 0.0, 'is_connected': True}
Initializing client models...
Initializing Sheaf-FMTL algorithm...
Using device: cuda

Starting training for 80 rounds...
Communication bits per round: 215,808
Number of parameters: 3372
Round   0: Avg Test Accuracy = 0.5711, Ensemble Accuracy = 0.6311, Bits = 0.22 MB, Time = 3.96s
Round  10: Avg Test Accuracy = 0.8627, Ensemble Accuracy = 0.8891, Bits = 2.37 MB, Time = 5.22s
Round  20: Avg Test Accuracy = 0.8972, Ensemble Accuracy = 0.9073, Bits = 4.53 MB, Time = 6.31s
Round  30: Avg Test Accuracy = 0.9317, Ensemble Accuracy = 0.9216, Bits = 6.69 MB, Time = 7.02s
Round  40: Avg Test Accuracy = 0.9321, Ensemble Accuracy = 0.9240, Bits = 8.85 MB, Time = 8.07s
Round  50: Avg Test Accuracy = 0.9410, Ensemble Accuracy = 0.9251, Bits = 11.01 MB, Time = 9.32s
Round  60: Avg Test Accuracy = 0.9360, Ensemble Accuracy = 0.9329, Bits = 13.16 MB, Time = 10.58s
Round  70: Avg Test Accuracy = 0.9422, Ensemble Accuracy = 0.9364, Bits = 15.32 MB, Time = 11.85s

Results saved to results/sheaf_fmtl_har_gamma1.0_lambda0.0_eta0.0_seed42.json

Training completed!
Final average test accuracy: 0.9496
Final ensemble accuracy:     0.9379
Total communication: 17.26 MB
Total time: 12.95 seconds
=== lambda_reg=0.0, eta=0.001, seed=42 ===
Preparing HAR dataset...
Loading HAR dataset...
Warning: data/task_index.npy not found. Creating synthetic client assignment.
Client 0: Train samples = 3861, Test samples = 1288
Client 1: Train samples = 772, Test samples = 258
Dataset info: {'input_size': 561, 'num_classes': 6, 'num_clients': 2}
Generating erdos_renyi communication graph...
Graph statistics: {'num_nodes': 2, 'num_edges': 1, 'avg_degree': 1.0, 'max_degree': 1, 'min_degree': 1, 'diameter': 1, 'avg_clustering': 0.0, 'is_connected': True}
Initializing client models...
Initializing Sheaf-FMTL algorithm...
Using device: cuda

Starting training for 80 rounds...
Communication bits per round: 215,808
Number of parameters: 3372
Round   0: Avg Test Accuracy = 0.5711, Ensemble Accuracy = 0.6311, Bits = 0.22 MB, Time = 1.57s
Round  10: Avg Test Accuracy = 0.8627, Ensemble Accuracy = 0.8891, Bits = 2.37 MB, Time = 2.85s
Round  20: Avg Test Accuracy = 0.8972, Ensemble Accuracy = 0.9073, Bits = 4.53 MB, Time = 4.12s
Round  30: Avg Test Accuracy = 0.9317, Ensemble Accuracy = 0.9216, Bits = 6.69 MB, Time = 5.36s
Round  40: Avg Test Accuracy = 0.9321, Ensemble Accuracy = 0.9240, Bits = 8.85 MB, Time = 6.07s
Round  50: Avg Test Accuracy = 0.9410, Ensemble Accuracy = 0.9251, Bits = 11.01 MB, Time = 7.07s
Round  60: Avg Test Accuracy = 0.9360, Ensemble Accuracy = 0.9329, Bits = 13.16 MB, Time = 8.33s
Round  70: Avg Test Accuracy = 0.9422, Ensemble Accuracy = 0.9364, Bits = 15.32 MB, Time = 9.59s

Results saved to results/sheaf_fmtl_har_gamma1.0_lambda0.0_eta0.001_seed42.json

Training completed!
Final average test accuracy: 0.9496
Final ensemble accuracy:     0.9379
Total communication: 17.26 MB
Total time: 10.72 seconds
=== lambda_reg=0.0, eta=0.005, seed=42 ===
Preparing HAR dataset...
Loading HAR dataset...
Warning: data/task_index.npy not found. Creating synthetic client assignment.
Client 0: Train samples = 3861, Test samples = 1288
Client 1: Train samples = 772, Test samples = 258
Dataset info: {'input_size': 561, 'num_classes': 6, 'num_clients': 2}
Generating erdos_renyi communication graph...
Graph statistics: {'num_nodes': 2, 'num_edges': 1, 'avg_degree': 1.0, 'max_degree': 1, 'min_degree': 1, 'diameter': 1, 'avg_clustering': 0.0, 'is_connected': True}
Initializing client models...
Initializing Sheaf-FMTL algorithm...
Using device: cuda

Starting training for 80 rounds...
Communication bits per round: 215,808
Number of parameters: 3372
Round   0: Avg Test Accuracy = 0.5711, Ensemble Accuracy = 0.6311, Bits = 0.22 MB, Time = 1.52s
Round  10: Avg Test Accuracy = 0.8627, Ensemble Accuracy = 0.8891, Bits = 2.37 MB, Time = 2.81s
Round  20: Avg Test Accuracy = 0.8972, Ensemble Accuracy = 0.9073, Bits = 4.53 MB, Time = 4.03s
Round  30: Avg Test Accuracy = 0.9317, Ensemble Accuracy = 0.9216, Bits = 6.69 MB, Time = 5.27s
Round  40: Avg Test Accuracy = 0.9321, Ensemble Accuracy = 0.9240, Bits = 8.85 MB, Time = 6.53s
Round  50: Avg Test Accuracy = 0.9410, Ensemble Accuracy = 0.9251, Bits = 11.01 MB, Time = 7.75s
Round  60: Avg Test Accuracy = 0.9360, Ensemble Accuracy = 0.9329, Bits = 13.16 MB, Time = 9.00s
Round  70: Avg Test Accuracy = 0.9422, Ensemble Accuracy = 0.9364, Bits = 15.32 MB, Time = 9.77s

Results saved to results/sheaf_fmtl_har_gamma1.0_lambda0.0_eta0.005_seed42.json

Training completed!
Final average test accuracy: 0.9496
Final ensemble accuracy:     0.9379
Total communication: 17.26 MB
Total time: 10.55 seconds
=== lambda_reg=0.0, eta=0.01, seed=42 ===
Preparing HAR dataset...
Loading HAR dataset...
Warning: data/task_index.npy not found. Creating synthetic client assignment.
Client 0: Train samples = 3861, Test samples = 1288
Client 1: Train samples = 772, Test samples = 258
Dataset info: {'input_size': 561, 'num_classes': 6, 'num_clients': 2}
Generating erdos_renyi communication graph...
Graph statistics: {'num_nodes': 2, 'num_edges': 1, 'avg_degree': 1.0, 'max_degree': 1, 'min_degree': 1, 'diameter': 1, 'avg_clustering': 0.0, 'is_connected': True}
Initializing client models...
Initializing Sheaf-FMTL algorithm...
Using device: cuda

Starting training for 80 rounds...
Communication bits per round: 215,808
Number of parameters: 3372
Round   0: Avg Test Accuracy = 0.5711, Ensemble Accuracy = 0.6311, Bits = 0.22 MB, Time = 1.46s
Round  10: Avg Test Accuracy = 0.8627, Ensemble Accuracy = 0.8891, Bits = 2.37 MB, Time = 2.72s
Round  20: Avg Test Accuracy = 0.8972, Ensemble Accuracy = 0.9073, Bits = 4.53 MB, Time = 3.97s
Round  30: Avg Test Accuracy = 0.9317, Ensemble Accuracy = 0.9216, Bits = 6.69 MB, Time = 5.23s
Round  40: Avg Test Accuracy = 0.9321, Ensemble Accuracy = 0.9240, Bits = 8.85 MB, Time = 6.48s
Round  50: Avg Test Accuracy = 0.9410, Ensemble Accuracy = 0.9251, Bits = 11.01 MB, Time = 7.71s
Round  60: Avg Test Accuracy = 0.9360, Ensemble Accuracy = 0.9329, Bits = 13.16 MB, Time = 8.91s
Round  70: Avg Test Accuracy = 0.9422, Ensemble Accuracy = 0.9364, Bits = 15.32 MB, Time = 10.13s

Results saved to results/sheaf_fmtl_har_gamma1.0_lambda0.0_eta0.01_seed42.json

Training completed!
Final average test accuracy: 0.9496
Final ensemble accuracy:     0.9379
Total communication: 17.26 MB
Total time: 11.27 seconds
=== lambda_reg=0.0, eta=0.05, seed=42 ===
Preparing HAR dataset...
Loading HAR dataset...
Warning: data/task_index.npy not found. Creating synthetic client assignment.
Client 0: Train samples = 3861, Test samples = 1288
Client 1: Train samples = 772, Test samples = 258
Dataset info: {'input_size': 561, 'num_classes': 6, 'num_clients': 2}
Generating erdos_renyi communication graph...
Graph statistics: {'num_nodes': 2, 'num_edges': 1, 'avg_degree': 1.0, 'max_degree': 1, 'min_degree': 1, 'diameter': 1, 'avg_clustering': 0.0, 'is_connected': True}
Initializing client models...
Initializing Sheaf-FMTL algorithm...
Using device: cuda

Starting training for 80 rounds...
Communication bits per round: 215,808
Number of parameters: 3372
Round   0: Avg Test Accuracy = 0.5711, Ensemble Accuracy = 0.6311, Bits = 0.22 MB, Time = 1.19s
Round  10: Avg Test Accuracy = 0.8627, Ensemble Accuracy = 0.8891, Bits = 2.37 MB, Time = 2.48s
Round  20: Avg Test Accuracy = 0.8972, Ensemble Accuracy = 0.9073, Bits = 4.53 MB, Time = 3.71s
Round  30: Avg Test Accuracy = 0.9317, Ensemble Accuracy = 0.9216, Bits = 6.69 MB, Time = 4.94s
Round  40: Avg Test Accuracy = 0.9321, Ensemble Accuracy = 0.9240, Bits = 8.85 MB, Time = 6.20s
Round  50: Avg Test Accuracy = 0.9410, Ensemble Accuracy = 0.9251, Bits = 11.01 MB, Time = 7.42s
Round  60: Avg Test Accuracy = 0.9360, Ensemble Accuracy = 0.9329, Bits = 13.16 MB, Time = 8.69s
Round  70: Avg Test Accuracy = 0.9422, Ensemble Accuracy = 0.9364, Bits = 15.32 MB, Time = 9.94s

Results saved to results/sheaf_fmtl_har_gamma1.0_lambda0.0_eta0.05_seed42.json

Training completed!
Final average test accuracy: 0.9496
Final ensemble accuracy:     0.9379
Total communication: 17.26 MB
Total time: 11.08 seconds
=== lambda_reg=0.0, eta=0.1, seed=42 ===
Preparing HAR dataset...
Loading HAR dataset...
Warning: data/task_index.npy not found. Creating synthetic client assignment.
Client 0: Train samples = 3861, Test samples = 1288
Client 1: Train samples = 772, Test samples = 258
Dataset info: {'input_size': 561, 'num_classes': 6, 'num_clients': 2}
Generating erdos_renyi communication graph...
Graph statistics: {'num_nodes': 2, 'num_edges': 1, 'avg_degree': 1.0, 'max_degree': 1, 'min_degree': 1, 'diameter': 1, 'avg_clustering': 0.0, 'is_connected': True}
Initializing client models...
Initializing Sheaf-FMTL algorithm...
Using device: cuda

Starting training for 80 rounds...
Communication bits per round: 215,808
Number of parameters: 3372
Round   0: Avg Test Accuracy = 0.5711, Ensemble Accuracy = 0.6311, Bits = 0.22 MB, Time = 1.42s
Round  10: Avg Test Accuracy = 0.8627, Ensemble Accuracy = 0.8891, Bits = 2.37 MB, Time = 2.34s
Round  20: Avg Test Accuracy = 0.8972, Ensemble Accuracy = 0.9073, Bits = 4.53 MB, Time = 3.65s
Round  30: Avg Test Accuracy = 0.9317, Ensemble Accuracy = 0.9216, Bits = 6.69 MB, Time = 4.90s
Round  40: Avg Test Accuracy = 0.9321, Ensemble Accuracy = 0.9240, Bits = 8.85 MB, Time = 6.19s
Round  50: Avg Test Accuracy = 0.9410, Ensemble Accuracy = 0.9251, Bits = 11.01 MB, Time = 7.49s
Round  60: Avg Test Accuracy = 0.9360, Ensemble Accuracy = 0.9329, Bits = 13.16 MB, Time = 8.78s
Round  70: Avg Test Accuracy = 0.9422, Ensemble Accuracy = 0.9364, Bits = 15.32 MB, Time = 10.06s

Results saved to results/sheaf_fmtl_har_gamma1.0_lambda0.0_eta0.1_seed42.json

Training completed!
Final average test accuracy: 0.9496
Final ensemble accuracy:     0.9379
Total communication: 17.26 MB
Total time: 11.19 seconds
=== lambda_reg=1.0, eta=0.0, seed=42 ===
Preparing HAR dataset...
Loading HAR dataset...
Warning: data/task_index.npy not found. Creating synthetic client assignment.
Client 0: Train samples = 3861, Test samples = 1288
Client 1: Train samples = 772, Test samples = 258
Dataset info: {'input_size': 561, 'num_classes': 6, 'num_clients': 2}
Generating erdos_renyi communication graph...
Graph statistics: {'num_nodes': 2, 'num_edges': 1, 'avg_degree': 1.0, 'max_degree': 1, 'min_degree': 1, 'diameter': 1, 'avg_clustering': 0.0, 'is_connected': True}
Initializing client models...
Initializing Sheaf-FMTL algorithm...
Using device: cuda

Starting training for 80 rounds...
Communication bits per round: 215,808
Number of parameters: 3372
Round   0: Avg Test Accuracy = 0.5730, Ensemble Accuracy = 0.6334, Bits = 0.22 MB, Time = 1.26s
Round  10: Avg Test Accuracy = 0.8666, Ensemble Accuracy = 0.8894, Bits = 2.37 MB, Time = 2.50s
Round  20: Avg Test Accuracy = 0.9054, Ensemble Accuracy = 0.9053, Bits = 4.53 MB, Time = 3.23s
Round  30: Avg Test Accuracy = 0.9286, Ensemble Accuracy = 0.9212, Bits = 6.69 MB, Time = 4.14s
Round  40: Avg Test Accuracy = 0.9306, Ensemble Accuracy = 0.9247, Bits = 8.85 MB, Time = 5.40s
Round  50: Avg Test Accuracy = 0.9348, Ensemble Accuracy = 0.9240, Bits = 11.01 MB, Time = 6.61s
Round  60: Avg Test Accuracy = 0.9364, Ensemble Accuracy = 0.9325, Bits = 13.16 MB, Time = 7.86s
Round  70: Avg Test Accuracy = 0.9422, Ensemble Accuracy = 0.9360, Bits = 15.32 MB, Time = 9.15s

Results saved to results/sheaf_fmtl_har_gamma1.0_lambda1.0_eta0.0_seed42.json

Training completed!
Final average test accuracy: 0.9511
Final ensemble accuracy:     0.9391
Total communication: 17.26 MB
Total time: 10.27 seconds
=== lambda_reg=1.0, eta=0.001, seed=42 ===
Preparing HAR dataset...
Loading HAR dataset...
Warning: data/task_index.npy not found. Creating synthetic client assignment.
Client 0: Train samples = 3861, Test samples = 1288
Client 1: Train samples = 772, Test samples = 258
Dataset info: {'input_size': 561, 'num_classes': 6, 'num_clients': 2}
Generating erdos_renyi communication graph...
Graph statistics: {'num_nodes': 2, 'num_edges': 1, 'avg_degree': 1.0, 'max_degree': 1, 'min_degree': 1, 'diameter': 1, 'avg_clustering': 0.0, 'is_connected': True}
Initializing client models...
Initializing Sheaf-FMTL algorithm...
Using device: cuda

Starting training for 80 rounds...
Communication bits per round: 215,808
Number of parameters: 3372
Round   0: Avg Test Accuracy = 0.5730, Ensemble Accuracy = 0.6334, Bits = 0.22 MB, Time = 1.20s
Round  10: Avg Test Accuracy = 0.8666, Ensemble Accuracy = 0.8894, Bits = 2.37 MB, Time = 2.50s
Round  20: Avg Test Accuracy = 0.9034, Ensemble Accuracy = 0.9053, Bits = 4.53 MB, Time = 3.79s
Round  30: Avg Test Accuracy = 0.9278, Ensemble Accuracy = 0.9216, Bits = 6.69 MB, Time = 5.05s
Round  40: Avg Test Accuracy = 0.9310, Ensemble Accuracy = 0.9228, Bits = 8.85 MB, Time = 6.34s
Round  50: Avg Test Accuracy = 0.9368, Ensemble Accuracy = 0.9244, Bits = 11.01 MB, Time = 7.64s
Round  60: Avg Test Accuracy = 0.9368, Ensemble Accuracy = 0.9325, Bits = 13.16 MB, Time = 8.93s
Round  70: Avg Test Accuracy = 0.9430, Ensemble Accuracy = 0.9368, Bits = 15.32 MB, Time = 9.90s

Results saved to results/sheaf_fmtl_har_gamma1.0_lambda1.0_eta0.001_seed42.json

Training completed!
Final average test accuracy: 0.9523
Final ensemble accuracy:     0.9387
Total communication: 17.26 MB
Total time: 10.54 seconds
=== lambda_reg=1.0, eta=0.005, seed=42 ===
Preparing HAR dataset...
Loading HAR dataset...
Warning: data/task_index.npy not found. Creating synthetic client assignment.
Client 0: Train samples = 3861, Test samples = 1288
Client 1: Train samples = 772, Test samples = 258
Dataset info: {'input_size': 561, 'num_classes': 6, 'num_clients': 2}
Generating erdos_renyi communication graph...
Graph statistics: {'num_nodes': 2, 'num_edges': 1, 'avg_degree': 1.0, 'max_degree': 1, 'min_degree': 1, 'diameter': 1, 'avg_clustering': 0.0, 'is_connected': True}
Initializing client models...
Initializing Sheaf-FMTL algorithm...
Using device: cuda

Starting training for 80 rounds...
Communication bits per round: 215,808
Number of parameters: 3372
Round   0: Avg Test Accuracy = 0.5730, Ensemble Accuracy = 0.6334, Bits = 0.22 MB, Time = 1.53s
Round  10: Avg Test Accuracy = 0.8627, Ensemble Accuracy = 0.8894, Bits = 2.37 MB, Time = 2.81s
Round  20: Avg Test Accuracy = 0.9034, Ensemble Accuracy = 0.9053, Bits = 4.53 MB, Time = 4.06s
Round  30: Avg Test Accuracy = 0.9278, Ensemble Accuracy = 0.9216, Bits = 6.69 MB, Time = 5.34s
Round  40: Avg Test Accuracy = 0.9313, Ensemble Accuracy = 0.9255, Bits = 8.85 MB, Time = 6.61s
Round  50: Avg Test Accuracy = 0.9407, Ensemble Accuracy = 0.9251, Bits = 11.01 MB, Time = 7.86s
Round  60: Avg Test Accuracy = 0.9395, Ensemble Accuracy = 0.9329, Bits = 13.16 MB, Time = 9.10s
Round  70: Avg Test Accuracy = 0.9441, Ensemble Accuracy = 0.9368, Bits = 15.32 MB, Time = 10.36s

Results saved to results/sheaf_fmtl_har_gamma1.0_lambda1.0_eta0.005_seed42.json

Training completed!
Final average test accuracy: 0.9507
Final ensemble accuracy:     0.9387
Total communication: 17.26 MB
Total time: 11.51 seconds
=== lambda_reg=1.0, eta=0.01, seed=42 ===
Preparing HAR dataset...
Loading HAR dataset...
Warning: data/task_index.npy not found. Creating synthetic client assignment.
Client 0: Train samples = 3861, Test samples = 1288
Client 1: Train samples = 772, Test samples = 258
Dataset info: {'input_size': 561, 'num_classes': 6, 'num_clients': 2}
Generating erdos_renyi communication graph...
Graph statistics: {'num_nodes': 2, 'num_edges': 1, 'avg_degree': 1.0, 'max_degree': 1, 'min_degree': 1, 'diameter': 1, 'avg_clustering': 0.0, 'is_connected': True}
Initializing client models...
Initializing Sheaf-FMTL algorithm...
Using device: cuda

Starting training for 80 rounds...
Communication bits per round: 215,808
Number of parameters: 3372
Round   0: Avg Test Accuracy = 0.5730, Ensemble Accuracy = 0.6334, Bits = 0.22 MB, Time = 1.17s
Round  10: Avg Test Accuracy = 0.8646, Ensemble Accuracy = 0.8894, Bits = 2.37 MB, Time = 2.43s
Round  20: Avg Test Accuracy = 0.9030, Ensemble Accuracy = 0.9073, Bits = 4.53 MB, Time = 3.67s
Round  30: Avg Test Accuracy = 0.9306, Ensemble Accuracy = 0.9216, Bits = 6.69 MB, Time = 4.89s
Round  40: Avg Test Accuracy = 0.9321, Ensemble Accuracy = 0.9259, Bits = 8.85 MB, Time = 6.15s
Round  50: Avg Test Accuracy = 0.9407, Ensemble Accuracy = 0.9251, Bits = 11.01 MB, Time = 7.40s
Round  60: Avg Test Accuracy = 0.9376, Ensemble Accuracy = 0.9329, Bits = 13.16 MB, Time = 8.66s
Round  70: Avg Test Accuracy = 0.9422, Ensemble Accuracy = 0.9368, Bits = 15.32 MB, Time = 9.91s

Results saved to results/sheaf_fmtl_har_gamma1.0_lambda1.0_eta0.01_seed42.json

Training completed!
Final average test accuracy: 0.9507
Final ensemble accuracy:     0.9383
Total communication: 17.26 MB
Total time: 11.05 seconds
=== lambda_reg=1.0, eta=0.05, seed=42 ===
Preparing HAR dataset...
Loading HAR dataset...
Warning: data/task_index.npy not found. Creating synthetic client assignment.
Client 0: Train samples = 3861, Test samples = 1288
Client 1: Train samples = 772, Test samples = 258
Dataset info: {'input_size': 561, 'num_classes': 6, 'num_clients': 2}
Generating erdos_renyi communication graph...
Graph statistics: {'num_nodes': 2, 'num_edges': 1, 'avg_degree': 1.0, 'max_degree': 1, 'min_degree': 1, 'diameter': 1, 'avg_clustering': 0.0, 'is_connected': True}
Initializing client models...
Initializing Sheaf-FMTL algorithm...
Using device: cuda

Starting training for 80 rounds...
Communication bits per round: 215,808
Number of parameters: 3372
Round   0: Avg Test Accuracy = 0.5730, Ensemble Accuracy = 0.6334, Bits = 0.22 MB, Time = 1.16s
Round  10: Avg Test Accuracy = 0.8627, Ensemble Accuracy = 0.8891, Bits = 2.37 MB, Time = 2.41s
Round  20: Avg Test Accuracy = 0.9030, Ensemble Accuracy = 0.9073, Bits = 4.53 MB, Time = 3.65s
Round  30: Avg Test Accuracy = 0.9333, Ensemble Accuracy = 0.9216, Bits = 6.69 MB, Time = 4.81s
Round  40: Avg Test Accuracy = 0.9321, Ensemble Accuracy = 0.9240, Bits = 8.85 MB, Time = 6.06s
Round  50: Avg Test Accuracy = 0.9410, Ensemble Accuracy = 0.9251, Bits = 11.01 MB, Time = 7.31s
Round  60: Avg Test Accuracy = 0.9360, Ensemble Accuracy = 0.9329, Bits = 13.16 MB, Time = 8.54s
Round  70: Avg Test Accuracy = 0.9422, Ensemble Accuracy = 0.9360, Bits = 15.32 MB, Time = 9.78s

Results saved to results/sheaf_fmtl_har_gamma1.0_lambda1.0_eta0.05_seed42.json

Training completed!
Final average test accuracy: 0.9492
Final ensemble accuracy:     0.9379
Total communication: 17.26 MB
Total time: 10.91 seconds
=== lambda_reg=1.0, eta=0.1, seed=42 ===
Preparing HAR dataset...
Loading HAR dataset...
Warning: data/task_index.npy not found. Creating synthetic client assignment.
Client 0: Train samples = 3861, Test samples = 1288
Client 1: Train samples = 772, Test samples = 258
Dataset info: {'input_size': 561, 'num_classes': 6, 'num_clients': 2}
Generating erdos_renyi communication graph...
Graph statistics: {'num_nodes': 2, 'num_edges': 1, 'avg_degree': 1.0, 'max_degree': 1, 'min_degree': 1, 'diameter': 1, 'avg_clustering': 0.0, 'is_connected': True}
Initializing client models...
Initializing Sheaf-FMTL algorithm...
Using device: cuda

Starting training for 80 rounds...
Communication bits per round: 215,808
Number of parameters: 3372
Round   0: Avg Test Accuracy = 0.5730, Ensemble Accuracy = 0.6334, Bits = 0.22 MB, Time = 1.18s
Round  10: Avg Test Accuracy = 0.8627, Ensemble Accuracy = 0.8891, Bits = 2.37 MB, Time = 2.37s
Round  20: Avg Test Accuracy = 0.9011, Ensemble Accuracy = 0.9073, Bits = 4.53 MB, Time = 3.10s
Round  30: Avg Test Accuracy = 0.9333, Ensemble Accuracy = 0.9216, Bits = 6.69 MB, Time = 4.17s
Round  40: Avg Test Accuracy = 0.9321, Ensemble Accuracy = 0.9236, Bits = 8.85 MB, Time = 5.44s
Round  50: Avg Test Accuracy = 0.9410, Ensemble Accuracy = 0.9247, Bits = 11.01 MB, Time = 6.72s
Round  60: Avg Test Accuracy = 0.9360, Ensemble Accuracy = 0.9325, Bits = 13.16 MB, Time = 8.01s
Round  70: Avg Test Accuracy = 0.9422, Ensemble Accuracy = 0.9360, Bits = 15.32 MB, Time = 9.29s

Results saved to results/sheaf_fmtl_har_gamma1.0_lambda1.0_eta0.1_seed42.json

Training completed!
Final average test accuracy: 0.9492
Final ensemble accuracy:     0.9379
Total communication: 17.26 MB
Total time: 10.39 seconds
=== lambda_reg=5.0, eta=0.0, seed=42 ===
Preparing HAR dataset...
Loading HAR dataset...
Warning: data/task_index.npy not found. Creating synthetic client assignment.
Client 0: Train samples = 3861, Test samples = 1288
Client 1: Train samples = 772, Test samples = 258
Dataset info: {'input_size': 561, 'num_classes': 6, 'num_clients': 2}
Generating erdos_renyi communication graph...
Graph statistics: {'num_nodes': 2, 'num_edges': 1, 'avg_degree': 1.0, 'max_degree': 1, 'min_degree': 1, 'diameter': 1, 'avg_clustering': 0.0, 'is_connected': True}
Initializing client models...
Initializing Sheaf-FMTL algorithm...
Using device: cuda

Starting training for 80 rounds...
Communication bits per round: 215,808
Number of parameters: 3372
Round   0: Avg Test Accuracy = 0.5726, Ensemble Accuracy = 0.6334, Bits = 0.22 MB, Time = 1.58s
Round  10: Avg Test Accuracy = 0.8802, Ensemble Accuracy = 0.8922, Bits = 2.37 MB, Time = 2.89s
Round  20: Avg Test Accuracy = 0.9112, Ensemble Accuracy = 0.9061, Bits = 4.53 MB, Time = 4.16s
Round  30: Avg Test Accuracy = 0.9267, Ensemble Accuracy = 0.9193, Bits = 6.69 MB, Time = 5.39s
Round  40: Avg Test Accuracy = 0.9290, Ensemble Accuracy = 0.9220, Bits = 8.85 MB, Time = 6.65s
Round  50: Avg Test Accuracy = 0.9348, Ensemble Accuracy = 0.9263, Bits = 11.01 MB, Time = 7.95s
Round  60: Avg Test Accuracy = 0.9387, Ensemble Accuracy = 0.9329, Bits = 13.16 MB, Time = 9.20s
Round  70: Avg Test Accuracy = 0.9430, Ensemble Accuracy = 0.9352, Bits = 15.32 MB, Time = 9.94s

Results saved to results/sheaf_fmtl_har_gamma1.0_lambda5.0_eta0.0_seed42.json

Training completed!
Final average test accuracy: 0.9449
Final ensemble accuracy:     0.9430
Total communication: 17.26 MB
Total time: 10.77 seconds
=== lambda_reg=5.0, eta=0.001, seed=42 ===
Preparing HAR dataset...
Loading HAR dataset...
Warning: data/task_index.npy not found. Creating synthetic client assignment.
Client 0: Train samples = 3861, Test samples = 1288
Client 1: Train samples = 772, Test samples = 258
Dataset info: {'input_size': 561, 'num_classes': 6, 'num_clients': 2}
Generating erdos_renyi communication graph...
Graph statistics: {'num_nodes': 2, 'num_edges': 1, 'avg_degree': 1.0, 'max_degree': 1, 'min_degree': 1, 'diameter': 1, 'avg_clustering': 0.0, 'is_connected': True}
Initializing client models...
Initializing Sheaf-FMTL algorithm...
Using device: cuda

Starting training for 80 rounds...
Communication bits per round: 215,808
Number of parameters: 3372
Round   0: Avg Test Accuracy = 0.5726, Ensemble Accuracy = 0.6334, Bits = 0.22 MB, Time = 1.18s
Round  10: Avg Test Accuracy = 0.8782, Ensemble Accuracy = 0.8914, Bits = 2.37 MB, Time = 2.43s
Round  20: Avg Test Accuracy = 0.9119, Ensemble Accuracy = 0.9053, Bits = 4.53 MB, Time = 3.71s
Round  30: Avg Test Accuracy = 0.9259, Ensemble Accuracy = 0.9189, Bits = 6.69 MB, Time = 4.99s
Round  40: Avg Test Accuracy = 0.9263, Ensemble Accuracy = 0.9228, Bits = 8.85 MB, Time = 6.26s
Round  50: Avg Test Accuracy = 0.9329, Ensemble Accuracy = 0.9244, Bits = 11.01 MB, Time = 7.55s
Round  60: Avg Test Accuracy = 0.9360, Ensemble Accuracy = 0.9333, Bits = 13.16 MB, Time = 8.81s
Round  70: Avg Test Accuracy = 0.9441, Ensemble Accuracy = 0.9372, Bits = 15.32 MB, Time = 10.09s

Results saved to results/sheaf_fmtl_har_gamma1.0_lambda5.0_eta0.001_seed42.json

Training completed!
Final average test accuracy: 0.9507
Final ensemble accuracy:     0.9391
Total communication: 17.26 MB
Total time: 11.18 seconds
=== lambda_reg=5.0, eta=0.005, seed=42 ===
Preparing HAR dataset...
Loading HAR dataset...
Warning: data/task_index.npy not found. Creating synthetic client assignment.
Client 0: Train samples = 3861, Test samples = 1288
Client 1: Train samples = 772, Test samples = 258
Dataset info: {'input_size': 561, 'num_classes': 6, 'num_clients': 2}
Generating erdos_renyi communication graph...
Graph statistics: {'num_nodes': 2, 'num_edges': 1, 'avg_degree': 1.0, 'max_degree': 1, 'min_degree': 1, 'diameter': 1, 'avg_clustering': 0.0, 'is_connected': True}
Initializing client models...
Initializing Sheaf-FMTL algorithm...
Using device: cuda

Starting training for 80 rounds...
Communication bits per round: 215,808
Number of parameters: 3372
Round   0: Avg Test Accuracy = 0.5726, Ensemble Accuracy = 0.6334, Bits = 0.22 MB, Time = 1.28s
Round  10: Avg Test Accuracy = 0.8763, Ensemble Accuracy = 0.8894, Bits = 2.37 MB, Time = 2.56s
Round  20: Avg Test Accuracy = 0.9050, Ensemble Accuracy = 0.9077, Bits = 4.53 MB, Time = 3.80s
Round  30: Avg Test Accuracy = 0.9282, Ensemble Accuracy = 0.9193, Bits = 6.69 MB, Time = 5.05s
Round  40: Avg Test Accuracy = 0.9310, Ensemble Accuracy = 0.9224, Bits = 8.85 MB, Time = 6.30s
Round  50: Avg Test Accuracy = 0.9383, Ensemble Accuracy = 0.9247, Bits = 11.01 MB, Time = 7.55s
Round  60: Avg Test Accuracy = 0.9395, Ensemble Accuracy = 0.9329, Bits = 13.16 MB, Time = 8.82s
Round  70: Avg Test Accuracy = 0.9461, Ensemble Accuracy = 0.9364, Bits = 15.32 MB, Time = 10.08s

Results saved to results/sheaf_fmtl_har_gamma1.0_lambda5.0_eta0.005_seed42.json

Training completed!
Final average test accuracy: 0.9507
Final ensemble accuracy:     0.9360
Total communication: 17.26 MB
Total time: 11.19 seconds
=== lambda_reg=5.0, eta=0.01, seed=42 ===
Preparing HAR dataset...
Loading HAR dataset...
Warning: data/task_index.npy not found. Creating synthetic client assignment.
Client 0: Train samples = 3861, Test samples = 1288
Client 1: Train samples = 772, Test samples = 258
Dataset info: {'input_size': 561, 'num_classes': 6, 'num_clients': 2}
Generating erdos_renyi communication graph...
Graph statistics: {'num_nodes': 2, 'num_edges': 1, 'avg_degree': 1.0, 'max_degree': 1, 'min_degree': 1, 'diameter': 1, 'avg_clustering': 0.0, 'is_connected': True}
Initializing client models...
Initializing Sheaf-FMTL algorithm...
Using device: cuda

Starting training for 80 rounds...
Communication bits per round: 215,808
Number of parameters: 3372
Round   0: Avg Test Accuracy = 0.5726, Ensemble Accuracy = 0.6334, Bits = 0.22 MB, Time = 1.24s
Round  10: Avg Test Accuracy = 0.8685, Ensemble Accuracy = 0.8894, Bits = 2.37 MB, Time = 2.53s
Round  20: Avg Test Accuracy = 0.9030, Ensemble Accuracy = 0.9077, Bits = 4.53 MB, Time = 3.80s
Round  30: Avg Test Accuracy = 0.9282, Ensemble Accuracy = 0.9193, Bits = 6.69 MB, Time = 5.04s
Round  40: Avg Test Accuracy = 0.9317, Ensemble Accuracy = 0.9224, Bits = 8.85 MB, Time = 6.30s
Round  50: Avg Test Accuracy = 0.9410, Ensemble Accuracy = 0.9244, Bits = 11.01 MB, Time = 7.57s
Round  60: Avg Test Accuracy = 0.9376, Ensemble Accuracy = 0.9329, Bits = 13.16 MB, Time = 8.86s
Round  70: Avg Test Accuracy = 0.9441, Ensemble Accuracy = 0.9337, Bits = 15.32 MB, Time = 10.10s

Results saved to results/sheaf_fmtl_har_gamma1.0_lambda5.0_eta0.01_seed42.json

Training completed!
Final average test accuracy: 0.9507
Final ensemble accuracy:     0.9360
Total communication: 17.26 MB
Total time: 11.24 seconds
=== lambda_reg=5.0, eta=0.05, seed=42 ===
Preparing HAR dataset...
Loading HAR dataset...
Warning: data/task_index.npy not found. Creating synthetic client assignment.
Client 0: Train samples = 3861, Test samples = 1288
Client 1: Train samples = 772, Test samples = 258
Dataset info: {'input_size': 561, 'num_classes': 6, 'num_clients': 2}
Generating erdos_renyi communication graph...
Graph statistics: {'num_nodes': 2, 'num_edges': 1, 'avg_degree': 1.0, 'max_degree': 1, 'min_degree': 1, 'diameter': 1, 'avg_clustering': 0.0, 'is_connected': True}
Initializing client models...
Initializing Sheaf-FMTL algorithm...
Using device: cuda

Starting training for 80 rounds...
Communication bits per round: 215,808
Number of parameters: 3372
Round   0: Avg Test Accuracy = 0.5726, Ensemble Accuracy = 0.6330, Bits = 0.22 MB, Time = 1.55s
Round  10: Avg Test Accuracy = 0.8627, Ensemble Accuracy = 0.8902, Bits = 2.37 MB, Time = 2.77s
Round  20: Avg Test Accuracy = 0.8995, Ensemble Accuracy = 0.9073, Bits = 4.53 MB, Time = 4.03s
Round  30: Avg Test Accuracy = 0.9275, Ensemble Accuracy = 0.9193, Bits = 6.69 MB, Time = 5.31s
Round  40: Avg Test Accuracy = 0.9294, Ensemble Accuracy = 0.9193, Bits = 8.85 MB, Time = 6.58s
Round  50: Avg Test Accuracy = 0.1773, Ensemble Accuracy = 0.1773, Bits = 11.01 MB, Time = 7.88s
Round  60: Avg Test Accuracy = 0.1773, Ensemble Accuracy = 0.1773, Bits = 13.16 MB, Time = 9.15s
Round  70: Avg Test Accuracy = 0.1773, Ensemble Accuracy = 0.1773, Bits = 15.32 MB, Time = 10.37s

Results saved to results/sheaf_fmtl_har_gamma1.0_lambda5.0_eta0.05_seed42.json

Training completed!
Final average test accuracy: 0.1773
Final ensemble accuracy:     0.1773
Total communication: 17.26 MB
Total time: 11.52 seconds
=== lambda_reg=5.0, eta=0.1, seed=42 ===
Preparing HAR dataset...
Loading HAR dataset...
Warning: data/task_index.npy not found. Creating synthetic client assignment.
Client 0: Train samples = 3861, Test samples = 1288
Client 1: Train samples = 772, Test samples = 258
Dataset info: {'input_size': 561, 'num_classes': 6, 'num_clients': 2}
Generating erdos_renyi communication graph...
Graph statistics: {'num_nodes': 2, 'num_edges': 1, 'avg_degree': 1.0, 'max_degree': 1, 'min_degree': 1, 'diameter': 1, 'avg_clustering': 0.0, 'is_connected': True}
Initializing client models...
Initializing Sheaf-FMTL algorithm...
Using device: cuda

Starting training for 80 rounds...
Communication bits per round: 215,808
Number of parameters: 3372
Round   0: Avg Test Accuracy = 0.5688, Ensemble Accuracy = 0.6326, Bits = 0.22 MB, Time = 1.22s
Round  10: Avg Test Accuracy = 0.8429, Ensemble Accuracy = 0.8875, Bits = 2.37 MB, Time = 2.49s
Round  20: Avg Test Accuracy = 0.1773, Ensemble Accuracy = 0.1773, Bits = 4.53 MB, Time = 3.70s
Round  30: Avg Test Accuracy = 0.1773, Ensemble Accuracy = 0.1773, Bits = 6.69 MB, Time = 4.96s
Round  40: Avg Test Accuracy = 0.1773, Ensemble Accuracy = 0.1773, Bits = 8.85 MB, Time = 6.22s
Round  50: Avg Test Accuracy = 0.1773, Ensemble Accuracy = 0.1773, Bits = 11.01 MB, Time = 7.08s
Round  60: Avg Test Accuracy = 0.1773, Ensemble Accuracy = 0.1773, Bits = 13.16 MB, Time = 7.86s
Round  70: Avg Test Accuracy = 0.1773, Ensemble Accuracy = 0.1773, Bits = 15.32 MB, Time = 9.12s

Results saved to results/sheaf_fmtl_har_gamma1.0_lambda5.0_eta0.1_seed42.json

Training completed!
Final average test accuracy: 0.1773
Final ensemble accuracy:     0.1773
Total communication: 17.26 MB
Total time: 10.25 seconds
=== lambda_reg=10.0, eta=0.0, seed=42 ===
Preparing HAR dataset...
Loading HAR dataset...
Warning: data/task_index.npy not found. Creating synthetic client assignment.
Client 0: Train samples = 3861, Test samples = 1288
Client 1: Train samples = 772, Test samples = 258
Dataset info: {'input_size': 561, 'num_classes': 6, 'num_clients': 2}
Generating erdos_renyi communication graph...
Graph statistics: {'num_nodes': 2, 'num_edges': 1, 'avg_degree': 1.0, 'max_degree': 1, 'min_degree': 1, 'diameter': 1, 'avg_clustering': 0.0, 'is_connected': True}
Initializing client models...
Initializing Sheaf-FMTL algorithm...
Using device: cuda

Starting training for 80 rounds...
Communication bits per round: 215,808
Number of parameters: 3372
Round   0: Avg Test Accuracy = 0.5722, Ensemble Accuracy = 0.6299, Bits = 0.22 MB, Time = 1.30s
Round  10: Avg Test Accuracy = 0.8891, Ensemble Accuracy = 0.8945, Bits = 2.37 MB, Time = 2.57s
Round  20: Avg Test Accuracy = 0.9150, Ensemble Accuracy = 0.9081, Bits = 4.53 MB, Time = 3.81s
Round  30: Avg Test Accuracy = 0.9247, Ensemble Accuracy = 0.9181, Bits = 6.69 MB, Time = 5.03s
Round  40: Avg Test Accuracy = 0.9306, Ensemble Accuracy = 0.9216, Bits = 8.85 MB, Time = 6.29s
Round  50: Avg Test Accuracy = 0.9348, Ensemble Accuracy = 0.9263, Bits = 11.01 MB, Time = 7.55s
Round  60: Avg Test Accuracy = 0.9352, Ensemble Accuracy = 0.9352, Bits = 13.16 MB, Time = 8.80s
Round  70: Avg Test Accuracy = 0.9391, Ensemble Accuracy = 0.9352, Bits = 15.32 MB, Time = 10.02s

Results saved to results/sheaf_fmtl_har_gamma1.0_lambda10.0_eta0.0_seed42.json

Training completed!
Final average test accuracy: 0.9434
Final ensemble accuracy:     0.9410
Total communication: 17.26 MB
Total time: 11.10 seconds
=== lambda_reg=10.0, eta=0.001, seed=42 ===
Preparing HAR dataset...
Loading HAR dataset...
Warning: data/task_index.npy not found. Creating synthetic client assignment.
Client 0: Train samples = 3861, Test samples = 1288
Client 1: Train samples = 772, Test samples = 258
Dataset info: {'input_size': 561, 'num_classes': 6, 'num_clients': 2}
Generating erdos_renyi communication graph...
Graph statistics: {'num_nodes': 2, 'num_edges': 1, 'avg_degree': 1.0, 'max_degree': 1, 'min_degree': 1, 'diameter': 1, 'avg_clustering': 0.0, 'is_connected': True}
Initializing client models...
Initializing Sheaf-FMTL algorithm...
Using device: cuda

Starting training for 80 rounds...
Communication bits per round: 215,808
Number of parameters: 3372
Round   0: Avg Test Accuracy = 0.5722, Ensemble Accuracy = 0.6299, Bits = 0.22 MB, Time = 1.19s
Round  10: Avg Test Accuracy = 0.8840, Ensemble Accuracy = 0.8945, Bits = 2.37 MB, Time = 2.43s
Round  20: Avg Test Accuracy = 0.9131, Ensemble Accuracy = 0.9053, Bits = 4.53 MB, Time = 3.63s
Round  30: Avg Test Accuracy = 0.9244, Ensemble Accuracy = 0.9189, Bits = 6.69 MB, Time = 4.86s
Round  40: Avg Test Accuracy = 0.9255, Ensemble Accuracy = 0.9220, Bits = 8.85 MB, Time = 6.11s
Round  50: Avg Test Accuracy = 0.9325, Ensemble Accuracy = 0.9244, Bits = 11.01 MB, Time = 7.32s
Round  60: Avg Test Accuracy = 0.9356, Ensemble Accuracy = 0.9329, Bits = 13.16 MB, Time = 8.58s
Round  70: Avg Test Accuracy = 0.9438, Ensemble Accuracy = 0.9372, Bits = 15.32 MB, Time = 9.79s

Results saved to results/sheaf_fmtl_har_gamma1.0_lambda10.0_eta0.001_seed42.json

Training completed!
Final average test accuracy: 0.9515
Final ensemble accuracy:     0.9372
Total communication: 17.26 MB
Total time: 10.95 seconds
=== lambda_reg=10.0, eta=0.005, seed=42 ===
Preparing HAR dataset...
Loading HAR dataset...
Warning: data/task_index.npy not found. Creating synthetic client assignment.
Client 0: Train samples = 3861, Test samples = 1288
Client 1: Train samples = 772, Test samples = 258
Dataset info: {'input_size': 561, 'num_classes': 6, 'num_clients': 2}
Generating erdos_renyi communication graph...
Graph statistics: {'num_nodes': 2, 'num_edges': 1, 'avg_degree': 1.0, 'max_degree': 1, 'min_degree': 1, 'diameter': 1, 'avg_clustering': 0.0, 'is_connected': True}
Initializing client models...
Initializing Sheaf-FMTL algorithm...
Using device: cuda

Starting training for 80 rounds...
Communication bits per round: 215,808
Number of parameters: 3372
Round   0: Avg Test Accuracy = 0.5722, Ensemble Accuracy = 0.6295, Bits = 0.22 MB, Time = 1.77s
Round  10: Avg Test Accuracy = 0.8767, Ensemble Accuracy = 0.8922, Bits = 2.37 MB, Time = 2.95s
Round  20: Avg Test Accuracy = 0.9065, Ensemble Accuracy = 0.9073, Bits = 4.53 MB, Time = 4.18s
Round  30: Avg Test Accuracy = 0.9282, Ensemble Accuracy = 0.9193, Bits = 6.69 MB, Time = 5.35s
Round  40: Avg Test Accuracy = 0.9302, Ensemble Accuracy = 0.9197, Bits = 8.85 MB, Time = 6.51s
Round  50: Avg Test Accuracy = 0.9372, Ensemble Accuracy = 0.9244, Bits = 11.01 MB, Time = 7.74s
Round  60: Avg Test Accuracy = 0.9372, Ensemble Accuracy = 0.9329, Bits = 13.16 MB, Time = 8.93s
Round  70: Avg Test Accuracy = 0.9453, Ensemble Accuracy = 0.9329, Bits = 15.32 MB, Time = 10.15s

Results saved to results/sheaf_fmtl_har_gamma1.0_lambda10.0_eta0.005_seed42.json

Training completed!
Final average test accuracy: 0.9507
Final ensemble accuracy:     0.9360
Total communication: 17.26 MB
Total time: 11.16 seconds
=== lambda_reg=10.0, eta=0.01, seed=42 ===
Preparing HAR dataset...
Loading HAR dataset...
Warning: data/task_index.npy not found. Creating synthetic client assignment.
Client 0: Train samples = 3861, Test samples = 1288
Client 1: Train samples = 772, Test samples = 258
Dataset info: {'input_size': 561, 'num_classes': 6, 'num_clients': 2}
Generating erdos_renyi communication graph...
Graph statistics: {'num_nodes': 2, 'num_edges': 1, 'avg_degree': 1.0, 'max_degree': 1, 'min_degree': 1, 'diameter': 1, 'avg_clustering': 0.0, 'is_connected': True}
Initializing client models...
Initializing Sheaf-FMTL algorithm...
Using device: cuda

Starting training for 80 rounds...
Communication bits per round: 215,808
Number of parameters: 3372
Round   0: Avg Test Accuracy = 0.5722, Ensemble Accuracy = 0.6295, Bits = 0.22 MB, Time = 1.17s
Round  10: Avg Test Accuracy = 0.8716, Ensemble Accuracy = 0.8922, Bits = 2.37 MB, Time = 1.97s
Round  20: Avg Test Accuracy = 0.9026, Ensemble Accuracy = 0.9073, Bits = 4.53 MB, Time = 3.18s
Round  30: Avg Test Accuracy = 0.9282, Ensemble Accuracy = 0.9174, Bits = 6.69 MB, Time = 4.43s
Round  40: Avg Test Accuracy = 0.9313, Ensemble Accuracy = 0.9197, Bits = 8.85 MB, Time = 5.65s
Round  50: Avg Test Accuracy = 0.9414, Ensemble Accuracy = 0.9244, Bits = 11.01 MB, Time = 6.88s
Round  60: Avg Test Accuracy = 0.9356, Ensemble Accuracy = 0.9317, Bits = 13.16 MB, Time = 8.12s
Round  70: Avg Test Accuracy = 0.9434, Ensemble Accuracy = 0.9325, Bits = 15.32 MB, Time = 9.36s

Results saved to results/sheaf_fmtl_har_gamma1.0_lambda10.0_eta0.01_seed42.json

Training completed!
Final average test accuracy: 0.9488
Final ensemble accuracy:     0.9352
Total communication: 17.26 MB
Total time: 10.42 seconds
=== lambda_reg=10.0, eta=0.05, seed=42 ===
Preparing HAR dataset...
Loading HAR dataset...
Warning: data/task_index.npy not found. Creating synthetic client assignment.
Client 0: Train samples = 3861, Test samples = 1288
Client 1: Train samples = 772, Test samples = 258
Dataset info: {'input_size': 561, 'num_classes': 6, 'num_clients': 2}
Generating erdos_renyi communication graph...
Graph statistics: {'num_nodes': 2, 'num_edges': 1, 'avg_degree': 1.0, 'max_degree': 1, 'min_degree': 1, 'diameter': 1, 'avg_clustering': 0.0, 'is_connected': True}
Initializing client models...
Initializing Sheaf-FMTL algorithm...
Using device: cuda

Starting training for 80 rounds...
Communication bits per round: 215,808
Number of parameters: 3372
Round   0: Avg Test Accuracy = 0.5645, Ensemble Accuracy = 0.6280, Bits = 0.22 MB, Time = 1.21s
Round  10: Avg Test Accuracy = 0.8406, Ensemble Accuracy = 0.8867, Bits = 2.37 MB, Time = 2.42s
Round  20: Avg Test Accuracy = 0.1773, Ensemble Accuracy = 0.1773, Bits = 4.53 MB, Time = 3.58s
Round  30: Avg Test Accuracy = 0.1773, Ensemble Accuracy = 0.1773, Bits = 6.69 MB, Time = 4.48s
Round  40: Avg Test Accuracy = 0.1773, Ensemble Accuracy = 0.1773, Bits = 8.85 MB, Time = 5.22s
Round  50: Avg Test Accuracy = 0.1773, Ensemble Accuracy = 0.1773, Bits = 11.01 MB, Time = 6.47s
Round  60: Avg Test Accuracy = 0.1773, Ensemble Accuracy = 0.1773, Bits = 13.16 MB, Time = 7.70s
Round  70: Avg Test Accuracy = 0.1773, Ensemble Accuracy = 0.1773, Bits = 15.32 MB, Time = 8.88s

Results saved to results/sheaf_fmtl_har_gamma1.0_lambda10.0_eta0.05_seed42.json

Training completed!
Final average test accuracy: 0.1773
Final ensemble accuracy:     0.1773
Total communication: 17.26 MB
Total time: 9.98 seconds
=== lambda_reg=10.0, eta=0.1, seed=42 ===
Preparing HAR dataset...
Loading HAR dataset...
Warning: data/task_index.npy not found. Creating synthetic client assignment.
Client 0: Train samples = 3861, Test samples = 1288
Client 1: Train samples = 772, Test samples = 258
Dataset info: {'input_size': 561, 'num_classes': 6, 'num_clients': 2}
Generating erdos_renyi communication graph...
Graph statistics: {'num_nodes': 2, 'num_edges': 1, 'avg_degree': 1.0, 'max_degree': 1, 'min_degree': 1, 'diameter': 1, 'avg_clustering': 0.0, 'is_connected': True}
Initializing client models...
Initializing Sheaf-FMTL algorithm...
Using device: cuda

Starting training for 80 rounds...
Communication bits per round: 215,808
Number of parameters: 3372
Round   0: Avg Test Accuracy = 0.5509, Ensemble Accuracy = 0.6315, Bits = 0.22 MB, Time = 1.11s
Round  10: Avg Test Accuracy = 0.1773, Ensemble Accuracy = 0.1773, Bits = 2.37 MB, Time = 2.05s
Round  20: Avg Test Accuracy = 0.1773, Ensemble Accuracy = 0.1773, Bits = 4.53 MB, Time = 3.28s
Round  30: Avg Test Accuracy = 0.1773, Ensemble Accuracy = 0.1773, Bits = 6.69 MB, Time = 4.45s
Round  40: Avg Test Accuracy = 0.1773, Ensemble Accuracy = 0.1773, Bits = 8.85 MB, Time = 5.63s
Round  50: Avg Test Accuracy = 0.1773, Ensemble Accuracy = 0.1773, Bits = 11.01 MB, Time = 6.84s
Round  60: Avg Test Accuracy = 0.1773, Ensemble Accuracy = 0.1773, Bits = 13.16 MB, Time = 7.69s
Round  70: Avg Test Accuracy = 0.1773, Ensemble Accuracy = 0.1773, Bits = 15.32 MB, Time = 8.46s

Results saved to results/sheaf_fmtl_har_gamma1.0_lambda10.0_eta0.1_seed42.json

Training completed!
Final average test accuracy: 0.1773
Final ensemble accuracy:     0.1773
Total communication: 17.26 MB
Total time: 9.61 seconds
=== lambda_reg=20.0, eta=0.0, seed=42 ===
Preparing HAR dataset...
Loading HAR dataset...
Warning: data/task_index.npy not found. Creating synthetic client assignment.
Client 0: Train samples = 3861, Test samples = 1288
Client 1: Train samples = 772, Test samples = 258
Dataset info: {'input_size': 561, 'num_classes': 6, 'num_clients': 2}
Generating erdos_renyi communication graph...
Graph statistics: {'num_nodes': 2, 'num_edges': 1, 'avg_degree': 1.0, 'max_degree': 1, 'min_degree': 1, 'diameter': 1, 'avg_clustering': 0.0, 'is_connected': True}
Initializing client models...
Initializing Sheaf-FMTL algorithm...
Using device: cuda

Starting training for 80 rounds...
Communication bits per round: 215,808
Number of parameters: 3372
Round   0: Avg Test Accuracy = 0.5773, Ensemble Accuracy = 0.6307, Bits = 0.22 MB, Time = 1.74s
Round  10: Avg Test Accuracy = 0.8887, Ensemble Accuracy = 0.8918, Bits = 2.37 MB, Time = 3.03s
Round  20: Avg Test Accuracy = 0.9092, Ensemble Accuracy = 0.9065, Bits = 4.53 MB, Time = 4.28s
Round  30: Avg Test Accuracy = 0.9220, Ensemble Accuracy = 0.9174, Bits = 6.69 MB, Time = 5.53s
Round  40: Avg Test Accuracy = 0.9298, Ensemble Accuracy = 0.9212, Bits = 8.85 MB, Time = 6.78s
Round  50: Avg Test Accuracy = 0.9302, Ensemble Accuracy = 0.9282, Bits = 11.01 MB, Time = 8.04s
Round  60: Avg Test Accuracy = 0.9344, Ensemble Accuracy = 0.9325, Bits = 13.16 MB, Time = 9.27s
Round  70: Avg Test Accuracy = 0.9368, Ensemble Accuracy = 0.9356, Bits = 15.32 MB, Time = 10.52s

Results saved to results/sheaf_fmtl_har_gamma1.0_lambda20.0_eta0.0_seed42.json

Training completed!
Final average test accuracy: 0.9426
Final ensemble accuracy:     0.9406
Total communication: 17.26 MB
Total time: 11.68 seconds
=== lambda_reg=20.0, eta=0.001, seed=42 ===
Preparing HAR dataset...
Loading HAR dataset...
Warning: data/task_index.npy not found. Creating synthetic client assignment.
Client 0: Train samples = 3861, Test samples = 1288
Client 1: Train samples = 772, Test samples = 258
Dataset info: {'input_size': 561, 'num_classes': 6, 'num_clients': 2}
Generating erdos_renyi communication graph...
Graph statistics: {'num_nodes': 2, 'num_edges': 1, 'avg_degree': 1.0, 'max_degree': 1, 'min_degree': 1, 'diameter': 1, 'avg_clustering': 0.0, 'is_connected': True}
Initializing client models...
Initializing Sheaf-FMTL algorithm...
Using device: cuda

Starting training for 80 rounds...
Communication bits per round: 215,808
Number of parameters: 3372
Round   0: Avg Test Accuracy = 0.5773, Ensemble Accuracy = 0.6303, Bits = 0.22 MB, Time = 1.17s
Round  10: Avg Test Accuracy = 0.8871, Ensemble Accuracy = 0.8941, Bits = 2.37 MB, Time = 2.48s
Round  20: Avg Test Accuracy = 0.9104, Ensemble Accuracy = 0.9069, Bits = 4.53 MB, Time = 3.78s
Round  30: Avg Test Accuracy = 0.9220, Ensemble Accuracy = 0.9170, Bits = 6.69 MB, Time = 5.06s
Round  40: Avg Test Accuracy = 0.9271, Ensemble Accuracy = 0.9220, Bits = 8.85 MB, Time = 6.36s
Round  50: Avg Test Accuracy = 0.9317, Ensemble Accuracy = 0.9240, Bits = 11.01 MB, Time = 7.63s
Round  60: Avg Test Accuracy = 0.9337, Ensemble Accuracy = 0.9321, Bits = 13.16 MB, Time = 8.89s
Round  70: Avg Test Accuracy = 0.9434, Ensemble Accuracy = 0.9344, Bits = 15.32 MB, Time = 10.17s

Results saved to results/sheaf_fmtl_har_gamma1.0_lambda20.0_eta0.001_seed42.json

Training completed!
Final average test accuracy: 0.9503
Final ensemble accuracy:     0.9372
Total communication: 17.26 MB
Total time: 11.27 seconds
=== lambda_reg=20.0, eta=0.005, seed=42 ===
Preparing HAR dataset...
Loading HAR dataset...
Warning: data/task_index.npy not found. Creating synthetic client assignment.
Client 0: Train samples = 3861, Test samples = 1288
Client 1: Train samples = 772, Test samples = 258
Dataset info: {'input_size': 561, 'num_classes': 6, 'num_clients': 2}
Generating erdos_renyi communication graph...
Graph statistics: {'num_nodes': 2, 'num_edges': 1, 'avg_degree': 1.0, 'max_degree': 1, 'min_degree': 1, 'diameter': 1, 'avg_clustering': 0.0, 'is_connected': True}
Initializing client models...
Initializing Sheaf-FMTL algorithm...
Using device: cuda

Starting training for 80 rounds...
Communication bits per round: 215,808
Number of parameters: 3372
Round   0: Avg Test Accuracy = 0.5734, Ensemble Accuracy = 0.6307, Bits = 0.22 MB, Time = 1.25s
Round  10: Avg Test Accuracy = 0.8763, Ensemble Accuracy = 0.8926, Bits = 2.37 MB, Time = 2.02s
Round  20: Avg Test Accuracy = 0.9019, Ensemble Accuracy = 0.9069, Bits = 4.53 MB, Time = 2.88s
Round  30: Avg Test Accuracy = 0.9240, Ensemble Accuracy = 0.9158, Bits = 6.69 MB, Time = 4.17s
Round  40: Avg Test Accuracy = 0.9263, Ensemble Accuracy = 0.9205, Bits = 8.85 MB, Time = 5.44s
Round  50: Avg Test Accuracy = 0.9376, Ensemble Accuracy = 0.9236, Bits = 11.01 MB, Time = 6.68s
Round  60: Avg Test Accuracy = 0.9352, Ensemble Accuracy = 0.9309, Bits = 13.16 MB, Time = 7.96s
Round  70: Avg Test Accuracy = 0.9457, Ensemble Accuracy = 0.9298, Bits = 15.32 MB, Time = 9.21s

Results saved to results/sheaf_fmtl_har_gamma1.0_lambda20.0_eta0.005_seed42.json

Training completed!
Final average test accuracy: 0.9492
Final ensemble accuracy:     0.9329
Total communication: 17.26 MB
Total time: 10.33 seconds
=== lambda_reg=20.0, eta=0.01, seed=42 ===
Preparing HAR dataset...
Loading HAR dataset...
Warning: data/task_index.npy not found. Creating synthetic client assignment.
Client 0: Train samples = 3861, Test samples = 1288
Client 1: Train samples = 772, Test samples = 258
Dataset info: {'input_size': 561, 'num_classes': 6, 'num_clients': 2}
Generating erdos_renyi communication graph...
Graph statistics: {'num_nodes': 2, 'num_edges': 1, 'avg_degree': 1.0, 'max_degree': 1, 'min_degree': 1, 'diameter': 1, 'avg_clustering': 0.0, 'is_connected': True}
Initializing client models...
Initializing Sheaf-FMTL algorithm...
Using device: cuda

Starting training for 80 rounds...
Communication bits per round: 215,808
Number of parameters: 3372
Round   0: Avg Test Accuracy = 0.5715, Ensemble Accuracy = 0.6288, Bits = 0.22 MB, Time = 1.19s
Round  10: Avg Test Accuracy = 0.8743, Ensemble Accuracy = 0.8906, Bits = 2.37 MB, Time = 2.48s
Round  20: Avg Test Accuracy = 0.9007, Ensemble Accuracy = 0.9077, Bits = 4.53 MB, Time = 3.73s
Round  30: Avg Test Accuracy = 0.9205, Ensemble Accuracy = 0.9158, Bits = 6.69 MB, Time = 4.70s
Round  40: Avg Test Accuracy = 0.9259, Ensemble Accuracy = 0.9193, Bits = 8.85 MB, Time = 5.42s
Round  50: Avg Test Accuracy = 0.9341, Ensemble Accuracy = 0.9236, Bits = 11.01 MB, Time = 6.64s
Round  60: Avg Test Accuracy = 0.9283, Ensemble Accuracy = 0.9178, Bits = 13.16 MB, Time = 7.89s
Round  70: Avg Test Accuracy = 0.1773, Ensemble Accuracy = 0.1773, Bits = 15.32 MB, Time = 9.15s

Results saved to results/sheaf_fmtl_har_gamma1.0_lambda20.0_eta0.01_seed42.json

Training completed!
Final average test accuracy: 0.1773
Final ensemble accuracy:     0.1773
Total communication: 17.26 MB
Total time: 10.31 seconds
=== lambda_reg=20.0, eta=0.05, seed=42 ===
Preparing HAR dataset...
Loading HAR dataset...
Warning: data/task_index.npy not found. Creating synthetic client assignment.
Client 0: Train samples = 3861, Test samples = 1288
Client 1: Train samples = 772, Test samples = 258
Dataset info: {'input_size': 561, 'num_classes': 6, 'num_clients': 2}
Generating erdos_renyi communication graph...
Graph statistics: {'num_nodes': 2, 'num_edges': 1, 'avg_degree': 1.0, 'max_degree': 1, 'min_degree': 1, 'diameter': 1, 'avg_clustering': 0.0, 'is_connected': True}
Initializing client models...
Initializing Sheaf-FMTL algorithm...
Using device: cuda

Starting training for 80 rounds...
Communication bits per round: 215,808
Number of parameters: 3372
Round   0: Avg Test Accuracy = 0.5366, Ensemble Accuracy = 0.6171, Bits = 0.22 MB, Time = 1.61s
Round  10: Avg Test Accuracy = 0.1773, Ensemble Accuracy = 0.1773, Bits = 2.37 MB, Time = 2.84s
Round  20: Avg Test Accuracy = 0.1773, Ensemble Accuracy = 0.1773, Bits = 4.53 MB, Time = 4.14s
Round  30: Avg Test Accuracy = 0.1773, Ensemble Accuracy = 0.1773, Bits = 6.69 MB, Time = 5.39s
Round  40: Avg Test Accuracy = 0.1773, Ensemble Accuracy = 0.1773, Bits = 8.85 MB, Time = 6.64s
Round  50: Avg Test Accuracy = 0.1773, Ensemble Accuracy = 0.1773, Bits = 11.01 MB, Time = 7.90s
Round  60: Avg Test Accuracy = 0.1773, Ensemble Accuracy = 0.1773, Bits = 13.16 MB, Time = 9.16s
Round  70: Avg Test Accuracy = 0.1773, Ensemble Accuracy = 0.1773, Bits = 15.32 MB, Time = 10.41s

Results saved to results/sheaf_fmtl_har_gamma1.0_lambda20.0_eta0.05_seed42.json

Training completed!
Final average test accuracy: 0.1773
Final ensemble accuracy:     0.1773
Total communication: 17.26 MB
Total time: 11.56 seconds
=== lambda_reg=20.0, eta=0.1, seed=42 ===
Preparing HAR dataset...
Loading HAR dataset...
Warning: data/task_index.npy not found. Creating synthetic client assignment.
Client 0: Train samples = 3861, Test samples = 1288
Client 1: Train samples = 772, Test samples = 258
Dataset info: {'input_size': 561, 'num_classes': 6, 'num_clients': 2}
Generating erdos_renyi communication graph...
Graph statistics: {'num_nodes': 2, 'num_edges': 1, 'avg_degree': 1.0, 'max_degree': 1, 'min_degree': 1, 'diameter': 1, 'avg_clustering': 0.0, 'is_connected': True}
Initializing client models...
Initializing Sheaf-FMTL algorithm...
Using device: cuda

Starting training for 80 rounds...
Communication bits per round: 215,808
Number of parameters: 3372
Round   0: Avg Test Accuracy = 0.4688, Ensemble Accuracy = 0.6222, Bits = 0.22 MB, Time = 1.18s
Round  10: Avg Test Accuracy = 0.1773, Ensemble Accuracy = 0.1773, Bits = 2.37 MB, Time = 2.44s
Round  20: Avg Test Accuracy = 0.1773, Ensemble Accuracy = 0.1773, Bits = 4.53 MB, Time = 3.64s
Round  30: Avg Test Accuracy = 0.1773, Ensemble Accuracy = 0.1773, Bits = 6.69 MB, Time = 4.86s
Round  40: Avg Test Accuracy = 0.1773, Ensemble Accuracy = 0.1773, Bits = 8.85 MB, Time = 6.16s
Round  50: Avg Test Accuracy = 0.1773, Ensemble Accuracy = 0.1773, Bits = 11.01 MB, Time = 7.41s
Round  60: Avg Test Accuracy = 0.1773, Ensemble Accuracy = 0.1773, Bits = 13.16 MB, Time = 8.68s
Round  70: Avg Test Accuracy = 0.1773, Ensemble Accuracy = 0.1773, Bits = 15.32 MB, Time = 9.91s

Results saved to results/sheaf_fmtl_har_gamma1.0_lambda20.0_eta0.1_seed42.json

Training completed!
Final average test accuracy: 0.1773
Final ensemble accuracy:     0.1773
Total communication: 17.26 MB
Total time: 11.06 seconds
=== lambda_reg=50.0, eta=0.0, seed=42 ===
Preparing HAR dataset...
Loading HAR dataset...
Warning: data/task_index.npy not found. Creating synthetic client assignment.
Client 0: Train samples = 3861, Test samples = 1288
Client 1: Train samples = 772, Test samples = 258
Dataset info: {'input_size': 561, 'num_classes': 6, 'num_clients': 2}
Generating erdos_renyi communication graph...
Graph statistics: {'num_nodes': 2, 'num_edges': 1, 'avg_degree': 1.0, 'max_degree': 1, 'min_degree': 1, 'diameter': 1, 'avg_clustering': 0.0, 'is_connected': True}
Initializing client models...
Initializing Sheaf-FMTL algorithm...
Using device: cuda

Starting training for 80 rounds...
Communication bits per round: 215,808
Number of parameters: 3372
Round   0: Avg Test Accuracy = 0.5796, Ensemble Accuracy = 0.6268, Bits = 0.22 MB, Time = 1.23s
Round  10: Avg Test Accuracy = 0.8891, Ensemble Accuracy = 0.8922, Bits = 2.37 MB, Time = 2.49s
Round  20: Avg Test Accuracy = 0.9050, Ensemble Accuracy = 0.9084, Bits = 4.53 MB, Time = 3.79s
Round  30: Avg Test Accuracy = 0.9185, Ensemble Accuracy = 0.9131, Bits = 6.69 MB, Time = 5.07s
Round  40: Avg Test Accuracy = 0.9267, Ensemble Accuracy = 0.9181, Bits = 8.85 MB, Time = 6.35s
Round  50: Avg Test Accuracy = 0.9290, Ensemble Accuracy = 0.9232, Bits = 11.01 MB, Time = 7.63s
Round  60: Avg Test Accuracy = 0.9321, Ensemble Accuracy = 0.9306, Bits = 13.16 MB, Time = 8.94s
Round  70: Avg Test Accuracy = 0.9375, Ensemble Accuracy = 0.9333, Bits = 15.32 MB, Time = 10.21s

Results saved to results/sheaf_fmtl_har_gamma1.0_lambda50.0_eta0.0_seed42.json

Training completed!
Final average test accuracy: 0.9399
Final ensemble accuracy:     0.9375
Total communication: 17.26 MB
Total time: 11.36 seconds
=== lambda_reg=50.0, eta=0.001, seed=42 ===
Preparing HAR dataset...
Loading HAR dataset...
Warning: data/task_index.npy not found. Creating synthetic client assignment.
Client 0: Train samples = 3861, Test samples = 1288
Client 1: Train samples = 772, Test samples = 258
Dataset info: {'input_size': 561, 'num_classes': 6, 'num_clients': 2}
Generating erdos_renyi communication graph...
Graph statistics: {'num_nodes': 2, 'num_edges': 1, 'avg_degree': 1.0, 'max_degree': 1, 'min_degree': 1, 'diameter': 1, 'avg_clustering': 0.0, 'is_connected': True}
Initializing client models...
Initializing Sheaf-FMTL algorithm...
Using device: cuda

Starting training for 80 rounds...
Communication bits per round: 215,808
Number of parameters: 3372
Round   0: Avg Test Accuracy = 0.5796, Ensemble Accuracy = 0.6264, Bits = 0.22 MB, Time = 1.21s
Round  10: Avg Test Accuracy = 0.8906, Ensemble Accuracy = 0.8929, Bits = 2.37 MB, Time = 2.48s
Round  20: Avg Test Accuracy = 0.9053, Ensemble Accuracy = 0.9038, Bits = 4.53 MB, Time = 3.51s
Round  30: Avg Test Accuracy = 0.9201, Ensemble Accuracy = 0.9147, Bits = 6.69 MB, Time = 4.22s
Round  40: Avg Test Accuracy = 0.9201, Ensemble Accuracy = 0.9162, Bits = 8.85 MB, Time = 5.38s
Round  50: Avg Test Accuracy = 0.9294, Ensemble Accuracy = 0.9232, Bits = 11.01 MB, Time = 6.59s
Round  60: Avg Test Accuracy = 0.9313, Ensemble Accuracy = 0.9278, Bits = 13.16 MB, Time = 7.81s
Round  70: Avg Test Accuracy = 0.9399, Ensemble Accuracy = 0.9294, Bits = 15.32 MB, Time = 9.05s

Results saved to results/sheaf_fmtl_har_gamma1.0_lambda50.0_eta0.001_seed42.json

Training completed!
Final average test accuracy: 0.9472
Final ensemble accuracy:     0.9310
Total communication: 17.26 MB
Total time: 10.18 seconds
=== lambda_reg=50.0, eta=0.005, seed=42 ===
Preparing HAR dataset...
Loading HAR dataset...
Warning: data/task_index.npy not found. Creating synthetic client assignment.
Client 0: Train samples = 3861, Test samples = 1288
Client 1: Train samples = 772, Test samples = 258
Dataset info: {'input_size': 561, 'num_classes': 6, 'num_clients': 2}
Generating erdos_renyi communication graph...
Graph statistics: {'num_nodes': 2, 'num_edges': 1, 'avg_degree': 1.0, 'max_degree': 1, 'min_degree': 1, 'diameter': 1, 'avg_clustering': 0.0, 'is_connected': True}
Initializing client models...
Initializing Sheaf-FMTL algorithm...
Using device: cuda

Starting training for 80 rounds...
Communication bits per round: 215,808
Number of parameters: 3372
Round   0: Avg Test Accuracy = 0.5738, Ensemble Accuracy = 0.6140, Bits = 0.22 MB, Time = 1.61s
Round  10: Avg Test Accuracy = 0.8460, Ensemble Accuracy = 0.8867, Bits = 2.37 MB, Time = 2.91s
Round  20: Avg Test Accuracy = 0.8856, Ensemble Accuracy = 0.9042, Bits = 4.53 MB, Time = 4.17s
Round  30: Avg Test Accuracy = 0.9108, Ensemble Accuracy = 0.9081, Bits = 6.69 MB, Time = 5.41s
Round  40: Avg Test Accuracy = 0.9030, Ensemble Accuracy = 0.9116, Bits = 8.85 MB, Time = 6.41s
Round  50: Avg Test Accuracy = 0.1773, Ensemble Accuracy = 0.1773, Bits = 11.01 MB, Time = 7.14s
Round  60: Avg Test Accuracy = 0.1773, Ensemble Accuracy = 0.1773, Bits = 13.16 MB, Time = 8.36s
Round  70: Avg Test Accuracy = 0.1773, Ensemble Accuracy = 0.1773, Bits = 15.32 MB, Time = 9.62s

Results saved to results/sheaf_fmtl_har_gamma1.0_lambda50.0_eta0.005_seed42.json

Training completed!
Final average test accuracy: 0.1773
Final ensemble accuracy:     0.1773
Total communication: 17.26 MB
Total time: 10.76 seconds
=== lambda_reg=50.0, eta=0.01, seed=42 ===
Preparing HAR dataset...
Loading HAR dataset...
Warning: data/task_index.npy not found. Creating synthetic client assignment.
Client 0: Train samples = 3861, Test samples = 1288
Client 1: Train samples = 772, Test samples = 258
Dataset info: {'input_size': 561, 'num_classes': 6, 'num_clients': 2}
Generating erdos_renyi communication graph...
Graph statistics: {'num_nodes': 2, 'num_edges': 1, 'avg_degree': 1.0, 'max_degree': 1, 'min_degree': 1, 'diameter': 1, 'avg_clustering': 0.0, 'is_connected': True}
Initializing client models...
Initializing Sheaf-FMTL algorithm...
Using device: cuda

Starting training for 80 rounds...
Communication bits per round: 215,808
Number of parameters: 3372
Round   0: Avg Test Accuracy = 0.5564, Ensemble Accuracy = 0.6125, Bits = 0.22 MB, Time = 1.16s
Round  10: Avg Test Accuracy = 0.7546, Ensemble Accuracy = 0.8572, Bits = 2.37 MB, Time = 2.41s
Round  20: Avg Test Accuracy = 0.1773, Ensemble Accuracy = 0.1773, Bits = 4.53 MB, Time = 3.66s
Round  30: Avg Test Accuracy = 0.1773, Ensemble Accuracy = 0.1773, Bits = 6.69 MB, Time = 4.86s
Round  40: Avg Test Accuracy = 0.1773, Ensemble Accuracy = 0.1773, Bits = 8.85 MB, Time = 6.09s
Round  50: Avg Test Accuracy = 0.1773, Ensemble Accuracy = 0.1773, Bits = 11.01 MB, Time = 7.33s
Round  60: Avg Test Accuracy = 0.1773, Ensemble Accuracy = 0.1773, Bits = 13.16 MB, Time = 8.54s
Round  70: Avg Test Accuracy = 0.1773, Ensemble Accuracy = 0.1773, Bits = 15.32 MB, Time = 9.77s

Results saved to results/sheaf_fmtl_har_gamma1.0_lambda50.0_eta0.01_seed42.json

Training completed!
Final average test accuracy: 0.1773
Final ensemble accuracy:     0.1773
Total communication: 17.26 MB
Total time: 10.90 seconds
=== lambda_reg=50.0, eta=0.05, seed=42 ===
Preparing HAR dataset...
Loading HAR dataset...
Warning: data/task_index.npy not found. Creating synthetic client assignment.
Client 0: Train samples = 3861, Test samples = 1288
Client 1: Train samples = 772, Test samples = 258
Dataset info: {'input_size': 561, 'num_classes': 6, 'num_clients': 2}
Generating erdos_renyi communication graph...
Graph statistics: {'num_nodes': 2, 'num_edges': 1, 'avg_degree': 1.0, 'max_degree': 1, 'min_degree': 1, 'diameter': 1, 'avg_clustering': 0.0, 'is_connected': True}
Initializing client models...
Initializing Sheaf-FMTL algorithm...
Using device: cuda

Starting training for 80 rounds...
Communication bits per round: 215,808
Number of parameters: 3372
Round   0: Avg Test Accuracy = 0.3470, Ensemble Accuracy = 0.4682, Bits = 0.22 MB, Time = 1.12s
Round  10: Avg Test Accuracy = 0.1773, Ensemble Accuracy = 0.1773, Bits = 2.37 MB, Time = 2.35s
Round  20: Avg Test Accuracy = 0.1773, Ensemble Accuracy = 0.1773, Bits = 4.53 MB, Time = 3.58s
Round  30: Avg Test Accuracy = 0.1773, Ensemble Accuracy = 0.1773, Bits = 6.69 MB, Time = 4.85s
Round  40: Avg Test Accuracy = 0.1773, Ensemble Accuracy = 0.1773, Bits = 8.85 MB, Time = 6.10s
Round  50: Avg Test Accuracy = 0.1773, Ensemble Accuracy = 0.1773, Bits = 11.01 MB, Time = 7.38s
Round  60: Avg Test Accuracy = 0.1773, Ensemble Accuracy = 0.1773, Bits = 13.16 MB, Time = 8.63s
Round  70: Avg Test Accuracy = 0.1773, Ensemble Accuracy = 0.1773, Bits = 15.32 MB, Time = 9.73s

Results saved to results/sheaf_fmtl_har_gamma1.0_lambda50.0_eta0.05_seed42.json

Training completed!
Final average test accuracy: 0.1773
Final ensemble accuracy:     0.1773
Total communication: 17.26 MB
Total time: 10.85 seconds
=== lambda_reg=50.0, eta=0.1, seed=42 ===
Preparing HAR dataset...
Loading HAR dataset...
Warning: data/task_index.npy not found. Creating synthetic client assignment.
Client 0: Train samples = 3861, Test samples = 1288
Client 1: Train samples = 772, Test samples = 258
Dataset info: {'input_size': 561, 'num_classes': 6, 'num_clients': 2}
Generating erdos_renyi communication graph...
Graph statistics: {'num_nodes': 2, 'num_edges': 1, 'avg_degree': 1.0, 'max_degree': 1, 'min_degree': 1, 'diameter': 1, 'avg_clustering': 0.0, 'is_connected': True}
Initializing client models...
Initializing Sheaf-FMTL algorithm...
Using device: cuda

Starting training for 80 rounds...
Communication bits per round: 215,808
Number of parameters: 3372
Round   0: Avg Test Accuracy = 0.3470, Ensemble Accuracy = 0.1893, Bits = 0.22 MB, Time = 1.21s
Round  10: Avg Test Accuracy = 0.1773, Ensemble Accuracy = 0.1773, Bits = 2.37 MB, Time = 2.49s
Round  20: Avg Test Accuracy = 0.1773, Ensemble Accuracy = 0.1773, Bits = 4.53 MB, Time = 3.76s
Round  30: Avg Test Accuracy = 0.1773, Ensemble Accuracy = 0.1773, Bits = 6.69 MB, Time = 5.02s
Round  40: Avg Test Accuracy = 0.1773, Ensemble Accuracy = 0.1773, Bits = 8.85 MB, Time = 6.27s
Round  50: Avg Test Accuracy = 0.1773, Ensemble Accuracy = 0.1773, Bits = 11.01 MB, Time = 7.49s
Round  60: Avg Test Accuracy = 0.1773, Ensemble Accuracy = 0.1773, Bits = 13.16 MB, Time = 8.76s
Round  70: Avg Test Accuracy = 0.1773, Ensemble Accuracy = 0.1773, Bits = 15.32 MB, Time = 10.03s

Results saved to results/sheaf_fmtl_har_gamma1.0_lambda50.0_eta0.1_seed42.json

Training completed!
Final average test accuracy: 0.1773
Final ensemble accuracy:     0.1773
Total communication: 17.26 MB
Total time: 11.11 seconds
=== Grid search complete. Ranking results... ===

Rank  lambda_reg   eta      Solo Acc     Ensemble Acc
----------------------------------------------------
1     1.0          0.001    0.9523       0.9387
2     10.0         0.001    0.9515       0.9372
3     1.0          0.0      0.9511       0.9391
4     1.0          0.005    0.9507       0.9387
5     1.0          0.01     0.9507       0.9383
6     5.0          0.005    0.9507       0.9360
7     5.0          0.01     0.9507       0.9360
8     10.0         0.005    0.9507       0.9360
9     5.0          0.001    0.9507       0.9391
10    20.0         0.001    0.9503       0.9372
11    0.0          0.0      0.9496       0.9379
12    0.0          0.001    0.9496       0.9379
13    0.0          0.005    0.9496       0.9379
14    0.0          0.01     0.9496       0.9379
15    0.0          0.05     0.9496       0.9379
16    0.0          0.1      0.9496       0.9379
17    1.0          0.05     0.9492       0.9379
18    1.0          0.1      0.9492       0.9379
19    20.0         0.005    0.9492       0.9329
20    10.0         0.01     0.9488       0.9352
21    50.0         0.001    0.9472       0.9310
22    5.0          0.0      0.9449       0.9430
23    10.0         0.0      0.9434       0.9410
24    20.0         0.0      0.9426       0.9406
25    50.0         0.0      0.9399       0.9375
26    5.0          0.05     0.1773       0.1773
27    5.0          0.1      0.1773       0.1773
28    10.0         0.05     0.1773       0.1773
29    10.0         0.1      0.1773       0.1773
30    20.0         0.01     0.1773       0.1773
31    20.0         0.05     0.1773       0.1773
32    20.0         0.1      0.1773       0.1773
33    50.0         0.005    0.1773       0.1773
34    50.0         0.01     0.1773       0.1773
35    50.0         0.05     0.1773       0.1773
36    50.0         0.1      0.1773       0.1773

Best: lambda_reg=1.0, eta=0.001, solo=0.9523, ensemble=0.9387
=== Done ===
