=== Running independent baseline ===
Preparing Rotated MNIST dataset...
Generating complete communication graph...
Graph statistics: {'num_nodes': 4, 'num_edges': 6, 'avg_degree': 3.0, 'max_degree': 3, 'min_degree': 3, 'diameter': 1, 'avg_clustering': 1.0, 'is_connected': True}
Initializing client models...
Initializing Sheaf-FMTL algorithm...
Using device: cuda

Starting training for 20 rounds...
Communication bits per round: 668,544
Round 0 times — local: 4.512s (avg 1.1280s) | sheaf: 0.000s (avg nans) | restriction: 0.000s (avg nans)
Round   0: Avg Test Accuracy = 0.1019, Bits = 0.67 MB, Time = 4.52s
Round 1 times — local: 0.474s (avg 0.1186s) | sheaf: 0.000s (avg nans) | restriction: 0.000s (avg nans)
Round 2 times — local: 0.537s (avg 0.1342s) | sheaf: 0.000s (avg nans) | restriction: 0.000s (avg nans)
Round 3 times — local: 0.477s (avg 0.1192s) | sheaf: 0.000s (avg nans) | restriction: 0.000s (avg nans)
Round 4 times — local: 0.500s (avg 0.1249s) | sheaf: 0.000s (avg nans) | restriction: 0.000s (avg nans)
Round 5 times — local: 0.502s (avg 0.1256s) | sheaf: 0.000s (avg nans) | restriction: 0.000s (avg nans)
Round 6 times — local: 0.490s (avg 0.1225s) | sheaf: 0.000s (avg nans) | restriction: 0.000s (avg nans)
Round 7 times — local: 0.581s (avg 0.1451s) | sheaf: 0.000s (avg nans) | restriction: 0.000s (avg nans)
Round 8 times — local: 0.490s (avg 0.1224s) | sheaf: 0.000s (avg nans) | restriction: 0.000s (avg nans)
Round 9 times — local: 0.509s (avg 0.1272s) | sheaf: 0.000s (avg nans) | restriction: 0.000s (avg nans)
Round 10 times — local: 0.501s (avg 0.1253s) | sheaf: 0.000s (avg nans) | restriction: 0.000s (avg nans)
Round  10: Avg Test Accuracy = 0.3378, Bits = 7.35 MB, Time = 9.58s
Round 11 times — local: 0.508s (avg 0.1270s) | sheaf: 0.000s (avg nans) | restriction: 0.000s (avg nans)
Round 12 times — local: 0.509s (avg 0.1272s) | sheaf: 0.000s (avg nans) | restriction: 0.000s (avg nans)
Round 13 times — local: 0.595s (avg 0.1488s) | sheaf: 0.000s (avg nans) | restriction: 0.000s (avg nans)
Round 14 times — local: 0.516s (avg 0.1291s) | sheaf: 0.000s (avg nans) | restriction: 0.000s (avg nans)
Round 15 times — local: 0.497s (avg 0.1241s) | sheaf: 0.000s (avg nans) | restriction: 0.000s (avg nans)
Round 16 times — local: 0.518s (avg 0.1296s) | sheaf: 0.000s (avg nans) | restriction: 0.000s (avg nans)
Round 17 times — local: 0.510s (avg 0.1276s) | sheaf: 0.000s (avg nans) | restriction: 0.000s (avg nans)
Round 18 times — local: 0.506s (avg 0.1265s) | sheaf: 0.000s (avg nans) | restriction: 0.000s (avg nans)
Round 19 times — local: 0.586s (avg 0.1465s) | sheaf: 0.000s (avg nans) | restriction: 0.000s (avg nans)

Results saved to results/sheaf_fmtl_rmnist_local_gamma0.1_seed42.json

Training completed!
Final average test accuracy: 0.5387
Total communication: 13.37 MB
Total time: 14.32 seconds
=== Running Sheaf-FMTL with eta=0.0 ===
Preparing Rotated MNIST dataset...
Generating complete communication graph...
Graph statistics: {'num_nodes': 4, 'num_edges': 6, 'avg_degree': 3.0, 'max_degree': 3, 'min_degree': 3, 'diameter': 1, 'avg_clustering': 1.0, 'is_connected': True}
Initializing client models...
Initializing Sheaf-FMTL algorithm...
Using device: cuda

Starting training for 20 rounds...
Communication bits per round: 668,544
Round 0 times — local: 2.032s (avg 0.5079s) | sheaf: 0.015s (avg 0.0038s) | restriction: 0.002s (avg 0.0004s)
Round   0: Avg Test Accuracy = 0.1019, Bits = 0.67 MB, Time = 2.05s
Round 1 times — local: 0.482s (avg 0.1205s) | sheaf: 0.002s (avg 0.0005s) | restriction: 0.001s (avg 0.0003s)
Round 2 times — local: 0.565s (avg 0.1412s) | sheaf: 0.002s (avg 0.0005s) | restriction: 0.001s (avg 0.0002s)
Round 3 times — local: 0.508s (avg 0.1271s) | sheaf: 0.002s (avg 0.0004s) | restriction: 0.001s (avg 0.0003s)
Round 4 times — local: 0.491s (avg 0.1227s) | sheaf: 0.002s (avg 0.0004s) | restriction: 0.001s (avg 0.0002s)
Round 5 times — local: 0.508s (avg 0.1269s) | sheaf: 0.002s (avg 0.0004s) | restriction: 0.001s (avg 0.0002s)
Round 6 times — local: 0.500s (avg 0.1250s) | sheaf: 0.002s (avg 0.0004s) | restriction: 0.001s (avg 0.0002s)
Round 7 times — local: 0.594s (avg 0.1484s) | sheaf: 0.002s (avg 0.0005s) | restriction: 0.001s (avg 0.0002s)
Round 8 times — local: 0.500s (avg 0.1249s) | sheaf: 0.002s (avg 0.0004s) | restriction: 0.001s (avg 0.0002s)
Round 9 times — local: 0.506s (avg 0.1266s) | sheaf: 0.002s (avg 0.0005s) | restriction: 0.001s (avg 0.0002s)
Round 10 times — local: 0.508s (avg 0.1269s) | sheaf: 0.002s (avg 0.0005s) | restriction: 0.001s (avg 0.0002s)
Round  10: Avg Test Accuracy = 0.3378, Bits = 7.35 MB, Time = 7.24s
Round 11 times — local: 0.507s (avg 0.1267s) | sheaf: 0.002s (avg 0.0005s) | restriction: 0.001s (avg 0.0002s)
Round 12 times — local: 0.500s (avg 0.1251s) | sheaf: 0.002s (avg 0.0004s) | restriction: 0.001s (avg 0.0002s)
Round 13 times — local: 0.602s (avg 0.1506s) | sheaf: 0.002s (avg 0.0004s) | restriction: 0.001s (avg 0.0002s)
Round 14 times — local: 0.499s (avg 0.1248s) | sheaf: 0.002s (avg 0.0004s) | restriction: 0.001s (avg 0.0003s)
Round 15 times — local: 0.502s (avg 0.1256s) | sheaf: 0.002s (avg 0.0004s) | restriction: 0.001s (avg 0.0002s)
Round 16 times — local: 0.505s (avg 0.1261s) | sheaf: 0.002s (avg 0.0005s) | restriction: 0.001s (avg 0.0003s)
Round 17 times — local: 0.503s (avg 0.1257s) | sheaf: 0.002s (avg 0.0004s) | restriction: 0.001s (avg 0.0002s)
Round 18 times — local: 0.531s (avg 0.1329s) | sheaf: 0.002s (avg 0.0004s) | restriction: 0.001s (avg 0.0003s)
Round 19 times — local: 0.565s (avg 0.1412s) | sheaf: 0.002s (avg 0.0004s) | restriction: 0.001s (avg 0.0002s)

Results saved to results/sheaf_fmtl_rmnist_sheaf_gamma0.1_eta0.0_seed42.json

Training completed!
Final average test accuracy: 0.5387
Total communication: 13.37 MB
Total time: 11.98 seconds
=== Running Sheaf-FMTL with eta=0.1 ===
Preparing Rotated MNIST dataset...
Generating complete communication graph...
Graph statistics: {'num_nodes': 4, 'num_edges': 6, 'avg_degree': 3.0, 'max_degree': 3, 'min_degree': 3, 'diameter': 1, 'avg_clustering': 1.0, 'is_connected': True}
Initializing client models...
Initializing Sheaf-FMTL algorithm...
Using device: cuda

Starting training for 20 rounds...
Communication bits per round: 668,544
Round 0 times — local: 1.845s (avg 0.4613s) | sheaf: 0.007s (avg 0.0018s) | restriction: 0.001s (avg 0.0004s)
Round   0: Avg Test Accuracy = 0.1019, Bits = 0.67 MB, Time = 1.85s
Round 1 times — local: 0.519s (avg 0.1296s) | sheaf: 0.002s (avg 0.0004s) | restriction: 0.001s (avg 0.0002s)
Round 2 times — local: 0.602s (avg 0.1505s) | sheaf: 0.002s (avg 0.0005s) | restriction: 0.001s (avg 0.0003s)
Round 3 times — local: 0.523s (avg 0.1308s) | sheaf: 0.002s (avg 0.0004s) | restriction: 0.001s (avg 0.0002s)
Round 4 times — local: 0.514s (avg 0.1286s) | sheaf: 0.002s (avg 0.0004s) | restriction: 0.001s (avg 0.0002s)
Round 5 times — local: 0.514s (avg 0.1285s) | sheaf: 0.002s (avg 0.0005s) | restriction: 0.001s (avg 0.0002s)
Round 6 times — local: 0.519s (avg 0.1298s) | sheaf: 0.002s (avg 0.0004s) | restriction: 0.001s (avg 0.0003s)
Round 7 times — local: 0.603s (avg 0.1509s) | sheaf: 0.002s (avg 0.0005s) | restriction: 0.001s (avg 0.0003s)
Round 8 times — local: 0.519s (avg 0.1296s) | sheaf: 0.002s (avg 0.0005s) | restriction: 0.001s (avg 0.0002s)
Round 9 times — local: 0.525s (avg 0.1312s) | sheaf: 0.002s (avg 0.0005s) | restriction: 0.001s (avg 0.0002s)
Round 10 times — local: 0.514s (avg 0.1286s) | sheaf: 0.002s (avg 0.0005s) | restriction: 0.001s (avg 0.0002s)
Round  10: Avg Test Accuracy = 0.3378, Bits = 7.35 MB, Time = 7.23s
Round 11 times — local: 0.513s (avg 0.1284s) | sheaf: 0.002s (avg 0.0004s) | restriction: 0.001s (avg 0.0002s)
Round 12 times — local: 0.526s (avg 0.1314s) | sheaf: 0.002s (avg 0.0005s) | restriction: 0.001s (avg 0.0003s)
Round 13 times — local: 0.617s (avg 0.1542s) | sheaf: 0.002s (avg 0.0005s) | restriction: 0.001s (avg 0.0003s)
Round 14 times — local: 0.522s (avg 0.1305s) | sheaf: 0.002s (avg 0.0005s) | restriction: 0.001s (avg 0.0002s)
Round 15 times — local: 0.522s (avg 0.1304s) | sheaf: 0.002s (avg 0.0005s) | restriction: 0.001s (avg 0.0002s)
Round 16 times — local: 0.513s (avg 0.1283s) | sheaf: 0.002s (avg 0.0004s) | restriction: 0.001s (avg 0.0002s)
Round 17 times — local: 0.547s (avg 0.1367s) | sheaf: 0.002s (avg 0.0005s) | restriction: 0.001s (avg 0.0002s)
Round 18 times — local: 0.524s (avg 0.1311s) | sheaf: 0.002s (avg 0.0005s) | restriction: 0.001s (avg 0.0002s)
Round 19 times — local: 0.579s (avg 0.1447s) | sheaf: 0.002s (avg 0.0005s) | restriction: 0.001s (avg 0.0003s)

Results saved to results/sheaf_fmtl_rmnist_sheaf_gamma0.1_eta0.1_seed42.json

Training completed!
Final average test accuracy: 0.5387
Total communication: 13.37 MB
Total time: 12.12 seconds
=== All runs complete. Plotting... ===
Plot saved to results/eta_sweep_gamma0.1.png
