=== Run 1: lambda_reg=0 (baseline, no sheaf coordination) ===
Preparing HAR dataset...
Loading HAR dataset...
Warning: data/task_index.npy not found. Creating synthetic client assignment.
Client 0: Train samples = 51, Test samples = 17
Client 1: Train samples = 257, Test samples = 86
Client 2: Train samples = 257, Test samples = 86
Client 3: Train samples = 257, Test samples = 86
Client 4: Train samples = 51, Test samples = 17
Client 5: Train samples = 51, Test samples = 17
Client 6: Train samples = 257, Test samples = 86
Client 7: Train samples = 257, Test samples = 86
Client 8: Train samples = 51, Test samples = 17
Client 9: Train samples = 51, Test samples = 17
Client 10: Train samples = 257, Test samples = 86
Client 11: Train samples = 51, Test samples = 17
Client 12: Train samples = 51, Test samples = 17
Client 13: Train samples = 51, Test samples = 17
Client 14: Train samples = 257, Test samples = 86
Client 15: Train samples = 51, Test samples = 17
Client 16: Train samples = 51, Test samples = 17
Client 17: Train samples = 51, Test samples = 17
Client 18: Train samples = 257, Test samples = 86
Client 19: Train samples = 257, Test samples = 86
Client 20: Train samples = 257, Test samples = 86
Client 21: Train samples = 257, Test samples = 86
Client 22: Train samples = 257, Test samples = 86
Client 23: Train samples = 51, Test samples = 17
Client 24: Train samples = 51, Test samples = 17
Client 25: Train samples = 257, Test samples = 86
Client 26: Train samples = 257, Test samples = 86
Client 27: Train samples = 51, Test samples = 17
Client 28: Train samples = 51, Test samples = 17
Client 29: Train samples = 264, Test samples = 88
Dataset info: {'input_size': 561, 'num_classes': 6, 'num_clients': 30}
Generating erdos_renyi communication graph...
Graph statistics: {'num_nodes': 30, 'num_edges': 81, 'avg_degree': 5.4, 'max_degree': 11, 'min_degree': 1, 'diameter': 4, 'avg_clustering': 0.21651755651755653, 'is_connected': True}
Initializing client models...
Initializing Sheaf-FMTL algorithm...
Using device: cuda

Starting training for 100 rounds...
Communication bits per round: 2,373,888
Number of parameters: 3372
Round   0: Avg Test Accuracy = 0.1441, Bits = 2.37 MB, Time = 2.02s
Round  10: Avg Test Accuracy = 0.1441, Bits = 26.11 MB, Time = 3.61s
Round  20: Avg Test Accuracy = 0.1441, Bits = 49.85 MB, Time = 5.19s
Round  30: Avg Test Accuracy = 0.1441, Bits = 73.59 MB, Time = 6.78s
Round  40: Avg Test Accuracy = 0.1441, Bits = 97.33 MB, Time = 8.35s
Round  50: Avg Test Accuracy = 0.1441, Bits = 121.07 MB, Time = 9.92s
Round  60: Avg Test Accuracy = 0.1441, Bits = 144.81 MB, Time = 11.50s
Round  70: Avg Test Accuracy = 0.1441, Bits = 168.55 MB, Time = 13.09s
Round  80: Avg Test Accuracy = 0.1441, Bits = 192.28 MB, Time = 14.63s
Round  90: Avg Test Accuracy = 0.1441, Bits = 216.02 MB, Time = 16.20s

Results saved to results/sheaf_fmtl_har_gamma1.0.json

Training completed!
Final average test accuracy: 0.1441
Total communication: 237.39 MB
Total time: 17.59 seconds
=== Run 1 complete ===
=== Run 2: lambda_reg=0.05 (sheaf-regularized) ===
Preparing HAR dataset...
Loading HAR dataset...
Warning: data/task_index.npy not found. Creating synthetic client assignment.
Client 0: Train samples = 51, Test samples = 17
Client 1: Train samples = 257, Test samples = 86
Client 2: Train samples = 257, Test samples = 86
Client 3: Train samples = 257, Test samples = 86
Client 4: Train samples = 51, Test samples = 17
Client 5: Train samples = 51, Test samples = 17
Client 6: Train samples = 257, Test samples = 86
Client 7: Train samples = 257, Test samples = 86
Client 8: Train samples = 51, Test samples = 17
Client 9: Train samples = 51, Test samples = 17
Client 10: Train samples = 257, Test samples = 86
Client 11: Train samples = 51, Test samples = 17
Client 12: Train samples = 51, Test samples = 17
Client 13: Train samples = 51, Test samples = 17
Client 14: Train samples = 257, Test samples = 86
Client 15: Train samples = 51, Test samples = 17
Client 16: Train samples = 51, Test samples = 17
Client 17: Train samples = 51, Test samples = 17
Client 18: Train samples = 257, Test samples = 86
Client 19: Train samples = 257, Test samples = 86
Client 20: Train samples = 257, Test samples = 86
Client 21: Train samples = 257, Test samples = 86
Client 22: Train samples = 257, Test samples = 86
Client 23: Train samples = 51, Test samples = 17
Client 24: Train samples = 51, Test samples = 17
Client 25: Train samples = 257, Test samples = 86
Client 26: Train samples = 257, Test samples = 86
Client 27: Train samples = 51, Test samples = 17
Client 28: Train samples = 51, Test samples = 17
Client 29: Train samples = 264, Test samples = 88
Dataset info: {'input_size': 561, 'num_classes': 6, 'num_clients': 30}
Generating erdos_renyi communication graph...
Graph statistics: {'num_nodes': 30, 'num_edges': 105, 'avg_degree': 7.0, 'max_degree': 12, 'min_degree': 3, 'diameter': 3, 'avg_clustering': 0.2777681577681577, 'is_connected': True}
Initializing client models...
Initializing Sheaf-FMTL algorithm...
Using device: cuda

Starting training for 100 rounds...
Communication bits per round: 2,589,696
Number of parameters: 3372
Round   0: Avg Test Accuracy = 0.1441, Bits = 2.59 MB, Time = 1.64s
Round  10: Avg Test Accuracy = 0.1441, Bits = 28.49 MB, Time = 3.29s
Round  20: Avg Test Accuracy = 0.1441, Bits = 54.38 MB, Time = 4.94s
Round  30: Avg Test Accuracy = 0.1441, Bits = 80.28 MB, Time = 6.59s
Round  40: Avg Test Accuracy = 0.1441, Bits = 106.18 MB, Time = 8.26s
Round  50: Avg Test Accuracy = 0.1441, Bits = 132.07 MB, Time = 9.89s
Round  60: Avg Test Accuracy = 0.1441, Bits = 157.97 MB, Time = 11.53s
Round  70: Avg Test Accuracy = 0.1441, Bits = 183.87 MB, Time = 13.13s
Round  80: Avg Test Accuracy = 0.1441, Bits = 209.77 MB, Time = 14.78s
Round  90: Avg Test Accuracy = 0.1441, Bits = 235.66 MB, Time = 16.42s

Results saved to results/sheaf_fmtl_har_gamma1.0.json

Training completed!
Final average test accuracy: 0.1441
Total communication: 258.97 MB
Total time: 17.91 seconds
=== Run 2 complete ===
