=== Run 1: lambda_reg=0 (baseline, no sheaf coordination) ===
Preparing HAR dataset...
Loading HAR dataset...
Warning: data/task_index.npy not found. Creating synthetic client assignment.
Dataset info: {'input_size': 561, 'num_classes': 6, 'num_clients': 30}
Generating erdos_renyi communication graph...
Graph statistics: {'num_nodes': 30, 'num_edges': 85, 'avg_degree': 5.666666666666667, 'max_degree': 11, 'min_degree': 2, 'diameter': 4, 'avg_clustering': 0.1625901875901876, 'is_connected': True}
Initializing client models...
Initializing Sheaf-FMTL algorithm...
Using device: cuda

Starting training for 100 rounds...
Communication bits per round: 2,373,888
Number of parameters: 3372
Round   0: Avg Test Accuracy = 0.2301, Bits = 2.37 MB, Time = 3.01s
Round  10: Avg Test Accuracy = 0.5680, Bits = 26.11 MB, Time = 4.58s
Round  20: Avg Test Accuracy = 0.6821, Bits = 49.85 MB, Time = 6.00s
Round  30: Avg Test Accuracy = 0.7522, Bits = 73.59 MB, Time = 7.54s
Round  40: Avg Test Accuracy = 0.7701, Bits = 97.33 MB, Time = 9.05s
Round  50: Avg Test Accuracy = 0.8045, Bits = 121.07 MB, Time = 10.64s
Round  60: Avg Test Accuracy = 0.8222, Bits = 144.81 MB, Time = 12.21s
Round  70: Avg Test Accuracy = 0.8319, Bits = 168.55 MB, Time = 13.71s
Round  80: Avg Test Accuracy = 0.8541, Bits = 192.28 MB, Time = 15.04s
Round  90: Avg Test Accuracy = 0.8654, Bits = 216.02 MB, Time = 16.34s

Results saved to results/sheaf_fmtl_har_gamma1.0.json

Training completed!
Final average test accuracy: 0.8752
Total communication: 237.39 MB
Total time: 17.67 seconds
=== Run 1 complete ===
=== Run 2: lambda_reg=100.0 (sheaf-regularized) ===
Preparing HAR dataset...
Loading HAR dataset...
Warning: data/task_index.npy not found. Creating synthetic client assignment.
Dataset info: {'input_size': 561, 'num_classes': 6, 'num_clients': 30}
Generating erdos_renyi communication graph...
Graph statistics: {'num_nodes': 30, 'num_edges': 79, 'avg_degree': 5.266666666666667, 'max_degree': 10, 'min_degree': 2, 'diameter': 4, 'avg_clustering': 0.24021164021164024, 'is_connected': True}
Initializing client models...
Initializing Sheaf-FMTL algorithm...
Using device: cuda

Starting training for 100 rounds...
Communication bits per round: 2,158,080
Number of parameters: 3372
Round   0: Avg Test Accuracy = 0.1405, Bits = 2.16 MB, Time = 1.57s
Round  10: Avg Test Accuracy = 0.1394, Bits = 23.74 MB, Time = 3.19s
Round  20: Avg Test Accuracy = 0.1394, Bits = 45.32 MB, Time = 4.78s
Round  30: Avg Test Accuracy = 0.1394, Bits = 66.90 MB, Time = 6.33s
Round  40: Avg Test Accuracy = 0.1632, Bits = 88.48 MB, Time = 7.90s
Round  50: Avg Test Accuracy = 0.1632, Bits = 110.06 MB, Time = 9.49s
Round  60: Avg Test Accuracy = 0.1632, Bits = 131.64 MB, Time = 11.09s
Round  70: Avg Test Accuracy = 0.1632, Bits = 153.22 MB, Time = 12.64s
Round  80: Avg Test Accuracy = 0.1632, Bits = 174.80 MB, Time = 14.21s
Round  90: Avg Test Accuracy = 0.1632, Bits = 196.39 MB, Time = 15.37s

Results saved to results/sheaf_fmtl_har_gamma1.0.json

Training completed!
Final average test accuracy: 0.1632
Total communication: 215.81 MB
Total time: 16.67 seconds
=== Run 2 complete ===
