=== Seed 42: Running independent baseline ===
Preparing Rotated MNIST dataset...
Generating complete communication graph...
Graph statistics: {'num_nodes': 4, 'num_edges': 6, 'avg_degree': 3.0, 'max_degree': 3, 'min_degree': 3, 'diameter': 1, 'avg_clustering': 1.0, 'is_connected': True}
Initializing client models...
Initializing Sheaf-FMTL algorithm...
Using device: cuda

Starting training for 20 rounds...
Communication bits per round: 668,544
Round 0 times — local: 4.826s (avg 1.2065s) | sheaf: 0.000s (avg nans) | restriction: 0.000s (avg nans)
Round   0: Avg Test Accuracy = 0.3189, Bits = 0.67 MB, Time = 4.83s
Round 1 times — local: 0.475s (avg 0.1187s) | sheaf: 0.000s (avg nans) | restriction: 0.000s (avg nans)
Round 2 times — local: 0.532s (avg 0.1330s) | sheaf: 0.000s (avg nans) | restriction: 0.000s (avg nans)
Round 3 times — local: 0.475s (avg 0.1187s) | sheaf: 0.000s (avg nans) | restriction: 0.000s (avg nans)
Round 4 times — local: 0.472s (avg 0.1181s) | sheaf: 0.000s (avg nans) | restriction: 0.000s (avg nans)
Round 5 times — local: 0.490s (avg 0.1226s) | sheaf: 0.000s (avg nans) | restriction: 0.000s (avg nans)
Round 6 times — local: 0.486s (avg 0.1214s) | sheaf: 0.000s (avg nans) | restriction: 0.000s (avg nans)
Round 7 times — local: 0.532s (avg 0.1331s) | sheaf: 0.000s (avg nans) | restriction: 0.000s (avg nans)
Round 8 times — local: 0.469s (avg 0.1172s) | sheaf: 0.000s (avg nans) | restriction: 0.000s (avg nans)
Round 9 times — local: 0.472s (avg 0.1180s) | sheaf: 0.000s (avg nans) | restriction: 0.000s (avg nans)
Round 10 times — local: 0.471s (avg 0.1178s) | sheaf: 0.000s (avg nans) | restriction: 0.000s (avg nans)
Round  10: Avg Test Accuracy = 0.8645, Bits = 7.35 MB, Time = 9.70s
Round 11 times — local: 0.469s (avg 0.1173s) | sheaf: 0.000s (avg nans) | restriction: 0.000s (avg nans)
Round 12 times — local: 0.467s (avg 0.1169s) | sheaf: 0.000s (avg nans) | restriction: 0.000s (avg nans)
Round 13 times — local: 0.527s (avg 0.1317s) | sheaf: 0.000s (avg nans) | restriction: 0.000s (avg nans)
Round 14 times — local: 0.470s (avg 0.1174s) | sheaf: 0.000s (avg nans) | restriction: 0.000s (avg nans)
Round 15 times — local: 0.468s (avg 0.1170s) | sheaf: 0.000s (avg nans) | restriction: 0.000s (avg nans)
Round 16 times — local: 0.467s (avg 0.1167s) | sheaf: 0.000s (avg nans) | restriction: 0.000s (avg nans)
Round 17 times — local: 0.467s (avg 0.1167s) | sheaf: 0.000s (avg nans) | restriction: 0.000s (avg nans)
Round 18 times — local: 0.485s (avg 0.1212s) | sheaf: 0.000s (avg nans) | restriction: 0.000s (avg nans)
Round 19 times — local: 0.523s (avg 0.1308s) | sheaf: 0.000s (avg nans) | restriction: 0.000s (avg nans)

Results saved to results/sheaf_fmtl_rmnist_local_gamma0.1_seed42.json

Training completed!
Final average test accuracy: 0.9006
Total communication: 13.37 MB
Total time: 14.05 seconds
=== Seed 42: Running Sheaf-FMTL with eta=0.0 (fixed maps) ===
Preparing Rotated MNIST dataset...
Generating complete communication graph...
Graph statistics: {'num_nodes': 4, 'num_edges': 6, 'avg_degree': 3.0, 'max_degree': 3, 'min_degree': 3, 'diameter': 1, 'avg_clustering': 1.0, 'is_connected': True}
Initializing client models...
Initializing Sheaf-FMTL algorithm...
Using device: cuda

Starting training for 20 rounds...
Communication bits per round: 668,544
Round 0 times — local: 2.095s (avg 0.5237s) | sheaf: 0.015s (avg 0.0039s) | restriction: 0.002s (avg 0.0004s)
Round   0: Avg Test Accuracy = 0.2034, Bits = 0.67 MB, Time = 2.11s
Round 1 times — local: 0.488s (avg 0.1219s) | sheaf: 0.002s (avg 0.0004s) | restriction: 0.001s (avg 0.0002s)
Round 2 times — local: 0.557s (avg 0.1392s) | sheaf: 0.002s (avg 0.0004s) | restriction: 0.001s (avg 0.0002s)
Round 3 times — local: 0.480s (avg 0.1200s) | sheaf: 0.002s (avg 0.0004s) | restriction: 0.001s (avg 0.0002s)
Round 4 times — local: 0.488s (avg 0.1219s) | sheaf: 0.002s (avg 0.0004s) | restriction: 0.001s (avg 0.0002s)
Round 5 times — local: 0.493s (avg 0.1233s) | sheaf: 0.002s (avg 0.0004s) | restriction: 0.001s (avg 0.0002s)
Round 6 times — local: 0.492s (avg 0.1229s) | sheaf: 0.002s (avg 0.0004s) | restriction: 0.001s (avg 0.0002s)
Round 7 times — local: 0.563s (avg 0.1407s) | sheaf: 0.002s (avg 0.0004s) | restriction: 0.001s (avg 0.0002s)
Round 8 times — local: 0.486s (avg 0.1215s) | sheaf: 0.002s (avg 0.0004s) | restriction: 0.001s (avg 0.0002s)
Round 9 times — local: 0.481s (avg 0.1201s) | sheaf: 0.002s (avg 0.0004s) | restriction: 0.001s (avg 0.0002s)
Round 10 times — local: 0.465s (avg 0.1163s) | sheaf: 0.002s (avg 0.0004s) | restriction: 0.001s (avg 0.0002s)
Round  10: Avg Test Accuracy = 0.8397, Bits = 7.35 MB, Time = 7.13s
Round 11 times — local: 0.473s (avg 0.1183s) | sheaf: 0.002s (avg 0.0004s) | restriction: 0.001s (avg 0.0002s)
Round 12 times — local: 0.481s (avg 0.1202s) | sheaf: 0.002s (avg 0.0004s) | restriction: 0.001s (avg 0.0002s)
Round 13 times — local: 0.558s (avg 0.1395s) | sheaf: 0.002s (avg 0.0004s) | restriction: 0.001s (avg 0.0002s)
Round 14 times — local: 0.488s (avg 0.1220s) | sheaf: 0.001s (avg 0.0004s) | restriction: 0.001s (avg 0.0002s)
Round 15 times — local: 0.485s (avg 0.1212s) | sheaf: 0.002s (avg 0.0004s) | restriction: 0.001s (avg 0.0002s)
Round 16 times — local: 0.490s (avg 0.1224s) | sheaf: 0.001s (avg 0.0004s) | restriction: 0.001s (avg 0.0002s)
Round 17 times — local: 0.483s (avg 0.1208s) | sheaf: 0.002s (avg 0.0004s) | restriction: 0.001s (avg 0.0002s)
Round 18 times — local: 0.480s (avg 0.1199s) | sheaf: 0.002s (avg 0.0004s) | restriction: 0.001s (avg 0.0002s)
Round 19 times — local: 0.558s (avg 0.1395s) | sheaf: 0.002s (avg 0.0004s) | restriction: 0.001s (avg 0.0002s)

Results saved to results/sheaf_fmtl_rmnist_sheaf_gamma0.1_eta0.0_seed42.json

Training completed!
Final average test accuracy: 0.8876
Total communication: 13.37 MB
Total time: 11.65 seconds
=== Seed 42: Running Sheaf-FMTL with eta=0.1 (learned maps) ===
Preparing Rotated MNIST dataset...
Generating complete communication graph...
Graph statistics: {'num_nodes': 4, 'num_edges': 6, 'avg_degree': 3.0, 'max_degree': 3, 'min_degree': 3, 'diameter': 1, 'avg_clustering': 1.0, 'is_connected': True}
Initializing client models...
Initializing Sheaf-FMTL algorithm...
Using device: cuda

Starting training for 20 rounds...
Communication bits per round: 668,544
Round 0 times — local: 1.993s (avg 0.4983s) | sheaf: 0.006s (avg 0.0015s) | restriction: 0.001s (avg 0.0003s)
Round   0: Avg Test Accuracy = 0.1207, Bits = 0.67 MB, Time = 2.00s
Round 1 times — local: 0.483s (avg 0.1207s) | sheaf: 0.002s (avg 0.0004s) | restriction: 0.001s (avg 0.0002s)
Round 2 times — local: 0.554s (avg 0.1384s) | sheaf: 0.002s (avg 0.0004s) | restriction: 0.001s (avg 0.0002s)
Round 3 times — local: 0.481s (avg 0.1202s) | sheaf: 0.002s (avg 0.0004s) | restriction: 0.001s (avg 0.0002s)
Round 4 times — local: 0.483s (avg 0.1206s) | sheaf: 0.002s (avg 0.0004s) | restriction: 0.001s (avg 0.0002s)
Round 5 times — local: 0.484s (avg 0.1209s) | sheaf: 0.002s (avg 0.0004s) | restriction: 0.001s (avg 0.0002s)
Round 6 times — local: 0.487s (avg 0.1217s) | sheaf: 0.002s (avg 0.0004s) | restriction: 0.001s (avg 0.0002s)
Round 7 times — local: 0.556s (avg 0.1391s) | sheaf: 0.002s (avg 0.0004s) | restriction: 0.001s (avg 0.0002s)
Round 8 times — local: 0.489s (avg 0.1224s) | sheaf: 0.002s (avg 0.0004s) | restriction: 0.001s (avg 0.0002s)
Round 9 times — local: 0.479s (avg 0.1198s) | sheaf: 0.002s (avg 0.0004s) | restriction: 0.001s (avg 0.0002s)
Round 10 times — local: 0.478s (avg 0.1194s) | sheaf: 0.002s (avg 0.0004s) | restriction: 0.001s (avg 0.0002s)
Round  10: Avg Test Accuracy = 0.0980, Bits = 7.35 MB, Time = 7.00s
Round 11 times — local: 0.476s (avg 0.1190s) | sheaf: 0.002s (avg 0.0004s) | restriction: 0.001s (avg 0.0002s)
Round 12 times — local: 0.478s (avg 0.1195s) | sheaf: 0.002s (avg 0.0004s) | restriction: 0.001s (avg 0.0002s)
Round 13 times — local: 0.536s (avg 0.1339s) | sheaf: 0.002s (avg 0.0004s) | restriction: 0.001s (avg 0.0002s)
Round 14 times — local: 0.496s (avg 0.1240s) | sheaf: 0.002s (avg 0.0004s) | restriction: 0.001s (avg 0.0002s)
Round 15 times — local: 0.483s (avg 0.1207s) | sheaf: 0.002s (avg 0.0004s) | restriction: 0.001s (avg 0.0002s)
Round 16 times — local: 0.491s (avg 0.1226s) | sheaf: 0.001s (avg 0.0004s) | restriction: 0.001s (avg 0.0002s)
Round 17 times — local: 0.478s (avg 0.1196s) | sheaf: 0.002s (avg 0.0004s) | restriction: 0.001s (avg 0.0002s)
Round 18 times — local: 0.475s (avg 0.1188s) | sheaf: 0.002s (avg 0.0004s) | restriction: 0.001s (avg 0.0002s)
Round 19 times — local: 0.555s (avg 0.1388s) | sheaf: 0.002s (avg 0.0004s) | restriction: 0.001s (avg 0.0002s)

Results saved to results/sheaf_fmtl_rmnist_sheaf_gamma0.1_eta0.1_seed42.json

Training completed!
Final average test accuracy: 0.0980
Total communication: 13.37 MB
Total time: 11.49 seconds
=== Seed 123: Running independent baseline ===
Preparing Rotated MNIST dataset...
Generating complete communication graph...
Graph statistics: {'num_nodes': 4, 'num_edges': 6, 'avg_degree': 3.0, 'max_degree': 3, 'min_degree': 3, 'diameter': 1, 'avg_clustering': 1.0, 'is_connected': True}
Initializing client models...
Initializing Sheaf-FMTL algorithm...
Using device: cuda

Starting training for 20 rounds...
Communication bits per round: 668,544
Round 0 times — local: 2.003s (avg 0.5008s) | sheaf: 0.000s (avg nans) | restriction: 0.000s (avg nans)
Round   0: Avg Test Accuracy = 0.3675, Bits = 0.67 MB, Time = 2.00s
Round 1 times — local: 0.477s (avg 0.1192s) | sheaf: 0.000s (avg nans) | restriction: 0.000s (avg nans)
Round 2 times — local: 0.550s (avg 0.1376s) | sheaf: 0.000s (avg nans) | restriction: 0.000s (avg nans)
Round 3 times — local: 0.472s (avg 0.1181s) | sheaf: 0.000s (avg nans) | restriction: 0.000s (avg nans)
Round 4 times — local: 0.470s (avg 0.1175s) | sheaf: 0.000s (avg nans) | restriction: 0.000s (avg nans)
Round 5 times — local: 0.487s (avg 0.1217s) | sheaf: 0.000s (avg nans) | restriction: 0.000s (avg nans)
Round 6 times — local: 0.472s (avg 0.1181s) | sheaf: 0.000s (avg nans) | restriction: 0.000s (avg nans)
Round 7 times — local: 0.545s (avg 0.1362s) | sheaf: 0.000s (avg nans) | restriction: 0.000s (avg nans)
Round 8 times — local: 0.475s (avg 0.1188s) | sheaf: 0.000s (avg nans) | restriction: 0.000s (avg nans)
Round 9 times — local: 0.469s (avg 0.1172s) | sheaf: 0.000s (avg nans) | restriction: 0.000s (avg nans)
Round 10 times — local: 0.481s (avg 0.1202s) | sheaf: 0.000s (avg nans) | restriction: 0.000s (avg nans)
Round  10: Avg Test Accuracy = 0.8791, Bits = 7.35 MB, Time = 6.90s
Round 11 times — local: 0.479s (avg 0.1197s) | sheaf: 0.000s (avg nans) | restriction: 0.000s (avg nans)
Round 12 times — local: 0.492s (avg 0.1230s) | sheaf: 0.000s (avg nans) | restriction: 0.000s (avg nans)
Round 13 times — local: 0.572s (avg 0.1430s) | sheaf: 0.000s (avg nans) | restriction: 0.000s (avg nans)
Round 14 times — local: 0.476s (avg 0.1191s) | sheaf: 0.000s (avg nans) | restriction: 0.000s (avg nans)
Round 15 times — local: 0.478s (avg 0.1196s) | sheaf: 0.000s (avg nans) | restriction: 0.000s (avg nans)
Round 16 times — local: 0.475s (avg 0.1187s) | sheaf: 0.000s (avg nans) | restriction: 0.000s (avg nans)
Round 17 times — local: 0.473s (avg 0.1183s) | sheaf: 0.000s (avg nans) | restriction: 0.000s (avg nans)
Round 18 times — local: 0.473s (avg 0.1183s) | sheaf: 0.000s (avg nans) | restriction: 0.000s (avg nans)
Round 19 times — local: 0.543s (avg 0.1357s) | sheaf: 0.000s (avg nans) | restriction: 0.000s (avg nans)

Results saved to results/sheaf_fmtl_rmnist_local_gamma0.1_seed123.json

Training completed!
Final average test accuracy: 0.9092
Total communication: 13.37 MB
Total time: 11.37 seconds
=== Seed 123: Running Sheaf-FMTL with eta=0.0 (fixed maps) ===
Preparing Rotated MNIST dataset...
Generating complete communication graph...
Graph statistics: {'num_nodes': 4, 'num_edges': 6, 'avg_degree': 3.0, 'max_degree': 3, 'min_degree': 3, 'diameter': 1, 'avg_clustering': 1.0, 'is_connected': True}
Initializing client models...
Initializing Sheaf-FMTL algorithm...
Using device: cuda

Starting training for 20 rounds...
Communication bits per round: 668,544
Round 0 times — local: 1.715s (avg 0.4287s) | sheaf: 0.006s (avg 0.0014s) | restriction: 0.001s (avg 0.0003s)
Round   0: Avg Test Accuracy = 0.2893, Bits = 0.67 MB, Time = 1.72s
Round 1 times — local: 0.482s (avg 0.1205s) | sheaf: 0.002s (avg 0.0004s) | restriction: 0.001s (avg 0.0002s)
Round 2 times — local: 0.549s (avg 0.1373s) | sheaf: 0.002s (avg 0.0004s) | restriction: 0.001s (avg 0.0002s)
Round 3 times — local: 0.481s (avg 0.1202s) | sheaf: 0.002s (avg 0.0004s) | restriction: 0.001s (avg 0.0002s)
Round 4 times — local: 0.482s (avg 0.1206s) | sheaf: 0.002s (avg 0.0004s) | restriction: 0.001s (avg 0.0002s)
Round 5 times — local: 0.491s (avg 0.1228s) | sheaf: 0.002s (avg 0.0004s) | restriction: 0.001s (avg 0.0002s)
Round 6 times — local: 0.492s (avg 0.1229s) | sheaf: 0.002s (avg 0.0004s) | restriction: 0.001s (avg 0.0002s)
Round 7 times — local: 0.558s (avg 0.1395s) | sheaf: 0.002s (avg 0.0004s) | restriction: 0.001s (avg 0.0002s)
Round 8 times — local: 0.488s (avg 0.1221s) | sheaf: 0.002s (avg 0.0004s) | restriction: 0.001s (avg 0.0002s)
Round 9 times — local: 0.479s (avg 0.1197s) | sheaf: 0.002s (avg 0.0004s) | restriction: 0.001s (avg 0.0002s)
Round 10 times — local: 0.480s (avg 0.1200s) | sheaf: 0.002s (avg 0.0004s) | restriction: 0.001s (avg 0.0002s)
Round  10: Avg Test Accuracy = 0.8580, Bits = 7.35 MB, Time = 6.73s
Round 11 times — local: 0.480s (avg 0.1199s) | sheaf: 0.002s (avg 0.0004s) | restriction: 0.001s (avg 0.0002s)
Round 12 times — local: 0.481s (avg 0.1203s) | sheaf: 0.002s (avg 0.0004s) | restriction: 0.001s (avg 0.0002s)
Round 13 times — local: 0.545s (avg 0.1364s) | sheaf: 0.002s (avg 0.0004s) | restriction: 0.001s (avg 0.0002s)
Round 14 times — local: 0.488s (avg 0.1220s) | sheaf: 0.002s (avg 0.0004s) | restriction: 0.001s (avg 0.0002s)
Round 15 times — local: 0.481s (avg 0.1202s) | sheaf: 0.002s (avg 0.0004s) | restriction: 0.001s (avg 0.0002s)
Round 16 times — local: 0.478s (avg 0.1195s) | sheaf: 0.002s (avg 0.0004s) | restriction: 0.001s (avg 0.0002s)
Round 17 times — local: 0.480s (avg 0.1201s) | sheaf: 0.002s (avg 0.0004s) | restriction: 0.001s (avg 0.0002s)
Round 18 times — local: 0.481s (avg 0.1203s) | sheaf: 0.002s (avg 0.0004s) | restriction: 0.001s (avg 0.0002s)
Round 19 times — local: 0.548s (avg 0.1371s) | sheaf: 0.002s (avg 0.0004s) | restriction: 0.001s (avg 0.0002s)

Results saved to results/sheaf_fmtl_rmnist_sheaf_gamma0.1_eta0.0_seed123.json

Training completed!
Final average test accuracy: 0.8956
Total communication: 13.37 MB
Total time: 11.21 seconds
=== Seed 123: Running Sheaf-FMTL with eta=0.1 (learned maps) ===
Preparing Rotated MNIST dataset...
Generating complete communication graph...
Graph statistics: {'num_nodes': 4, 'num_edges': 6, 'avg_degree': 3.0, 'max_degree': 3, 'min_degree': 3, 'diameter': 1, 'avg_clustering': 1.0, 'is_connected': True}
Initializing client models...
Initializing Sheaf-FMTL algorithm...
Using device: cuda

Starting training for 20 rounds...
Communication bits per round: 668,544
Round 0 times — local: 1.980s (avg 0.4949s) | sheaf: 0.006s (avg 0.0015s) | restriction: 0.001s (avg 0.0003s)
Round   0: Avg Test Accuracy = 0.1297, Bits = 0.67 MB, Time = 1.99s
Round 1 times — local: 0.494s (avg 0.1235s) | sheaf: 0.002s (avg 0.0004s) | restriction: 0.001s (avg 0.0002s)
Round 2 times — local: 0.564s (avg 0.1410s) | sheaf: 0.002s (avg 0.0004s) | restriction: 0.001s (avg 0.0002s)
Round 3 times — local: 0.480s (avg 0.1200s) | sheaf: 0.002s (avg 0.0004s) | restriction: 0.001s (avg 0.0002s)
Round 4 times — local: 0.485s (avg 0.1213s) | sheaf: 0.002s (avg 0.0004s) | restriction: 0.001s (avg 0.0002s)
Round 5 times — local: 0.501s (avg 0.1251s) | sheaf: 0.002s (avg 0.0004s) | restriction: 0.001s (avg 0.0002s)
Round 6 times — local: 0.488s (avg 0.1221s) | sheaf: 0.002s (avg 0.0004s) | restriction: 0.001s (avg 0.0002s)
Round 7 times — local: 0.554s (avg 0.1386s) | sheaf: 0.002s (avg 0.0005s) | restriction: 0.001s (avg 0.0002s)
Round 8 times — local: 0.485s (avg 0.1213s) | sheaf: 0.002s (avg 0.0004s) | restriction: 0.001s (avg 0.0002s)
Round 9 times — local: 0.481s (avg 0.1204s) | sheaf: 0.002s (avg 0.0004s) | restriction: 0.001s (avg 0.0002s)
Round 10 times — local: 0.480s (avg 0.1201s) | sheaf: 0.001s (avg 0.0004s) | restriction: 0.001s (avg 0.0002s)
Round  10: Avg Test Accuracy = 0.0980, Bits = 7.35 MB, Time = 7.03s
Round 11 times — local: 0.480s (avg 0.1199s) | sheaf: 0.002s (avg 0.0004s) | restriction: 0.001s (avg 0.0002s)
Round 12 times — local: 0.481s (avg 0.1202s) | sheaf: 0.002s (avg 0.0004s) | restriction: 0.001s (avg 0.0002s)
Round 13 times — local: 0.564s (avg 0.1409s) | sheaf: 0.002s (avg 0.0004s) | restriction: 0.001s (avg 0.0002s)
Round 14 times — local: 0.486s (avg 0.1216s) | sheaf: 0.002s (avg 0.0004s) | restriction: 0.001s (avg 0.0002s)
Round 15 times — local: 0.488s (avg 0.1221s) | sheaf: 0.002s (avg 0.0004s) | restriction: 0.001s (avg 0.0002s)
Round 16 times — local: 0.491s (avg 0.1228s) | sheaf: 0.002s (avg 0.0004s) | restriction: 0.001s (avg 0.0002s)
Round 17 times — local: 0.482s (avg 0.1206s) | sheaf: 0.002s (avg 0.0004s) | restriction: 0.001s (avg 0.0002s)
Round 18 times — local: 0.482s (avg 0.1205s) | sheaf: 0.002s (avg 0.0004s) | restriction: 0.001s (avg 0.0002s)
Round 19 times — local: 0.553s (avg 0.1382s) | sheaf: 0.002s (avg 0.0004s) | restriction: 0.001s (avg 0.0002s)

Results saved to results/sheaf_fmtl_rmnist_sheaf_gamma0.1_eta0.1_seed123.json

Training completed!
Final average test accuracy: 0.0980
Total communication: 13.37 MB
Total time: 11.56 seconds
=== Seed 456: Running independent baseline ===
Preparing Rotated MNIST dataset...
Generating complete communication graph...
Graph statistics: {'num_nodes': 4, 'num_edges': 6, 'avg_degree': 3.0, 'max_degree': 3, 'min_degree': 3, 'diameter': 1, 'avg_clustering': 1.0, 'is_connected': True}
Initializing client models...
Initializing Sheaf-FMTL algorithm...
Using device: cuda

Starting training for 20 rounds...
Communication bits per round: 668,544
Round 0 times — local: 1.752s (avg 0.4380s) | sheaf: 0.000s (avg nans) | restriction: 0.000s (avg nans)
Round   0: Avg Test Accuracy = 0.3491, Bits = 0.67 MB, Time = 1.75s
Round 1 times — local: 0.489s (avg 0.1223s) | sheaf: 0.000s (avg nans) | restriction: 0.000s (avg nans)
Round 2 times — local: 0.558s (avg 0.1395s) | sheaf: 0.000s (avg nans) | restriction: 0.000s (avg nans)
Round 3 times — local: 0.484s (avg 0.1209s) | sheaf: 0.000s (avg nans) | restriction: 0.000s (avg nans)
Round 4 times — local: 0.484s (avg 0.1210s) | sheaf: 0.000s (avg nans) | restriction: 0.000s (avg nans)
Round 5 times — local: 0.492s (avg 0.1230s) | sheaf: 0.000s (avg nans) | restriction: 0.000s (avg nans)
Round 6 times — local: 0.503s (avg 0.1258s) | sheaf: 0.000s (avg nans) | restriction: 0.000s (avg nans)
Round 7 times — local: 0.549s (avg 0.1374s) | sheaf: 0.000s (avg nans) | restriction: 0.000s (avg nans)
Round 8 times — local: 0.491s (avg 0.1227s) | sheaf: 0.000s (avg nans) | restriction: 0.000s (avg nans)
Round 9 times — local: 0.466s (avg 0.1165s) | sheaf: 0.000s (avg nans) | restriction: 0.000s (avg nans)
Round 10 times — local: 0.480s (avg 0.1200s) | sheaf: 0.000s (avg nans) | restriction: 0.000s (avg nans)
Round  10: Avg Test Accuracy = 0.8669, Bits = 7.35 MB, Time = 6.75s
Round 11 times — local: 0.479s (avg 0.1198s) | sheaf: 0.000s (avg nans) | restriction: 0.000s (avg nans)
Round 12 times — local: 0.477s (avg 0.1193s) | sheaf: 0.000s (avg nans) | restriction: 0.000s (avg nans)
Round 13 times — local: 0.542s (avg 0.1354s) | sheaf: 0.000s (avg nans) | restriction: 0.000s (avg nans)
Round 14 times — local: 0.505s (avg 0.1263s) | sheaf: 0.000s (avg nans) | restriction: 0.000s (avg nans)
Round 15 times — local: 0.477s (avg 0.1194s) | sheaf: 0.000s (avg nans) | restriction: 0.000s (avg nans)
Round 16 times — local: 0.485s (avg 0.1212s) | sheaf: 0.000s (avg nans) | restriction: 0.000s (avg nans)
Round 17 times — local: 0.481s (avg 0.1204s) | sheaf: 0.000s (avg nans) | restriction: 0.000s (avg nans)
Round 18 times — local: 0.477s (avg 0.1192s) | sheaf: 0.000s (avg nans) | restriction: 0.000s (avg nans)
Round 19 times — local: 0.554s (avg 0.1385s) | sheaf: 0.000s (avg nans) | restriction: 0.000s (avg nans)

Results saved to results/sheaf_fmtl_rmnist_local_gamma0.1_seed456.json

Training completed!
Final average test accuracy: 0.9039
Total communication: 13.37 MB
Total time: 11.23 seconds
=== Seed 456: Running Sheaf-FMTL with eta=0.0 (fixed maps) ===
Preparing Rotated MNIST dataset...
Generating complete communication graph...
Graph statistics: {'num_nodes': 4, 'num_edges': 6, 'avg_degree': 3.0, 'max_degree': 3, 'min_degree': 3, 'diameter': 1, 'avg_clustering': 1.0, 'is_connected': True}
Initializing client models...
Initializing Sheaf-FMTL algorithm...
Using device: cuda

Starting training for 20 rounds...
Communication bits per round: 668,544
Round 0 times — local: 1.805s (avg 0.4512s) | sheaf: 0.005s (avg 0.0012s) | restriction: 0.001s (avg 0.0003s)
Round   0: Avg Test Accuracy = 0.2655, Bits = 0.67 MB, Time = 1.81s
Round 1 times — local: 0.490s (avg 0.1225s) | sheaf: 0.002s (avg 0.0004s) | restriction: 0.001s (avg 0.0002s)
Round 2 times — local: 0.551s (avg 0.1377s) | sheaf: 0.002s (avg 0.0004s) | restriction: 0.001s (avg 0.0002s)
Round 3 times — local: 0.484s (avg 0.1209s) | sheaf: 0.002s (avg 0.0004s) | restriction: 0.001s (avg 0.0002s)
Round 4 times — local: 0.484s (avg 0.1209s) | sheaf: 0.002s (avg 0.0004s) | restriction: 0.001s (avg 0.0002s)
Round 5 times — local: 0.479s (avg 0.1199s) | sheaf: 0.002s (avg 0.0004s) | restriction: 0.001s (avg 0.0002s)
Round 6 times — local: 0.502s (avg 0.1255s) | sheaf: 0.002s (avg 0.0004s) | restriction: 0.001s (avg 0.0002s)
Round 7 times — local: 0.557s (avg 0.1394s) | sheaf: 0.002s (avg 0.0004s) | restriction: 0.001s (avg 0.0002s)
Round 8 times — local: 0.492s (avg 0.1230s) | sheaf: 0.002s (avg 0.0004s) | restriction: 0.001s (avg 0.0002s)
Round 9 times — local: 0.482s (avg 0.1206s) | sheaf: 0.002s (avg 0.0004s) | restriction: 0.001s (avg 0.0002s)
Round 10 times — local: 0.490s (avg 0.1224s) | sheaf: 0.002s (avg 0.0004s) | restriction: 0.001s (avg 0.0002s)
Round  10: Avg Test Accuracy = 0.8365, Bits = 7.35 MB, Time = 6.85s
Round 11 times — local: 0.499s (avg 0.1247s) | sheaf: 0.002s (avg 0.0004s) | restriction: 0.001s (avg 0.0002s)
Round 12 times — local: 0.485s (avg 0.1211s) | sheaf: 0.002s (avg 0.0004s) | restriction: 0.001s (avg 0.0002s)
Round 13 times — local: 0.578s (avg 0.1446s) | sheaf: 0.002s (avg 0.0004s) | restriction: 0.001s (avg 0.0002s)
Round 14 times — local: 0.517s (avg 0.1293s) | sheaf: 0.002s (avg 0.0004s) | restriction: 0.001s (avg 0.0002s)
Round 15 times — local: 0.478s (avg 0.1194s) | sheaf: 0.001s (avg 0.0004s) | restriction: 0.001s (avg 0.0002s)
Round 16 times — local: 0.494s (avg 0.1235s) | sheaf: 0.002s (avg 0.0004s) | restriction: 0.001s (avg 0.0002s)
Round 17 times — local: 0.481s (avg 0.1202s) | sheaf: 0.001s (avg 0.0004s) | restriction: 0.001s (avg 0.0002s)
Round 18 times — local: 0.480s (avg 0.1200s) | sheaf: 0.002s (avg 0.0004s) | restriction: 0.001s (avg 0.0002s)
Round 19 times — local: 0.556s (avg 0.1391s) | sheaf: 0.002s (avg 0.0004s) | restriction: 0.001s (avg 0.0002s)

Results saved to results/sheaf_fmtl_rmnist_sheaf_gamma0.1_eta0.0_seed456.json

Training completed!
Final average test accuracy: 0.8909
Total communication: 13.37 MB
Total time: 11.44 seconds
=== Seed 456: Running Sheaf-FMTL with eta=0.1 (learned maps) ===
Preparing Rotated MNIST dataset...
Generating complete communication graph...
Graph statistics: {'num_nodes': 4, 'num_edges': 6, 'avg_degree': 3.0, 'max_degree': 3, 'min_degree': 3, 'diameter': 1, 'avg_clustering': 1.0, 'is_connected': True}
Initializing client models...
Initializing Sheaf-FMTL algorithm...
Using device: cuda

Starting training for 20 rounds...
Communication bits per round: 668,544
Round 0 times — local: 1.994s (avg 0.4984s) | sheaf: 0.006s (avg 0.0015s) | restriction: 0.001s (avg 0.0003s)
Round   0: Avg Test Accuracy = 0.1858, Bits = 0.67 MB, Time = 2.00s
Round 1 times — local: 0.490s (avg 0.1226s) | sheaf: 0.001s (avg 0.0004s) | restriction: 0.001s (avg 0.0002s)
Round 2 times — local: 0.562s (avg 0.1406s) | sheaf: 0.002s (avg 0.0004s) | restriction: 0.001s (avg 0.0002s)
Round 3 times — local: 0.475s (avg 0.1189s) | sheaf: 0.002s (avg 0.0004s) | restriction: 0.001s (avg 0.0002s)
Round 4 times — local: 0.483s (avg 0.1206s) | sheaf: 0.002s (avg 0.0004s) | restriction: 0.001s (avg 0.0002s)
Round 5 times — local: 0.501s (avg 0.1254s) | sheaf: 0.002s (avg 0.0004s) | restriction: 0.001s (avg 0.0002s)
Round 6 times — local: 0.483s (avg 0.1207s) | sheaf: 0.001s (avg 0.0004s) | restriction: 0.001s (avg 0.0002s)
Round 7 times — local: 0.564s (avg 0.1410s) | sheaf: 0.002s (avg 0.0004s) | restriction: 0.001s (avg 0.0002s)
Round 8 times — local: 0.485s (avg 0.1213s) | sheaf: 0.002s (avg 0.0004s) | restriction: 0.001s (avg 0.0002s)
Round 9 times — local: 0.483s (avg 0.1207s) | sheaf: 0.002s (avg 0.0004s) | restriction: 0.001s (avg 0.0002s)
Round 10 times — local: 0.482s (avg 0.1204s) | sheaf: 0.002s (avg 0.0004s) | restriction: 0.001s (avg 0.0002s)
Round  10: Avg Test Accuracy = 0.0980, Bits = 7.35 MB, Time = 7.03s
Round 11 times — local: 0.479s (avg 0.1198s) | sheaf: 0.002s (avg 0.0004s) | restriction: 0.001s (avg 0.0002s)
Round 12 times — local: 0.482s (avg 0.1205s) | sheaf: 0.002s (avg 0.0004s) | restriction: 0.001s (avg 0.0002s)
Round 13 times — local: 0.559s (avg 0.1396s) | sheaf: 0.002s (avg 0.0004s) | restriction: 0.001s (avg 0.0002s)
Round 14 times — local: 0.483s (avg 0.1208s) | sheaf: 0.002s (avg 0.0004s) | restriction: 0.001s (avg 0.0002s)
Round 15 times — local: 0.487s (avg 0.1217s) | sheaf: 0.002s (avg 0.0004s) | restriction: 0.001s (avg 0.0002s)
Round 16 times — local: 0.487s (avg 0.1217s) | sheaf: 0.001s (avg 0.0004s) | restriction: 0.001s (avg 0.0002s)
Round 17 times — local: 0.482s (avg 0.1205s) | sheaf: 0.002s (avg 0.0004s) | restriction: 0.001s (avg 0.0002s)
Round 18 times — local: 0.480s (avg 0.1201s) | sheaf: 0.002s (avg 0.0004s) | restriction: 0.001s (avg 0.0002s)
Round 19 times — local: 0.555s (avg 0.1387s) | sheaf: 0.002s (avg 0.0004s) | restriction: 0.001s (avg 0.0002s)

Results saved to results/sheaf_fmtl_rmnist_sheaf_gamma0.1_eta0.1_seed456.json

Training completed!
Final average test accuracy: 0.0980
Total communication: 13.37 MB
Total time: 11.55 seconds
=== Seed 789: Running independent baseline ===
Preparing Rotated MNIST dataset...
Generating complete communication graph...
Graph statistics: {'num_nodes': 4, 'num_edges': 6, 'avg_degree': 3.0, 'max_degree': 3, 'min_degree': 3, 'diameter': 1, 'avg_clustering': 1.0, 'is_connected': True}
Initializing client models...
Initializing Sheaf-FMTL algorithm...
Using device: cuda

Starting training for 20 rounds...
Communication bits per round: 668,544
Round 0 times — local: 1.736s (avg 0.4339s) | sheaf: 0.000s (avg nans) | restriction: 0.000s (avg nans)
Round   0: Avg Test Accuracy = 0.3763, Bits = 0.67 MB, Time = 1.74s
Round 1 times — local: 0.478s (avg 0.1194s) | sheaf: 0.000s (avg nans) | restriction: 0.000s (avg nans)
Round 2 times — local: 0.551s (avg 0.1376s) | sheaf: 0.000s (avg nans) | restriction: 0.000s (avg nans)
Round 3 times — local: 0.479s (avg 0.1197s) | sheaf: 0.000s (avg nans) | restriction: 0.000s (avg nans)
Round 4 times — local: 0.479s (avg 0.1197s) | sheaf: 0.000s (avg nans) | restriction: 0.000s (avg nans)
Round 5 times — local: 0.475s (avg 0.1187s) | sheaf: 0.000s (avg nans) | restriction: 0.000s (avg nans)
Round 6 times — local: 0.497s (avg 0.1243s) | sheaf: 0.000s (avg nans) | restriction: 0.000s (avg nans)
Round 7 times — local: 0.546s (avg 0.1364s) | sheaf: 0.000s (avg nans) | restriction: 0.000s (avg nans)
Round 8 times — local: 0.479s (avg 0.1197s) | sheaf: 0.000s (avg nans) | restriction: 0.000s (avg nans)
Round 9 times — local: 0.473s (avg 0.1182s) | sheaf: 0.000s (avg nans) | restriction: 0.000s (avg nans)
Round 10 times — local: 0.473s (avg 0.1183s) | sheaf: 0.000s (avg nans) | restriction: 0.000s (avg nans)
Round  10: Avg Test Accuracy = 0.8648, Bits = 7.35 MB, Time = 6.67s
Round 11 times — local: 0.472s (avg 0.1179s) | sheaf: 0.000s (avg nans) | restriction: 0.000s (avg nans)
Round 12 times — local: 0.473s (avg 0.1184s) | sheaf: 0.000s (avg nans) | restriction: 0.000s (avg nans)
Round 13 times — local: 0.531s (avg 0.1328s) | sheaf: 0.000s (avg nans) | restriction: 0.000s (avg nans)
Round 14 times — local: 0.493s (avg 0.1232s) | sheaf: 0.000s (avg nans) | restriction: 0.000s (avg nans)
Round 15 times — local: 0.476s (avg 0.1189s) | sheaf: 0.000s (avg nans) | restriction: 0.000s (avg nans)
Round 16 times — local: 0.476s (avg 0.1190s) | sheaf: 0.000s (avg nans) | restriction: 0.000s (avg nans)
Round 17 times — local: 0.473s (avg 0.1182s) | sheaf: 0.000s (avg nans) | restriction: 0.000s (avg nans)
Round 18 times — local: 0.459s (avg 0.1148s) | sheaf: 0.000s (avg nans) | restriction: 0.000s (avg nans)
Round 19 times — local: 0.550s (avg 0.1375s) | sheaf: 0.000s (avg nans) | restriction: 0.000s (avg nans)

Results saved to results/sheaf_fmtl_rmnist_local_gamma0.1_seed789.json

Training completed!
Final average test accuracy: 0.8997
Total communication: 13.37 MB
Total time: 11.07 seconds
=== Seed 789: Running Sheaf-FMTL with eta=0.0 (fixed maps) ===
Preparing Rotated MNIST dataset...
Generating complete communication graph...
Graph statistics: {'num_nodes': 4, 'num_edges': 6, 'avg_degree': 3.0, 'max_degree': 3, 'min_degree': 3, 'diameter': 1, 'avg_clustering': 1.0, 'is_connected': True}
Initializing client models...
Initializing Sheaf-FMTL algorithm...
Using device: cuda

Starting training for 20 rounds...
Communication bits per round: 668,544
Round 0 times — local: 1.757s (avg 0.4392s) | sheaf: 0.006s (avg 0.0015s) | restriction: 0.001s (avg 0.0003s)
Round   0: Avg Test Accuracy = 0.3267, Bits = 0.67 MB, Time = 1.76s
Round 1 times — local: 0.482s (avg 0.1205s) | sheaf: 0.002s (avg 0.0004s) | restriction: 0.001s (avg 0.0002s)
Round 2 times — local: 0.553s (avg 0.1383s) | sheaf: 0.002s (avg 0.0004s) | restriction: 0.001s (avg 0.0002s)
Round 3 times — local: 0.481s (avg 0.1203s) | sheaf: 0.002s (avg 0.0004s) | restriction: 0.001s (avg 0.0002s)
Round 4 times — local: 0.480s (avg 0.1201s) | sheaf: 0.002s (avg 0.0004s) | restriction: 0.001s (avg 0.0002s)
Round 5 times — local: 0.489s (avg 0.1223s) | sheaf: 0.002s (avg 0.0004s) | restriction: 0.001s (avg 0.0002s)
Round 6 times — local: 0.493s (avg 0.1232s) | sheaf: 0.002s (avg 0.0004s) | restriction: 0.001s (avg 0.0002s)
Round 7 times — local: 0.548s (avg 0.1371s) | sheaf: 0.002s (avg 0.0004s) | restriction: 0.001s (avg 0.0002s)
Round 8 times — local: 0.488s (avg 0.1220s) | sheaf: 0.002s (avg 0.0004s) | restriction: 0.001s (avg 0.0002s)
Round 9 times — local: 0.478s (avg 0.1196s) | sheaf: 0.002s (avg 0.0004s) | restriction: 0.001s (avg 0.0002s)
Round 10 times — local: 0.479s (avg 0.1198s) | sheaf: 0.002s (avg 0.0004s) | restriction: 0.001s (avg 0.0002s)
Round  10: Avg Test Accuracy = 0.8416, Bits = 7.35 MB, Time = 6.76s
Round 11 times — local: 0.478s (avg 0.1195s) | sheaf: 0.002s (avg 0.0004s) | restriction: 0.001s (avg 0.0002s)
Round 12 times — local: 0.477s (avg 0.1193s) | sheaf: 0.002s (avg 0.0004s) | restriction: 0.001s (avg 0.0002s)
Round 13 times — local: 0.536s (avg 0.1340s) | sheaf: 0.002s (avg 0.0004s) | restriction: 0.001s (avg 0.0002s)
Round 14 times — local: 0.499s (avg 0.1248s) | sheaf: 0.002s (avg 0.0004s) | restriction: 0.001s (avg 0.0002s)
Round 15 times — local: 0.480s (avg 0.1201s) | sheaf: 0.002s (avg 0.0004s) | restriction: 0.001s (avg 0.0002s)
Round 16 times — local: 0.485s (avg 0.1213s) | sheaf: 0.002s (avg 0.0004s) | restriction: 0.001s (avg 0.0002s)
Round 17 times — local: 0.479s (avg 0.1197s) | sheaf: 0.002s (avg 0.0004s) | restriction: 0.001s (avg 0.0002s)
Round 18 times — local: 0.478s (avg 0.1194s) | sheaf: 0.002s (avg 0.0004s) | restriction: 0.001s (avg 0.0002s)
Round 19 times — local: 0.552s (avg 0.1380s) | sheaf: 0.002s (avg 0.0004s) | restriction: 0.001s (avg 0.0002s)

Results saved to results/sheaf_fmtl_rmnist_sheaf_gamma0.1_eta0.0_seed789.json

Training completed!
Final average test accuracy: 0.8874
Total communication: 13.37 MB
Total time: 11.25 seconds
=== Seed 789: Running Sheaf-FMTL with eta=0.1 (learned maps) ===
Preparing Rotated MNIST dataset...
Generating complete communication graph...
Graph statistics: {'num_nodes': 4, 'num_edges': 6, 'avg_degree': 3.0, 'max_degree': 3, 'min_degree': 3, 'diameter': 1, 'avg_clustering': 1.0, 'is_connected': True}
Initializing client models...
Initializing Sheaf-FMTL algorithm...
Using device: cuda

Starting training for 20 rounds...
Communication bits per round: 668,544
Round 0 times — local: 1.710s (avg 0.4276s) | sheaf: 0.006s (avg 0.0015s) | restriction: 0.001s (avg 0.0003s)
Round   0: Avg Test Accuracy = 0.1631, Bits = 0.67 MB, Time = 1.72s
Round 1 times — local: 0.468s (avg 0.1169s) | sheaf: 0.002s (avg 0.0004s) | restriction: 0.001s (avg 0.0002s)
Round 2 times — local: 0.555s (avg 0.1388s) | sheaf: 0.002s (avg 0.0004s) | restriction: 0.001s (avg 0.0002s)
Round 3 times — local: 0.480s (avg 0.1200s) | sheaf: 0.002s (avg 0.0004s) | restriction: 0.001s (avg 0.0002s)
Round 4 times — local: 0.483s (avg 0.1208s) | sheaf: 0.002s (avg 0.0004s) | restriction: 0.001s (avg 0.0002s)
Round 5 times — local: 0.488s (avg 0.1220s) | sheaf: 0.002s (avg 0.0004s) | restriction: 0.001s (avg 0.0002s)
Round 6 times — local: 0.488s (avg 0.1221s) | sheaf: 0.002s (avg 0.0004s) | restriction: 0.001s (avg 0.0002s)
Round 7 times — local: 0.558s (avg 0.1394s) | sheaf: 0.002s (avg 0.0004s) | restriction: 0.001s (avg 0.0002s)
Round 8 times — local: 0.488s (avg 0.1221s) | sheaf: 0.002s (avg 0.0004s) | restriction: 0.001s (avg 0.0002s)
Round 9 times — local: 0.479s (avg 0.1198s) | sheaf: 0.002s (avg 0.0004s) | restriction: 0.001s (avg 0.0002s)
Round 10 times — local: 0.481s (avg 0.1203s) | sheaf: 0.002s (avg 0.0004s) | restriction: 0.001s (avg 0.0002s)
Round  10: Avg Test Accuracy = 0.0980, Bits = 7.35 MB, Time = 6.71s
Round 11 times — local: 0.485s (avg 0.1213s) | sheaf: 0.001s (avg 0.0004s) | restriction: 0.001s (avg 0.0002s)
Round 12 times — local: 0.499s (avg 0.1247s) | sheaf: 0.002s (avg 0.0004s) | restriction: 0.001s (avg 0.0002s)
Round 13 times — local: 0.555s (avg 0.1387s) | sheaf: 0.002s (avg 0.0004s) | restriction: 0.001s (avg 0.0002s)
Round 14 times — local: 0.528s (avg 0.1321s) | sheaf: 0.002s (avg 0.0004s) | restriction: 0.001s (avg 0.0002s)
Round 15 times — local: 0.497s (avg 0.1242s) | sheaf: 0.002s (avg 0.0004s) | restriction: 0.001s (avg 0.0002s)
Round 16 times — local: 0.495s (avg 0.1238s) | sheaf: 0.002s (avg 0.0004s) | restriction: 0.001s (avg 0.0002s)
Round 17 times — local: 0.482s (avg 0.1205s) | sheaf: 0.002s (avg 0.0004s) | restriction: 0.001s (avg 0.0002s)
Round 18 times — local: 0.483s (avg 0.1207s) | sheaf: 0.002s (avg 0.0004s) | restriction: 0.001s (avg 0.0002s)
Round 19 times — local: 0.567s (avg 0.1418s) | sheaf: 0.002s (avg 0.0004s) | restriction: 0.001s (avg 0.0002s)

Results saved to results/sheaf_fmtl_rmnist_sheaf_gamma0.1_eta0.1_seed789.json

Training completed!
Final average test accuracy: 0.0980
Total communication: 13.37 MB
Total time: 11.33 seconds
=== Seed 1234: Running independent baseline ===
Preparing Rotated MNIST dataset...
Generating complete communication graph...
Graph statistics: {'num_nodes': 4, 'num_edges': 6, 'avg_degree': 3.0, 'max_degree': 3, 'min_degree': 3, 'diameter': 1, 'avg_clustering': 1.0, 'is_connected': True}
Initializing client models...
Initializing Sheaf-FMTL algorithm...
Using device: cuda

Starting training for 20 rounds...
Communication bits per round: 668,544
Round 0 times — local: 2.003s (avg 0.5007s) | sheaf: 0.000s (avg nans) | restriction: 0.000s (avg nans)
Round   0: Avg Test Accuracy = 0.3587, Bits = 0.67 MB, Time = 2.00s
Round 1 times — local: 0.478s (avg 0.1195s) | sheaf: 0.000s (avg nans) | restriction: 0.000s (avg nans)
Round 2 times — local: 0.549s (avg 0.1372s) | sheaf: 0.000s (avg nans) | restriction: 0.000s (avg nans)
Round 3 times — local: 0.479s (avg 0.1196s) | sheaf: 0.000s (avg nans) | restriction: 0.000s (avg nans)
Round 4 times — local: 0.478s (avg 0.1195s) | sheaf: 0.000s (avg nans) | restriction: 0.000s (avg nans)
Round 5 times — local: 0.472s (avg 0.1181s) | sheaf: 0.000s (avg nans) | restriction: 0.000s (avg nans)
Round 6 times — local: 0.496s (avg 0.1240s) | sheaf: 0.000s (avg nans) | restriction: 0.000s (avg nans)
Round 7 times — local: 0.551s (avg 0.1378s) | sheaf: 0.000s (avg nans) | restriction: 0.000s (avg nans)
Round 8 times — local: 0.482s (avg 0.1204s) | sheaf: 0.000s (avg nans) | restriction: 0.000s (avg nans)
Round 9 times — local: 0.473s (avg 0.1183s) | sheaf: 0.000s (avg nans) | restriction: 0.000s (avg nans)
Round 10 times — local: 0.474s (avg 0.1184s) | sheaf: 0.000s (avg nans) | restriction: 0.000s (avg nans)
Round  10: Avg Test Accuracy = 0.8781, Bits = 7.35 MB, Time = 6.94s
Round 11 times — local: 0.471s (avg 0.1177s) | sheaf: 0.000s (avg nans) | restriction: 0.000s (avg nans)
Round 12 times — local: 0.472s (avg 0.1180s) | sheaf: 0.000s (avg nans) | restriction: 0.000s (avg nans)
Round 13 times — local: 0.531s (avg 0.1328s) | sheaf: 0.000s (avg nans) | restriction: 0.000s (avg nans)
Round 14 times — local: 0.498s (avg 0.1245s) | sheaf: 0.000s (avg nans) | restriction: 0.000s (avg nans)
Round 15 times — local: 0.455s (avg 0.1137s) | sheaf: 0.000s (avg nans) | restriction: 0.000s (avg nans)
Round 16 times — local: 0.479s (avg 0.1198s) | sheaf: 0.000s (avg nans) | restriction: 0.000s (avg nans)
Round 17 times — local: 0.474s (avg 0.1184s) | sheaf: 0.000s (avg nans) | restriction: 0.000s (avg nans)
Round 18 times — local: 0.475s (avg 0.1188s) | sheaf: 0.000s (avg nans) | restriction: 0.000s (avg nans)
Round 19 times — local: 0.556s (avg 0.1390s) | sheaf: 0.000s (avg nans) | restriction: 0.000s (avg nans)

Results saved to results/sheaf_fmtl_rmnist_local_gamma0.1_seed1234.json

Training completed!
Final average test accuracy: 0.9084
Total communication: 13.37 MB
Total time: 11.35 seconds
=== Seed 1234: Running Sheaf-FMTL with eta=0.0 (fixed maps) ===
Preparing Rotated MNIST dataset...
Generating complete communication graph...
Graph statistics: {'num_nodes': 4, 'num_edges': 6, 'avg_degree': 3.0, 'max_degree': 3, 'min_degree': 3, 'diameter': 1, 'avg_clustering': 1.0, 'is_connected': True}
Initializing client models...
Initializing Sheaf-FMTL algorithm...
Using device: cuda

Starting training for 20 rounds...
Communication bits per round: 668,544
Round 0 times — local: 1.720s (avg 0.4299s) | sheaf: 0.006s (avg 0.0015s) | restriction: 0.001s (avg 0.0003s)
Round   0: Avg Test Accuracy = 0.3038, Bits = 0.67 MB, Time = 1.73s
Round 1 times — local: 0.482s (avg 0.1206s) | sheaf: 0.001s (avg 0.0004s) | restriction: 0.001s (avg 0.0002s)
Round 2 times — local: 0.554s (avg 0.1385s) | sheaf: 0.002s (avg 0.0004s) | restriction: 0.001s (avg 0.0002s)
Round 3 times — local: 0.482s (avg 0.1204s) | sheaf: 0.001s (avg 0.0004s) | restriction: 0.001s (avg 0.0002s)
Round 4 times — local: 0.482s (avg 0.1206s) | sheaf: 0.002s (avg 0.0004s) | restriction: 0.001s (avg 0.0002s)
Round 5 times — local: 0.490s (avg 0.1224s) | sheaf: 0.002s (avg 0.0004s) | restriction: 0.001s (avg 0.0002s)
Round 6 times — local: 0.485s (avg 0.1214s) | sheaf: 0.001s (avg 0.0004s) | restriction: 0.001s (avg 0.0002s)
Round 7 times — local: 0.549s (avg 0.1372s) | sheaf: 0.002s (avg 0.0004s) | restriction: 0.001s (avg 0.0002s)
Round 8 times — local: 0.486s (avg 0.1216s) | sheaf: 0.002s (avg 0.0004s) | restriction: 0.001s (avg 0.0002s)
Round 9 times — local: 0.478s (avg 0.1195s) | sheaf: 0.002s (avg 0.0004s) | restriction: 0.001s (avg 0.0002s)
Round 10 times — local: 0.474s (avg 0.1186s) | sheaf: 0.002s (avg 0.0004s) | restriction: 0.001s (avg 0.0002s)
Round  10: Avg Test Accuracy = 0.8560, Bits = 7.35 MB, Time = 6.71s
Round 11 times — local: 0.475s (avg 0.1188s) | sheaf: 0.002s (avg 0.0004s) | restriction: 0.001s (avg 0.0002s)
Round 12 times — local: 0.473s (avg 0.1183s) | sheaf: 0.002s (avg 0.0004s) | restriction: 0.001s (avg 0.0002s)
Round 13 times — local: 0.535s (avg 0.1337s) | sheaf: 0.002s (avg 0.0004s) | restriction: 0.001s (avg 0.0002s)
Round 14 times — local: 0.499s (avg 0.1247s) | sheaf: 0.001s (avg 0.0004s) | restriction: 0.001s (avg 0.0002s)
Round 15 times — local: 0.481s (avg 0.1202s) | sheaf: 0.002s (avg 0.0004s) | restriction: 0.001s (avg 0.0002s)
Round 16 times — local: 0.490s (avg 0.1225s) | sheaf: 0.002s (avg 0.0004s) | restriction: 0.001s (avg 0.0002s)
Round 17 times — local: 0.481s (avg 0.1201s) | sheaf: 0.002s (avg 0.0004s) | restriction: 0.001s (avg 0.0002s)
Round 18 times — local: 0.478s (avg 0.1195s) | sheaf: 0.001s (avg 0.0004s) | restriction: 0.001s (avg 0.0002s)
Round 19 times — local: 0.558s (avg 0.1395s) | sheaf: 0.002s (avg 0.0004s) | restriction: 0.001s (avg 0.0002s)

Results saved to results/sheaf_fmtl_rmnist_sheaf_gamma0.1_eta0.0_seed1234.json

Training completed!
Final average test accuracy: 0.8975
Total communication: 13.37 MB
Total time: 11.21 seconds
=== Seed 1234: Running Sheaf-FMTL with eta=0.1 (learned maps) ===
Preparing Rotated MNIST dataset...
Generating complete communication graph...
Graph statistics: {'num_nodes': 4, 'num_edges': 6, 'avg_degree': 3.0, 'max_degree': 3, 'min_degree': 3, 'diameter': 1, 'avg_clustering': 1.0, 'is_connected': True}
Initializing client models...
Initializing Sheaf-FMTL algorithm...
Using device: cuda

Starting training for 20 rounds...
Communication bits per round: 668,544
Round 0 times — local: 1.753s (avg 0.4383s) | sheaf: 0.005s (avg 0.0013s) | restriction: 0.001s (avg 0.0003s)
Round   0: Avg Test Accuracy = 0.1481, Bits = 0.67 MB, Time = 1.76s
Round 1 times — local: 0.487s (avg 0.1217s) | sheaf: 0.002s (avg 0.0004s) | restriction: 0.001s (avg 0.0002s)
Round 2 times — local: 0.548s (avg 0.1369s) | sheaf: 0.002s (avg 0.0004s) | restriction: 0.001s (avg 0.0002s)
Round 3 times — local: 0.484s (avg 0.1209s) | sheaf: 0.002s (avg 0.0004s) | restriction: 0.001s (avg 0.0002s)
Round 4 times — local: 0.480s (avg 0.1201s) | sheaf: 0.002s (avg 0.0004s) | restriction: 0.001s (avg 0.0002s)
Round 5 times — local: 0.475s (avg 0.1188s) | sheaf: 0.002s (avg 0.0004s) | restriction: 0.001s (avg 0.0002s)
Round 6 times — local: 0.495s (avg 0.1236s) | sheaf: 0.002s (avg 0.0004s) | restriction: 0.001s (avg 0.0002s)
Round 7 times — local: 0.550s (avg 0.1375s) | sheaf: 0.002s (avg 0.0004s) | restriction: 0.001s (avg 0.0002s)
Round 8 times — local: 0.489s (avg 0.1222s) | sheaf: 0.001s (avg 0.0004s) | restriction: 0.001s (avg 0.0002s)
Round 9 times — local: 0.480s (avg 0.1199s) | sheaf: 0.002s (avg 0.0004s) | restriction: 0.001s (avg 0.0002s)
Round 10 times — local: 0.482s (avg 0.1205s) | sheaf: 0.002s (avg 0.0004s) | restriction: 0.001s (avg 0.0002s)
Round  10: Avg Test Accuracy = 0.0980, Bits = 7.35 MB, Time = 6.75s
Round 11 times — local: 0.479s (avg 0.1196s) | sheaf: 0.002s (avg 0.0004s) | restriction: 0.001s (avg 0.0002s)
Round 12 times — local: 0.478s (avg 0.1195s) | sheaf: 0.002s (avg 0.0004s) | restriction: 0.001s (avg 0.0002s)
Round 13 times — local: 0.542s (avg 0.1355s) | sheaf: 0.002s (avg 0.0004s) | restriction: 0.001s (avg 0.0002s)
Round 14 times — local: 0.490s (avg 0.1226s) | sheaf: 0.002s (avg 0.0004s) | restriction: 0.001s (avg 0.0002s)
Round 15 times — local: 0.478s (avg 0.1195s) | sheaf: 0.002s (avg 0.0004s) | restriction: 0.001s (avg 0.0002s)
Round 16 times — local: 0.476s (avg 0.1191s) | sheaf: 0.002s (avg 0.0004s) | restriction: 0.001s (avg 0.0002s)
Round 17 times — local: 0.484s (avg 0.1210s) | sheaf: 0.002s (avg 0.0004s) | restriction: 0.001s (avg 0.0002s)
Round 18 times — local: 0.474s (avg 0.1185s) | sheaf: 0.002s (avg 0.0004s) | restriction: 0.001s (avg 0.0002s)
Round 19 times — local: 0.549s (avg 0.1372s) | sheaf: 0.002s (avg 0.0004s) | restriction: 0.001s (avg 0.0002s)

Results saved to results/sheaf_fmtl_rmnist_sheaf_gamma0.1_eta0.1_seed1234.json

Training completed!
Final average test accuracy: 0.0980
Total communication: 13.37 MB
Total time: 11.22 seconds
=== All runs complete. Plotting... ===
Plot saved to results/rmnist_comparison_gamma0.1.png
