=== Run 1: lambda_reg=0 (baseline, no sheaf coordination) ===
Preparing HAR dataset...
Loading HAR dataset...
Warning: data/task_index.npy not found. Creating synthetic client assignment.
Client 0: Train samples = 51, Test samples = 17
Client 1: Train samples = 257, Test samples = 86
Client 2: Train samples = 257, Test samples = 86
Client 3: Train samples = 257, Test samples = 86
Client 4: Train samples = 51, Test samples = 17
Client 5: Train samples = 51, Test samples = 17
Client 6: Train samples = 257, Test samples = 86
Client 7: Train samples = 257, Test samples = 86
Client 8: Train samples = 51, Test samples = 17
Client 9: Train samples = 51, Test samples = 17
Client 10: Train samples = 257, Test samples = 86
Client 11: Train samples = 51, Test samples = 17
Client 12: Train samples = 51, Test samples = 17
Client 13: Train samples = 51, Test samples = 17
Client 14: Train samples = 257, Test samples = 86
Client 15: Train samples = 51, Test samples = 17
Client 16: Train samples = 51, Test samples = 17
Client 17: Train samples = 51, Test samples = 17
Client 18: Train samples = 257, Test samples = 86
Client 19: Train samples = 257, Test samples = 86
Client 20: Train samples = 257, Test samples = 86
Client 21: Train samples = 257, Test samples = 86
Client 22: Train samples = 257, Test samples = 86
Client 23: Train samples = 51, Test samples = 17
Client 24: Train samples = 51, Test samples = 17
Client 25: Train samples = 257, Test samples = 86
Client 26: Train samples = 257, Test samples = 86
Client 27: Train samples = 51, Test samples = 17
Client 28: Train samples = 51, Test samples = 17
Client 29: Train samples = 264, Test samples = 88
Dataset info: {'input_size': 561, 'num_classes': 6, 'num_clients': 30}
Generating erdos_renyi communication graph...
Graph statistics: {'num_nodes': 30, 'num_edges': 70, 'avg_degree': 4.666666666666667, 'max_degree': 10, 'min_degree': 1, 'diameter': 6, 'avg_clustering': 0.11984126984126986, 'is_connected': True}
Initializing client models...
Initializing Sheaf-FMTL algorithm...
Using device: cuda

Starting training for 100 rounds...
Communication bits per round: 2,158,080
Number of parameters: 3372
Round   0: Avg Test Accuracy = 0.2301, Bits = 2.16 MB, Time = 4.09s
Round  10: Avg Test Accuracy = 0.5680, Bits = 23.74 MB, Time = 5.73s
Round  20: Avg Test Accuracy = 0.6821, Bits = 45.32 MB, Time = 7.34s
Round  30: Avg Test Accuracy = 0.7522, Bits = 66.90 MB, Time = 8.94s
Round  40: Avg Test Accuracy = 0.7701, Bits = 88.48 MB, Time = 10.56s
Round  50: Avg Test Accuracy = 0.8045, Bits = 110.06 MB, Time = 12.19s
Round  60: Avg Test Accuracy = 0.8222, Bits = 131.64 MB, Time = 13.62s
Round  70: Avg Test Accuracy = 0.8319, Bits = 153.22 MB, Time = 15.15s
Round  80: Avg Test Accuracy = 0.8541, Bits = 174.80 MB, Time = 16.53s
Round  90: Avg Test Accuracy = 0.8654, Bits = 196.39 MB, Time = 18.11s

Results saved to results/sheaf_fmtl_har_gamma1.0.json

Training completed!
Final average test accuracy: 0.8752
Total communication: 215.81 MB
Total time: 19.49 seconds
=== Run 1 complete ===
=== Run 2: lambda_reg=0.05 (sheaf-regularized) ===
Preparing HAR dataset...
Loading HAR dataset...
Warning: data/task_index.npy not found. Creating synthetic client assignment.
Client 0: Train samples = 51, Test samples = 17
Client 1: Train samples = 257, Test samples = 86
Client 2: Train samples = 257, Test samples = 86
Client 3: Train samples = 257, Test samples = 86
Client 4: Train samples = 51, Test samples = 17
Client 5: Train samples = 51, Test samples = 17
Client 6: Train samples = 257, Test samples = 86
Client 7: Train samples = 257, Test samples = 86
Client 8: Train samples = 51, Test samples = 17
Client 9: Train samples = 51, Test samples = 17
Client 10: Train samples = 257, Test samples = 86
Client 11: Train samples = 51, Test samples = 17
Client 12: Train samples = 51, Test samples = 17
Client 13: Train samples = 51, Test samples = 17
Client 14: Train samples = 257, Test samples = 86
Client 15: Train samples = 51, Test samples = 17
Client 16: Train samples = 51, Test samples = 17
Client 17: Train samples = 51, Test samples = 17
Client 18: Train samples = 257, Test samples = 86
Client 19: Train samples = 257, Test samples = 86
Client 20: Train samples = 257, Test samples = 86
Client 21: Train samples = 257, Test samples = 86
Client 22: Train samples = 257, Test samples = 86
Client 23: Train samples = 51, Test samples = 17
Client 24: Train samples = 51, Test samples = 17
Client 25: Train samples = 257, Test samples = 86
Client 26: Train samples = 257, Test samples = 86
Client 27: Train samples = 51, Test samples = 17
Client 28: Train samples = 51, Test samples = 17
Client 29: Train samples = 264, Test samples = 88
Dataset info: {'input_size': 561, 'num_classes': 6, 'num_clients': 30}
Generating erdos_renyi communication graph...
Graph statistics: {'num_nodes': 30, 'num_edges': 85, 'avg_degree': 5.666666666666667, 'max_degree': 11, 'min_degree': 1, 'diameter': 4, 'avg_clustering': 0.24970177970177973, 'is_connected': True}
Initializing client models...
Initializing Sheaf-FMTL algorithm...
Using device: cuda

Starting training for 100 rounds...
Communication bits per round: 2,373,888
Number of parameters: 3372
Round   0: Avg Test Accuracy = 0.2360, Bits = 2.37 MB, Time = 1.57s
Round  10: Avg Test Accuracy = 0.5622, Bits = 26.11 MB, Time = 3.30s
Round  20: Avg Test Accuracy = 0.6783, Bits = 49.85 MB, Time = 5.03s
Round  30: Avg Test Accuracy = 0.7448, Bits = 73.59 MB, Time = 6.75s
Round  40: Avg Test Accuracy = 0.7666, Bits = 97.33 MB, Time = 8.46s
Round  50: Avg Test Accuracy = 0.7905, Bits = 121.07 MB, Time = 10.18s
Round  60: Avg Test Accuracy = 0.8096, Bits = 144.81 MB, Time = 11.89s
Round  70: Avg Test Accuracy = 0.8249, Bits = 168.55 MB, Time = 13.58s
Round  80: Avg Test Accuracy = 0.8455, Bits = 192.28 MB, Time = 15.33s
Round  90: Avg Test Accuracy = 0.8556, Bits = 216.02 MB, Time = 17.03s

Results saved to results/sheaf_fmtl_har_gamma1.0.json

Training completed!
Final average test accuracy: 0.8678
Total communication: 237.39 MB
Total time: 18.55 seconds
=== Run 2 complete ===
