=== Running Sheaf-FMTL on HAR dataset ===
Preparing HAR dataset...
Loading HAR dataset...
Warning: data/task_index.npy not found. Creating synthetic client assignment.
Client 0: Train samples = 51, Test samples = 17
Client 1: Train samples = 257, Test samples = 86
Client 2: Train samples = 257, Test samples = 86
Client 3: Train samples = 257, Test samples = 86
Client 4: Train samples = 51, Test samples = 17
Client 5: Train samples = 51, Test samples = 17
Client 6: Train samples = 257, Test samples = 86
Client 7: Train samples = 257, Test samples = 86
Client 8: Train samples = 51, Test samples = 17
Client 9: Train samples = 51, Test samples = 17
Client 10: Train samples = 257, Test samples = 86
Client 11: Train samples = 51, Test samples = 17
Client 12: Train samples = 51, Test samples = 17
Client 13: Train samples = 51, Test samples = 17
Client 14: Train samples = 257, Test samples = 86
Client 15: Train samples = 51, Test samples = 17
Client 16: Train samples = 51, Test samples = 17
Client 17: Train samples = 51, Test samples = 17
Client 18: Train samples = 257, Test samples = 86
Client 19: Train samples = 257, Test samples = 86
Client 20: Train samples = 257, Test samples = 86
Client 21: Train samples = 257, Test samples = 86
Client 22: Train samples = 257, Test samples = 86
Client 23: Train samples = 51, Test samples = 17
Client 24: Train samples = 51, Test samples = 17
Client 25: Train samples = 257, Test samples = 86
Client 26: Train samples = 257, Test samples = 86
Client 27: Train samples = 51, Test samples = 17
Client 28: Train samples = 51, Test samples = 17
Client 29: Train samples = 264, Test samples = 88
Dataset info: {'input_size': 561, 'num_classes': 6, 'num_clients': 30}
Generating erdos_renyi communication graph...
Graph statistics: {'num_nodes': 30, 'num_edges': 74, 'avg_degree': 4.933333333333334, 'max_degree': 10, 'min_degree': 1, 'diameter': 5, 'avg_clustering': 0.13425925925925922, 'is_connected': True}
Initializing client models...
Initializing Sheaf-FMTL algorithm...
Using device: cuda

Starting training for 200 rounds...
Communication bits per round: 647,040
Number of parameters: 3372
Round   0: Avg Test Accuracy = 0.2301, Bits = 0.65 MB, Time = 5.21s
Round  10: Avg Test Accuracy = 0.5680, Bits = 7.12 MB, Time = 6.88s
Round  20: Avg Test Accuracy = 0.6821, Bits = 13.59 MB, Time = 8.56s
Round  30: Avg Test Accuracy = 0.7519, Bits = 20.06 MB, Time = 10.23s
Round  40: Avg Test Accuracy = 0.7701, Bits = 26.53 MB, Time = 11.90s
Round  50: Avg Test Accuracy = 0.8041, Bits = 33.00 MB, Time = 13.57s
Round  60: Avg Test Accuracy = 0.8222, Bits = 39.47 MB, Time = 15.23s
Round  70: Avg Test Accuracy = 0.8319, Bits = 45.94 MB, Time = 16.92s
Round  80: Avg Test Accuracy = 0.8526, Bits = 52.41 MB, Time = 18.61s
Round  90: Avg Test Accuracy = 0.8654, Bits = 58.88 MB, Time = 20.28s
Round 100: Avg Test Accuracy = 0.8706, Bits = 65.35 MB, Time = 21.84s
Round 110: Avg Test Accuracy = 0.8772, Bits = 71.82 MB, Time = 23.42s
Round 120: Avg Test Accuracy = 0.8795, Bits = 78.29 MB, Time = 25.08s
Round 130: Avg Test Accuracy = 0.8803, Bits = 84.76 MB, Time = 26.74s
Round 140: Avg Test Accuracy = 0.8818, Bits = 91.23 MB, Time = 28.33s
Round 150: Avg Test Accuracy = 0.8893, Bits = 97.70 MB, Time = 29.97s
Round 160: Avg Test Accuracy = 0.8909, Bits = 104.17 MB, Time = 31.59s
Round 170: Avg Test Accuracy = 0.8959, Bits = 110.64 MB, Time = 33.24s
Round 180: Avg Test Accuracy = 0.8971, Bits = 117.11 MB, Time = 35.04s
Round 190: Avg Test Accuracy = 0.8882, Bits = 123.58 MB, Time = 36.75s

Results saved to results/sheaf_fmtl_har_gamma0.3.json

Training completed!
Final average test accuracy: 0.9100
Total communication: 129.41 MB
Total time: 38.25 seconds
=== HAR run complete ===
