=== Run 1: lambda_reg=0 (baseline, no sheaf coordination) ===
Preparing HAR dataset...
Loading HAR dataset...
Warning: data/task_index.npy not found. Creating synthetic client assignment.
Dataset info: {'input_size': 561, 'num_classes': 6, 'num_clients': 30}
Generating erdos_renyi communication graph...
Graph statistics: {'num_nodes': 30, 'num_edges': 79, 'avg_degree': 5.266666666666667, 'max_degree': 10, 'min_degree': 1, 'diameter': 4, 'avg_clustering': 0.19764550264550265, 'is_connected': True}
Initializing client models...
Initializing Sheaf-FMTL algorithm...
Using device: cuda

Starting training for 100 rounds...
Communication bits per round: 2,158,080
Number of parameters: 3372
Round   0: Avg Test Accuracy = 0.2301, Bits = 2.16 MB, Time = 3.74s
Round  10: Avg Test Accuracy = 0.5680, Bits = 23.74 MB, Time = 5.45s
Round  20: Avg Test Accuracy = 0.6821, Bits = 45.32 MB, Time = 7.16s
Round  30: Avg Test Accuracy = 0.7522, Bits = 66.90 MB, Time = 8.87s
Round  40: Avg Test Accuracy = 0.7701, Bits = 88.48 MB, Time = 10.57s
Round  50: Avg Test Accuracy = 0.8045, Bits = 110.06 MB, Time = 12.27s
Round  60: Avg Test Accuracy = 0.8222, Bits = 131.64 MB, Time = 13.98s
Round  70: Avg Test Accuracy = 0.8319, Bits = 153.22 MB, Time = 15.51s
Round  80: Avg Test Accuracy = 0.8541, Bits = 174.80 MB, Time = 17.21s
Round  90: Avg Test Accuracy = 0.8654, Bits = 196.39 MB, Time = 18.89s

Results saved to results/sheaf_fmtl_har_gamma1.0.json

Training completed!
Final average test accuracy: 0.8752
Total communication: 215.81 MB
Total time: 20.41 seconds
=== Run 1 complete ===
=== Run 2: lambda_reg=20.0 (sheaf-regularized) ===
Preparing HAR dataset...
Loading HAR dataset...
Warning: data/task_index.npy not found. Creating synthetic client assignment.
Dataset info: {'input_size': 561, 'num_classes': 6, 'num_clients': 30}
Generating erdos_renyi communication graph...
Graph statistics: {'num_nodes': 30, 'num_edges': 79, 'avg_degree': 5.266666666666667, 'max_degree': 8, 'min_degree': 1, 'diameter': 4, 'avg_clustering': 0.16444444444444445, 'is_connected': True}
Initializing client models...
Initializing Sheaf-FMTL algorithm...
Using device: cuda

Starting training for 100 rounds...
Communication bits per round: 1,726,464
Number of parameters: 3372
Round   0: Avg Test Accuracy = 0.2081, Bits = 1.73 MB, Time = 2.16s
Round  10: Avg Test Accuracy = 0.5492, Bits = 18.99 MB, Time = 3.87s
Round  20: Avg Test Accuracy = 0.6589, Bits = 36.26 MB, Time = 5.58s
Round  30: Avg Test Accuracy = 0.7374, Bits = 53.52 MB, Time = 7.11s
Round  40: Avg Test Accuracy = 0.7534, Bits = 70.79 MB, Time = 8.81s
Round  50: Avg Test Accuracy = 0.8041, Bits = 88.05 MB, Time = 10.51s
Round  60: Avg Test Accuracy = 0.8232, Bits = 105.31 MB, Time = 12.20s
Round  70: Avg Test Accuracy = 0.8411, Bits = 122.58 MB, Time = 13.91s
Round  80: Avg Test Accuracy = 0.8489, Bits = 139.84 MB, Time = 15.62s
Round  90: Avg Test Accuracy = 0.8480, Bits = 157.11 MB, Time = 17.33s

Results saved to results/sheaf_fmtl_har_gamma1.0.json

Training completed!
Final average test accuracy: 0.8511
Total communication: 172.65 MB
Total time: 18.86 seconds
=== Run 2 complete ===
