usage: run_rotated_mnist.py [-h] [--num_clients NUM_CLIENTS]
                            [--num_rotations NUM_ROTATIONS]
                            [--lambda_reg LAMBDA_REG] [--alpha ALPHA]
                            [--eta ETA] [--gamma GAMMA]
                            [--num_rounds NUM_ROUNDS]
                            [--local_epochs LOCAL_EPOCHS]
                            [--batch_size BATCH_SIZE]
                            [--l2_strength L2_STRENGTH] [--mode {sheaf,local}]
                            [--graph_type {erdos_renyi,small_world,scale_free,complete}]
                            [--edge_probability EDGE_PROBABILITY]
                            [--seed SEED] [--print_every PRINT_EVERY]
                            [--visualize_graph] [--save_results]
run_rotated_mnist.py: error: argument --num_clients: expected one argument
usage: run_rotated_mnist.py [-h] [--num_clients NUM_CLIENTS]
                            [--num_rotations NUM_ROTATIONS]
                            [--lambda_reg LAMBDA_REG] [--alpha ALPHA]
                            [--eta ETA] [--gamma GAMMA]
                            [--num_rounds NUM_ROUNDS]
                            [--local_epochs LOCAL_EPOCHS]
                            [--batch_size BATCH_SIZE]
                            [--l2_strength L2_STRENGTH] [--mode {sheaf,local}]
                            [--graph_type {erdos_renyi,small_world,scale_free,complete}]
                            [--edge_probability EDGE_PROBABILITY]
                            [--seed SEED] [--print_every PRINT_EVERY]
                            [--visualize_graph] [--save_results]
run_rotated_mnist.py: error: argument --num_clients: expected one argument
usage: run_rotated_mnist.py [-h] [--num_clients NUM_CLIENTS]
                            [--num_rotations NUM_ROTATIONS]
                            [--lambda_reg LAMBDA_REG] [--alpha ALPHA]
                            [--eta ETA] [--gamma GAMMA]
                            [--num_rounds NUM_ROUNDS]
                            [--local_epochs LOCAL_EPOCHS]
                            [--batch_size BATCH_SIZE]
                            [--l2_strength L2_STRENGTH] [--mode {sheaf,local}]
                            [--graph_type {erdos_renyi,small_world,scale_free,complete}]
                            [--edge_probability EDGE_PROBABILITY]
                            [--seed SEED] [--print_every PRINT_EVERY]
                            [--visualize_graph] [--save_results]
run_rotated_mnist.py: error: argument --num_clients: expected one argument
usage: run_rotated_mnist.py [-h] [--num_clients NUM_CLIENTS]
                            [--num_rotations NUM_ROTATIONS]
                            [--lambda_reg LAMBDA_REG] [--alpha ALPHA]
                            [--eta ETA] [--gamma GAMMA]
                            [--num_rounds NUM_ROUNDS]
                            [--local_epochs LOCAL_EPOCHS]
                            [--batch_size BATCH_SIZE]
                            [--l2_strength L2_STRENGTH] [--mode {sheaf,local}]
                            [--graph_type {erdos_renyi,small_world,scale_free,complete}]
                            [--edge_probability EDGE_PROBABILITY]
                            [--seed SEED] [--print_every PRINT_EVERY]
                            [--visualize_graph] [--save_results]
run_rotated_mnist.py: error: argument --num_clients: expected one argument
usage: run_rotated_mnist.py [-h] [--num_clients NUM_CLIENTS]
                            [--num_rotations NUM_ROTATIONS]
                            [--lambda_reg LAMBDA_REG] [--alpha ALPHA]
                            [--eta ETA] [--gamma GAMMA]
                            [--num_rounds NUM_ROUNDS]
                            [--local_epochs LOCAL_EPOCHS]
                            [--batch_size BATCH_SIZE]
                            [--l2_strength L2_STRENGTH] [--mode {sheaf,local}]
                            [--graph_type {erdos_renyi,small_world,scale_free,complete}]
                            [--edge_probability EDGE_PROBABILITY]
                            [--seed SEED] [--print_every PRINT_EVERY]
                            [--visualize_graph] [--save_results]
run_rotated_mnist.py: error: argument --num_clients: expected one argument
usage: run_rotated_mnist.py [-h] [--num_clients NUM_CLIENTS]
                            [--num_rotations NUM_ROTATIONS]
                            [--lambda_reg LAMBDA_REG] [--alpha ALPHA]
                            [--eta ETA] [--gamma GAMMA]
                            [--num_rounds NUM_ROUNDS]
                            [--local_epochs LOCAL_EPOCHS]
                            [--batch_size BATCH_SIZE]
                            [--l2_strength L2_STRENGTH] [--mode {sheaf,local}]
                            [--graph_type {erdos_renyi,small_world,scale_free,complete}]
                            [--edge_probability EDGE_PROBABILITY]
                            [--seed SEED] [--print_every PRINT_EVERY]
                            [--visualize_graph] [--save_results]
run_rotated_mnist.py: error: argument --num_clients: expected one argument
