=== Seed 42: Running independent baseline ===
Preparing Rotated MNIST dataset...
Generating complete communication graph...
Graph statistics: {'num_nodes': 4, 'num_edges': 6, 'avg_degree': 3.0, 'max_degree': 3, 'min_degree': 3, 'diameter': 1, 'avg_clustering': 1.0, 'is_connected': True}
Initializing client models...
Initializing Sheaf-FMTL algorithm...
Using device: cuda

Starting training for 20 rounds...
Communication bits per round: 668,544
Round 0 times — local: 2.898s (avg 0.7246s) | sheaf: 0.000s (avg nans) | restriction: 0.000s (avg nans)
Round   0: Avg Test Accuracy = 0.3189, Bits = 0.67 MB, Time = 2.90s
Round 1 times — local: 0.492s (avg 0.1229s) | sheaf: 0.000s (avg nans) | restriction: 0.000s (avg nans)
Round 2 times — local: 0.578s (avg 0.1445s) | sheaf: 0.000s (avg nans) | restriction: 0.000s (avg nans)
Round 3 times — local: 0.494s (avg 0.1235s) | sheaf: 0.000s (avg nans) | restriction: 0.000s (avg nans)
Round 4 times — local: 0.492s (avg 0.1229s) | sheaf: 0.000s (avg nans) | restriction: 0.000s (avg nans)
Round 5 times — local: 0.518s (avg 0.1295s) | sheaf: 0.000s (avg nans) | restriction: 0.000s (avg nans)
Round 6 times — local: 0.517s (avg 0.1293s) | sheaf: 0.000s (avg nans) | restriction: 0.000s (avg nans)
Round 7 times — local: 0.586s (avg 0.1466s) | sheaf: 0.000s (avg nans) | restriction: 0.000s (avg nans)
Round 8 times — local: 0.488s (avg 0.1221s) | sheaf: 0.000s (avg nans) | restriction: 0.000s (avg nans)
Round 9 times — local: 0.484s (avg 0.1210s) | sheaf: 0.000s (avg nans) | restriction: 0.000s (avg nans)
Round 10 times — local: 0.473s (avg 0.1181s) | sheaf: 0.000s (avg nans) | restriction: 0.000s (avg nans)
Round  10: Avg Test Accuracy = 0.8645, Bits = 7.35 MB, Time = 8.02s
Round 11 times — local: 0.487s (avg 0.1217s) | sheaf: 0.000s (avg nans) | restriction: 0.000s (avg nans)
Round 12 times — local: 0.492s (avg 0.1229s) | sheaf: 0.000s (avg nans) | restriction: 0.000s (avg nans)
Round 13 times — local: 0.561s (avg 0.1404s) | sheaf: 0.000s (avg nans) | restriction: 0.000s (avg nans)
Round 14 times — local: 0.510s (avg 0.1276s) | sheaf: 0.000s (avg nans) | restriction: 0.000s (avg nans)
Round 15 times — local: 0.485s (avg 0.1214s) | sheaf: 0.000s (avg nans) | restriction: 0.000s (avg nans)
Round 16 times — local: 0.493s (avg 0.1233s) | sheaf: 0.000s (avg nans) | restriction: 0.000s (avg nans)
Round 17 times — local: 0.513s (avg 0.1283s) | sheaf: 0.000s (avg nans) | restriction: 0.000s (avg nans)
Round 18 times — local: 0.493s (avg 0.1231s) | sheaf: 0.000s (avg nans) | restriction: 0.000s (avg nans)
Round 19 times — local: 0.589s (avg 0.1473s) | sheaf: 0.000s (avg nans) | restriction: 0.000s (avg nans)

Results saved to results/sheaf_fmtl_rmnist_local_gamma0.1_seed42.json

Training completed!
Final average test accuracy: 0.9006
Total communication: 13.37 MB
Total time: 12.65 seconds
=== Seed 42: Running Sheaf-FMTL with eta=0.0 (fixed maps) ===
Preparing Rotated MNIST dataset...
Generating complete communication graph...
Graph statistics: {'num_nodes': 4, 'num_edges': 6, 'avg_degree': 3.0, 'max_degree': 3, 'min_degree': 3, 'diameter': 1, 'avg_clustering': 1.0, 'is_connected': True}
Initializing client models...
Initializing Sheaf-FMTL algorithm...
Using device: cuda

Starting training for 20 rounds...
Communication bits per round: 668,544
Round 0 times — local: 1.835s (avg 0.4588s) | sheaf: 0.011s (avg 0.0027s) | restriction: 0.002s (avg 0.0005s)
Round   0: Avg Test Accuracy = 0.3189, Bits = 0.67 MB, Time = 1.85s
Round 1 times — local: 0.511s (avg 0.1277s) | sheaf: 0.002s (avg 0.0005s) | restriction: 0.001s (avg 0.0003s)
Round 2 times — local: 0.572s (avg 0.1429s) | sheaf: 0.002s (avg 0.0005s) | restriction: 0.001s (avg 0.0003s)
Round 3 times — local: 0.495s (avg 0.1238s) | sheaf: 0.002s (avg 0.0005s) | restriction: 0.001s (avg 0.0003s)
Round 4 times — local: 0.504s (avg 0.1259s) | sheaf: 0.002s (avg 0.0005s) | restriction: 0.001s (avg 0.0002s)
Round 5 times — local: 0.497s (avg 0.1242s) | sheaf: 0.002s (avg 0.0005s) | restriction: 0.001s (avg 0.0003s)
Round 6 times — local: 0.495s (avg 0.1238s) | sheaf: 0.002s (avg 0.0004s) | restriction: 0.001s (avg 0.0002s)
Round 7 times — local: 0.597s (avg 0.1492s) | sheaf: 0.002s (avg 0.0005s) | restriction: 0.001s (avg 0.0003s)
Round 8 times — local: 0.492s (avg 0.1231s) | sheaf: 0.002s (avg 0.0005s) | restriction: 0.001s (avg 0.0003s)
Round 9 times — local: 0.502s (avg 0.1255s) | sheaf: 0.002s (avg 0.0005s) | restriction: 0.001s (avg 0.0003s)
Round 10 times — local: 0.502s (avg 0.1255s) | sheaf: 0.002s (avg 0.0005s) | restriction: 0.001s (avg 0.0002s)
Round  10: Avg Test Accuracy = 0.8645, Bits = 7.35 MB, Time = 7.04s
Round 11 times — local: 0.498s (avg 0.1244s) | sheaf: 0.002s (avg 0.0005s) | restriction: 0.001s (avg 0.0003s)
Round 12 times — local: 0.505s (avg 0.1261s) | sheaf: 0.002s (avg 0.0004s) | restriction: 0.001s (avg 0.0002s)
Round 13 times — local: 0.587s (avg 0.1468s) | sheaf: 0.002s (avg 0.0005s) | restriction: 0.001s (avg 0.0003s)
Round 14 times — local: 0.496s (avg 0.1239s) | sheaf: 0.002s (avg 0.0005s) | restriction: 0.001s (avg 0.0003s)
Round 15 times — local: 0.490s (avg 0.1226s) | sheaf: 0.002s (avg 0.0005s) | restriction: 0.001s (avg 0.0003s)
Round 16 times — local: 0.502s (avg 0.1255s) | sheaf: 0.002s (avg 0.0004s) | restriction: 0.001s (avg 0.0002s)
Round 17 times — local: 0.515s (avg 0.1286s) | sheaf: 0.002s (avg 0.0004s) | restriction: 0.001s (avg 0.0003s)
Round 18 times — local: 0.507s (avg 0.1268s) | sheaf: 0.002s (avg 0.0005s) | restriction: 0.001s (avg 0.0003s)
Round 19 times — local: 0.554s (avg 0.1385s) | sheaf: 0.002s (avg 0.0005s) | restriction: 0.001s (avg 0.0003s)

Results saved to results/sheaf_fmtl_rmnist_sheaf_gamma0.1_eta0.0_seed42.json

Training completed!
Final average test accuracy: 0.9006
Total communication: 13.37 MB
Total time: 11.72 seconds
=== Seed 42: Running Sheaf-FMTL with eta=0.1 (learned maps) ===
Preparing Rotated MNIST dataset...
Generating complete communication graph...
Graph statistics: {'num_nodes': 4, 'num_edges': 6, 'avg_degree': 3.0, 'max_degree': 3, 'min_degree': 3, 'diameter': 1, 'avg_clustering': 1.0, 'is_connected': True}
Initializing client models...
Initializing Sheaf-FMTL algorithm...
Using device: cuda

Starting training for 20 rounds...
Communication bits per round: 668,544
Round 0 times — local: 1.962s (avg 0.4906s) | sheaf: 0.007s (avg 0.0017s) | restriction: 0.002s (avg 0.0005s)
Round   0: Avg Test Accuracy = 0.3189, Bits = 0.67 MB, Time = 1.97s
Round 1 times — local: 0.485s (avg 0.1211s) | sheaf: 0.002s (avg 0.0005s) | restriction: 0.001s (avg 0.0003s)
Round 2 times — local: 0.557s (avg 0.1392s) | sheaf: 0.002s (avg 0.0005s) | restriction: 0.001s (avg 0.0002s)
Round 3 times — local: 0.494s (avg 0.1236s) | sheaf: 0.002s (avg 0.0004s) | restriction: 0.001s (avg 0.0002s)
Round 4 times — local: 0.482s (avg 0.1205s) | sheaf: 0.002s (avg 0.0004s) | restriction: 0.001s (avg 0.0002s)
Round 5 times — local: 0.487s (avg 0.1217s) | sheaf: 0.002s (avg 0.0004s) | restriction: 0.001s (avg 0.0002s)
Round 6 times — local: 0.488s (avg 0.1219s) | sheaf: 0.002s (avg 0.0004s) | restriction: 0.001s (avg 0.0002s)
Round 7 times — local: 0.577s (avg 0.1443s) | sheaf: 0.002s (avg 0.0005s) | restriction: 0.001s (avg 0.0003s)
Round 8 times — local: 0.468s (avg 0.1170s) | sheaf: 0.002s (avg 0.0005s) | restriction: 0.001s (avg 0.0003s)
Round 9 times — local: 0.513s (avg 0.1282s) | sheaf: 0.002s (avg 0.0004s) | restriction: 0.001s (avg 0.0002s)
Round 10 times — local: 0.492s (avg 0.1231s) | sheaf: 0.002s (avg 0.0004s) | restriction: 0.001s (avg 0.0002s)
Round  10: Avg Test Accuracy = 0.8645, Bits = 7.35 MB, Time = 7.04s
Round 11 times — local: 0.482s (avg 0.1205s) | sheaf: 0.002s (avg 0.0004s) | restriction: 0.001s (avg 0.0002s)
Round 12 times — local: 0.472s (avg 0.1179s) | sheaf: 0.002s (avg 0.0004s) | restriction: 0.001s (avg 0.0003s)
Round 13 times — local: 0.560s (avg 0.1399s) | sheaf: 0.002s (avg 0.0005s) | restriction: 0.001s (avg 0.0003s)
Round 14 times — local: 0.466s (avg 0.1165s) | sheaf: 0.002s (avg 0.0005s) | restriction: 0.001s (avg 0.0003s)
Round 15 times — local: 0.492s (avg 0.1231s) | sheaf: 0.002s (avg 0.0004s) | restriction: 0.001s (avg 0.0002s)
Round 16 times — local: 0.491s (avg 0.1227s) | sheaf: 0.002s (avg 0.0004s) | restriction: 0.001s (avg 0.0002s)
Round 17 times — local: 0.481s (avg 0.1203s) | sheaf: 0.002s (avg 0.0004s) | restriction: 0.001s (avg 0.0002s)
Round 18 times — local: 0.481s (avg 0.1202s) | sheaf: 0.002s (avg 0.0005s) | restriction: 0.001s (avg 0.0003s)
Round 19 times — local: 0.528s (avg 0.1320s) | sheaf: 0.002s (avg 0.0004s) | restriction: 0.001s (avg 0.0003s)

Results saved to results/sheaf_fmtl_rmnist_sheaf_gamma0.1_eta0.1_seed42.json

Training completed!
Final average test accuracy: 0.9006
Total communication: 13.37 MB
Total time: 11.52 seconds
=== Seed 123: Running independent baseline ===
Preparing Rotated MNIST dataset...
Generating complete communication graph...
Graph statistics: {'num_nodes': 4, 'num_edges': 6, 'avg_degree': 3.0, 'max_degree': 3, 'min_degree': 3, 'diameter': 1, 'avg_clustering': 1.0, 'is_connected': True}
Initializing client models...
Initializing Sheaf-FMTL algorithm...
Using device: cuda

Starting training for 20 rounds...
Communication bits per round: 668,544
Round 0 times — local: 1.785s (avg 0.4462s) | sheaf: 0.000s (avg nans) | restriction: 0.000s (avg nans)
Round   0: Avg Test Accuracy = 0.3675, Bits = 0.67 MB, Time = 1.79s
Round 1 times — local: 0.473s (avg 0.1181s) | sheaf: 0.000s (avg nans) | restriction: 0.000s (avg nans)
Round 2 times — local: 0.545s (avg 0.1363s) | sheaf: 0.000s (avg nans) | restriction: 0.000s (avg nans)
Round 3 times — local: 0.493s (avg 0.1232s) | sheaf: 0.000s (avg nans) | restriction: 0.000s (avg nans)
Round 4 times — local: 0.481s (avg 0.1202s) | sheaf: 0.000s (avg nans) | restriction: 0.000s (avg nans)
Round 5 times — local: 0.484s (avg 0.1211s) | sheaf: 0.000s (avg nans) | restriction: 0.000s (avg nans)
Round 6 times — local: 0.473s (avg 0.1182s) | sheaf: 0.000s (avg nans) | restriction: 0.000s (avg nans)
Round 7 times — local: 0.557s (avg 0.1392s) | sheaf: 0.000s (avg nans) | restriction: 0.000s (avg nans)
Round 8 times — local: 0.480s (avg 0.1201s) | sheaf: 0.000s (avg nans) | restriction: 0.000s (avg nans)
Round 9 times — local: 0.496s (avg 0.1240s) | sheaf: 0.000s (avg nans) | restriction: 0.000s (avg nans)
Round 10 times — local: 0.490s (avg 0.1225s) | sheaf: 0.000s (avg nans) | restriction: 0.000s (avg nans)
Round  10: Avg Test Accuracy = 0.8791, Bits = 7.35 MB, Time = 6.76s
Round 11 times — local: 0.483s (avg 0.1209s) | sheaf: 0.000s (avg nans) | restriction: 0.000s (avg nans)
Round 12 times — local: 0.477s (avg 0.1194s) | sheaf: 0.000s (avg nans) | restriction: 0.000s (avg nans)
Round 13 times — local: 0.566s (avg 0.1415s) | sheaf: 0.000s (avg nans) | restriction: 0.000s (avg nans)
Round 14 times — local: 0.475s (avg 0.1187s) | sheaf: 0.000s (avg nans) | restriction: 0.000s (avg nans)
Round 15 times — local: 0.488s (avg 0.1219s) | sheaf: 0.000s (avg nans) | restriction: 0.000s (avg nans)
Round 16 times — local: 0.482s (avg 0.1204s) | sheaf: 0.000s (avg nans) | restriction: 0.000s (avg nans)
Round 17 times — local: 0.476s (avg 0.1191s) | sheaf: 0.000s (avg nans) | restriction: 0.000s (avg nans)
Round 18 times — local: 0.505s (avg 0.1264s) | sheaf: 0.000s (avg nans) | restriction: 0.000s (avg nans)
Round 19 times — local: 0.545s (avg 0.1361s) | sheaf: 0.000s (avg nans) | restriction: 0.000s (avg nans)

Results saved to results/sheaf_fmtl_rmnist_local_gamma0.1_seed123.json

Training completed!
Final average test accuracy: 0.9092
Total communication: 13.37 MB
Total time: 11.26 seconds
=== Seed 123: Running Sheaf-FMTL with eta=0.0 (fixed maps) ===
Preparing Rotated MNIST dataset...
Generating complete communication graph...
Graph statistics: {'num_nodes': 4, 'num_edges': 6, 'avg_degree': 3.0, 'max_degree': 3, 'min_degree': 3, 'diameter': 1, 'avg_clustering': 1.0, 'is_connected': True}
Initializing client models...
Initializing Sheaf-FMTL algorithm...
Using device: cuda

Starting training for 20 rounds...
Communication bits per round: 668,544
Round 0 times — local: 1.771s (avg 0.4427s) | sheaf: 0.006s (avg 0.0015s) | restriction: 0.001s (avg 0.0003s)
Round   0: Avg Test Accuracy = 0.3674, Bits = 0.67 MB, Time = 1.78s
Round 1 times — local: 0.505s (avg 0.1263s) | sheaf: 0.002s (avg 0.0005s) | restriction: 0.001s (avg 0.0002s)
Round 2 times — local: 0.570s (avg 0.1424s) | sheaf: 0.002s (avg 0.0005s) | restriction: 0.001s (avg 0.0003s)
Round 3 times — local: 0.492s (avg 0.1229s) | sheaf: 0.002s (avg 0.0005s) | restriction: 0.001s (avg 0.0003s)
Round 4 times — local: 0.490s (avg 0.1225s) | sheaf: 0.002s (avg 0.0004s) | restriction: 0.001s (avg 0.0002s)
Round 5 times — local: 0.504s (avg 0.1261s) | sheaf: 0.002s (avg 0.0004s) | restriction: 0.001s (avg 0.0002s)
Round 6 times — local: 0.493s (avg 0.1233s) | sheaf: 0.002s (avg 0.0005s) | restriction: 0.001s (avg 0.0003s)
Round 7 times — local: 0.585s (avg 0.1464s) | sheaf: 0.002s (avg 0.0005s) | restriction: 0.001s (avg 0.0003s)
Round 8 times — local: 0.484s (avg 0.1210s) | sheaf: 0.002s (avg 0.0005s) | restriction: 0.001s (avg 0.0003s)
Round 9 times — local: 0.516s (avg 0.1291s) | sheaf: 0.002s (avg 0.0004s) | restriction: 0.001s (avg 0.0002s)
Round 10 times — local: 0.484s (avg 0.1210s) | sheaf: 0.002s (avg 0.0004s) | restriction: 0.001s (avg 0.0002s)
Round  10: Avg Test Accuracy = 0.8791, Bits = 7.35 MB, Time = 6.93s
Round 11 times — local: 0.496s (avg 0.1240s) | sheaf: 0.002s (avg 0.0004s) | restriction: 0.001s (avg 0.0002s)
Round 12 times — local: 0.493s (avg 0.1233s) | sheaf: 0.002s (avg 0.0005s) | restriction: 0.001s (avg 0.0003s)
Round 13 times — local: 0.573s (avg 0.1432s) | sheaf: 0.002s (avg 0.0005s) | restriction: 0.001s (avg 0.0003s)
Round 14 times — local: 0.479s (avg 0.1198s) | sheaf: 0.002s (avg 0.0004s) | restriction: 0.001s (avg 0.0002s)
Round 15 times — local: 0.506s (avg 0.1266s) | sheaf: 0.002s (avg 0.0004s) | restriction: 0.001s (avg 0.0002s)
Round 16 times — local: 0.498s (avg 0.1246s) | sheaf: 0.002s (avg 0.0005s) | restriction: 0.001s (avg 0.0003s)
Round 17 times — local: 0.501s (avg 0.1252s) | sheaf: 0.002s (avg 0.0004s) | restriction: 0.001s (avg 0.0002s)
Round 18 times — local: 0.502s (avg 0.1254s) | sheaf: 0.002s (avg 0.0005s) | restriction: 0.001s (avg 0.0002s)
Round 19 times — local: 0.551s (avg 0.1377s) | sheaf: 0.002s (avg 0.0005s) | restriction: 0.001s (avg 0.0003s)

Results saved to results/sheaf_fmtl_rmnist_sheaf_gamma0.1_eta0.0_seed123.json

Training completed!
Final average test accuracy: 0.9092
Total communication: 13.37 MB
Total time: 11.56 seconds
=== Seed 123: Running Sheaf-FMTL with eta=0.1 (learned maps) ===
Preparing Rotated MNIST dataset...
Generating complete communication graph...
Graph statistics: {'num_nodes': 4, 'num_edges': 6, 'avg_degree': 3.0, 'max_degree': 3, 'min_degree': 3, 'diameter': 1, 'avg_clustering': 1.0, 'is_connected': True}
Initializing client models...
Initializing Sheaf-FMTL algorithm...
Using device: cuda

Starting training for 20 rounds...
Communication bits per round: 668,544
Round 0 times — local: 1.917s (avg 0.4792s) | sheaf: 0.007s (avg 0.0017s) | restriction: 0.002s (avg 0.0004s)
Round   0: Avg Test Accuracy = 0.3674, Bits = 0.67 MB, Time = 1.93s
Round 1 times — local: 0.512s (avg 0.1279s) | sheaf: 0.002s (avg 0.0005s) | restriction: 0.001s (avg 0.0003s)
Round 2 times — local: 0.588s (avg 0.1471s) | sheaf: 0.002s (avg 0.0005s) | restriction: 0.001s (avg 0.0003s)
Round 3 times — local: 0.520s (avg 0.1300s) | sheaf: 0.002s (avg 0.0004s) | restriction: 0.001s (avg 0.0002s)
Round 4 times — local: 0.520s (avg 0.1300s) | sheaf: 0.002s (avg 0.0005s) | restriction: 0.001s (avg 0.0003s)
Round 5 times — local: 0.515s (avg 0.1288s) | sheaf: 0.002s (avg 0.0004s) | restriction: 0.001s (avg 0.0002s)
Round 6 times — local: 0.515s (avg 0.1287s) | sheaf: 0.002s (avg 0.0005s) | restriction: 0.001s (avg 0.0003s)
Round 7 times — local: 0.605s (avg 0.1513s) | sheaf: 0.002s (avg 0.0004s) | restriction: 0.001s (avg 0.0003s)
Round 8 times — local: 0.514s (avg 0.1286s) | sheaf: 0.002s (avg 0.0005s) | restriction: 0.001s (avg 0.0003s)
Round 9 times — local: 0.523s (avg 0.1308s) | sheaf: 0.002s (avg 0.0004s) | restriction: 0.001s (avg 0.0002s)
Round 10 times — local: 0.518s (avg 0.1295s) | sheaf: 0.002s (avg 0.0005s) | restriction: 0.001s (avg 0.0003s)
Round  10: Avg Test Accuracy = 0.8791, Bits = 7.35 MB, Time = 7.29s
Round 11 times — local: 0.513s (avg 0.1282s) | sheaf: 0.002s (avg 0.0004s) | restriction: 0.001s (avg 0.0002s)
Round 12 times — local: 0.509s (avg 0.1272s) | sheaf: 0.002s (avg 0.0005s) | restriction: 0.001s (avg 0.0003s)
Round 13 times — local: 0.602s (avg 0.1505s) | sheaf: 0.002s (avg 0.0005s) | restriction: 0.001s (avg 0.0003s)
Round 14 times — local: 0.519s (avg 0.1298s) | sheaf: 0.002s (avg 0.0004s) | restriction: 0.001s (avg 0.0002s)
Round 15 times — local: 0.507s (avg 0.1267s) | sheaf: 0.002s (avg 0.0004s) | restriction: 0.001s (avg 0.0002s)
Round 16 times — local: 0.512s (avg 0.1279s) | sheaf: 0.002s (avg 0.0004s) | restriction: 0.001s (avg 0.0002s)
Round 17 times — local: 0.543s (avg 0.1357s) | sheaf: 0.002s (avg 0.0004s) | restriction: 0.001s (avg 0.0002s)
Round 18 times — local: 0.508s (avg 0.1271s) | sheaf: 0.002s (avg 0.0004s) | restriction: 0.001s (avg 0.0002s)
Round 19 times — local: 0.607s (avg 0.1517s) | sheaf: 0.002s (avg 0.0005s) | restriction: 0.001s (avg 0.0003s)

Results saved to results/sheaf_fmtl_rmnist_sheaf_gamma0.1_eta0.1_seed123.json

Training completed!
Final average test accuracy: 0.9092
Total communication: 13.37 MB
Total time: 12.13 seconds
=== Seed 456: Running independent baseline ===
Preparing Rotated MNIST dataset...
Generating complete communication graph...
Graph statistics: {'num_nodes': 4, 'num_edges': 6, 'avg_degree': 3.0, 'max_degree': 3, 'min_degree': 3, 'diameter': 1, 'avg_clustering': 1.0, 'is_connected': True}
Initializing client models...
Initializing Sheaf-FMTL algorithm...
Using device: cuda

Starting training for 20 rounds...
Communication bits per round: 668,544
Round 0 times — local: 1.704s (avg 0.4260s) | sheaf: 0.000s (avg nans) | restriction: 0.000s (avg nans)
Round   0: Avg Test Accuracy = 0.3491, Bits = 0.67 MB, Time = 1.71s
Round 1 times — local: 0.490s (avg 0.1224s) | sheaf: 0.000s (avg nans) | restriction: 0.000s (avg nans)
Round 2 times — local: 0.564s (avg 0.1411s) | sheaf: 0.000s (avg nans) | restriction: 0.000s (avg nans)
Round 3 times — local: 0.502s (avg 0.1256s) | sheaf: 0.000s (avg nans) | restriction: 0.000s (avg nans)
Round 4 times — local: 0.508s (avg 0.1271s) | sheaf: 0.000s (avg nans) | restriction: 0.000s (avg nans)
Round 5 times — local: 0.495s (avg 0.1239s) | sheaf: 0.000s (avg nans) | restriction: 0.000s (avg nans)
Round 6 times — local: 0.492s (avg 0.1231s) | sheaf: 0.000s (avg nans) | restriction: 0.000s (avg nans)
Round 7 times — local: 0.576s (avg 0.1439s) | sheaf: 0.000s (avg nans) | restriction: 0.000s (avg nans)
Round 8 times — local: 0.497s (avg 0.1242s) | sheaf: 0.000s (avg nans) | restriction: 0.000s (avg nans)
Round 9 times — local: 0.511s (avg 0.1278s) | sheaf: 0.000s (avg nans) | restriction: 0.000s (avg nans)
Round 10 times — local: 0.504s (avg 0.1261s) | sheaf: 0.000s (avg nans) | restriction: 0.000s (avg nans)
Round  10: Avg Test Accuracy = 0.8669, Bits = 7.35 MB, Time = 6.85s
Round 11 times — local: 0.490s (avg 0.1226s) | sheaf: 0.000s (avg nans) | restriction: 0.000s (avg nans)
Round 12 times — local: 0.497s (avg 0.1243s) | sheaf: 0.000s (avg nans) | restriction: 0.000s (avg nans)
Round 13 times — local: 0.586s (avg 0.1466s) | sheaf: 0.000s (avg nans) | restriction: 0.000s (avg nans)
Round 14 times — local: 0.493s (avg 0.1233s) | sheaf: 0.000s (avg nans) | restriction: 0.000s (avg nans)
Round 15 times — local: 0.500s (avg 0.1249s) | sheaf: 0.000s (avg nans) | restriction: 0.000s (avg nans)
Round 16 times — local: 0.496s (avg 0.1241s) | sheaf: 0.000s (avg nans) | restriction: 0.000s (avg nans)
Round 17 times — local: 0.498s (avg 0.1246s) | sheaf: 0.000s (avg nans) | restriction: 0.000s (avg nans)
Round 18 times — local: 0.489s (avg 0.1222s) | sheaf: 0.000s (avg nans) | restriction: 0.000s (avg nans)
Round 19 times — local: 0.548s (avg 0.1371s) | sheaf: 0.000s (avg nans) | restriction: 0.000s (avg nans)

Results saved to results/sheaf_fmtl_rmnist_local_gamma0.1_seed456.json

Training completed!
Final average test accuracy: 0.9039
Total communication: 13.37 MB
Total time: 11.45 seconds
=== Seed 456: Running Sheaf-FMTL with eta=0.0 (fixed maps) ===
Preparing Rotated MNIST dataset...
Generating complete communication graph...
Graph statistics: {'num_nodes': 4, 'num_edges': 6, 'avg_degree': 3.0, 'max_degree': 3, 'min_degree': 3, 'diameter': 1, 'avg_clustering': 1.0, 'is_connected': True}
Initializing client models...
Initializing Sheaf-FMTL algorithm...
Using device: cuda

Starting training for 20 rounds...
Communication bits per round: 668,544
Round 0 times — local: 1.722s (avg 0.4306s) | sheaf: 0.007s (avg 0.0017s) | restriction: 0.001s (avg 0.0003s)
Round   0: Avg Test Accuracy = 0.3491, Bits = 0.67 MB, Time = 1.73s
Round 1 times — local: 0.512s (avg 0.1280s) | sheaf: 0.002s (avg 0.0004s) | restriction: 0.001s (avg 0.0002s)
Round 2 times — local: 0.566s (avg 0.1414s) | sheaf: 0.002s (avg 0.0004s) | restriction: 0.001s (avg 0.0002s)
Round 3 times — local: 0.487s (avg 0.1219s) | sheaf: 0.002s (avg 0.0005s) | restriction: 0.001s (avg 0.0003s)
Round 4 times — local: 0.500s (avg 0.1249s) | sheaf: 0.002s (avg 0.0005s) | restriction: 0.001s (avg 0.0003s)
Round 5 times — local: 0.506s (avg 0.1265s) | sheaf: 0.002s (avg 0.0004s) | restriction: 0.001s (avg 0.0002s)
Round 6 times — local: 0.493s (avg 0.1232s) | sheaf: 0.002s (avg 0.0005s) | restriction: 0.001s (avg 0.0002s)
Round 7 times — local: 0.577s (avg 0.1443s) | sheaf: 0.002s (avg 0.0004s) | restriction: 0.001s (avg 0.0002s)
Round 8 times — local: 0.503s (avg 0.1257s) | sheaf: 0.002s (avg 0.0005s) | restriction: 0.001s (avg 0.0003s)
Round 9 times — local: 0.519s (avg 0.1298s) | sheaf: 0.002s (avg 0.0005s) | restriction: 0.001s (avg 0.0003s)
Round 10 times — local: 0.486s (avg 0.1214s) | sheaf: 0.002s (avg 0.0005s) | restriction: 0.001s (avg 0.0003s)
Round  10: Avg Test Accuracy = 0.8669, Bits = 7.35 MB, Time = 6.91s
Round 11 times — local: 0.503s (avg 0.1258s) | sheaf: 0.002s (avg 0.0005s) | restriction: 0.001s (avg 0.0003s)
Round 12 times — local: 0.486s (avg 0.1215s) | sheaf: 0.002s (avg 0.0004s) | restriction: 0.001s (avg 0.0002s)
Round 13 times — local: 0.584s (avg 0.1461s) | sheaf: 0.002s (avg 0.0004s) | restriction: 0.001s (avg 0.0002s)
Round 14 times — local: 0.502s (avg 0.1255s) | sheaf: 0.002s (avg 0.0004s) | restriction: 0.001s (avg 0.0002s)
Round 15 times — local: 0.488s (avg 0.1219s) | sheaf: 0.002s (avg 0.0005s) | restriction: 0.001s (avg 0.0003s)
Round 16 times — local: 0.495s (avg 0.1238s) | sheaf: 0.002s (avg 0.0005s) | restriction: 0.001s (avg 0.0003s)
Round 17 times — local: 0.487s (avg 0.1217s) | sheaf: 0.002s (avg 0.0004s) | restriction: 0.001s (avg 0.0003s)
Round 18 times — local: 0.511s (avg 0.1276s) | sheaf: 0.002s (avg 0.0004s) | restriction: 0.001s (avg 0.0003s)
Round 19 times — local: 0.571s (avg 0.1428s) | sheaf: 0.002s (avg 0.0004s) | restriction: 0.001s (avg 0.0002s)

Results saved to results/sheaf_fmtl_rmnist_sheaf_gamma0.1_eta0.0_seed456.json

Training completed!
Final average test accuracy: 0.9039
Total communication: 13.37 MB
Total time: 11.56 seconds
=== Seed 456: Running Sheaf-FMTL with eta=0.1 (learned maps) ===
Preparing Rotated MNIST dataset...
Generating complete communication graph...
Graph statistics: {'num_nodes': 4, 'num_edges': 6, 'avg_degree': 3.0, 'max_degree': 3, 'min_degree': 3, 'diameter': 1, 'avg_clustering': 1.0, 'is_connected': True}
Initializing client models...
Initializing Sheaf-FMTL algorithm...
Using device: cuda

Starting training for 20 rounds...
Communication bits per round: 668,544
Round 0 times — local: 1.974s (avg 0.4936s) | sheaf: 0.007s (avg 0.0017s) | restriction: 0.002s (avg 0.0004s)
Round   0: Avg Test Accuracy = 0.3491, Bits = 0.67 MB, Time = 1.98s
Round 1 times — local: 0.486s (avg 0.1215s) | sheaf: 0.002s (avg 0.0005s) | restriction: 0.001s (avg 0.0002s)
Round 2 times — local: 0.570s (avg 0.1426s) | sheaf: 0.002s (avg 0.0005s) | restriction: 0.001s (avg 0.0003s)
Round 3 times — local: 0.479s (avg 0.1198s) | sheaf: 0.002s (avg 0.0004s) | restriction: 0.001s (avg 0.0002s)
Round 4 times — local: 0.486s (avg 0.1216s) | sheaf: 0.002s (avg 0.0004s) | restriction: 0.001s (avg 0.0002s)
Round 5 times — local: 0.477s (avg 0.1191s) | sheaf: 0.002s (avg 0.0005s) | restriction: 0.001s (avg 0.0003s)
Round 6 times — local: 0.473s (avg 0.1181s) | sheaf: 0.002s (avg 0.0004s) | restriction: 0.001s (avg 0.0002s)
Round 7 times — local: 0.576s (avg 0.1440s) | sheaf: 0.002s (avg 0.0004s) | restriction: 0.001s (avg 0.0003s)
Round 8 times — local: 0.492s (avg 0.1229s) | sheaf: 0.002s (avg 0.0004s) | restriction: 0.001s (avg 0.0002s)
Round 9 times — local: 0.483s (avg 0.1207s) | sheaf: 0.002s (avg 0.0004s) | restriction: 0.001s (avg 0.0002s)
Round 10 times — local: 0.485s (avg 0.1213s) | sheaf: 0.002s (avg 0.0004s) | restriction: 0.001s (avg 0.0002s)
Round  10: Avg Test Accuracy = 0.8669, Bits = 7.35 MB, Time = 7.02s
Round 11 times — local: 0.474s (avg 0.1185s) | sheaf: 0.002s (avg 0.0005s) | restriction: 0.001s (avg 0.0003s)
Round 12 times — local: 0.470s (avg 0.1174s) | sheaf: 0.002s (avg 0.0004s) | restriction: 0.001s (avg 0.0002s)
Round 13 times — local: 0.572s (avg 0.1430s) | sheaf: 0.002s (avg 0.0005s) | restriction: 0.001s (avg 0.0003s)
Round 14 times — local: 0.490s (avg 0.1225s) | sheaf: 0.002s (avg 0.0005s) | restriction: 0.001s (avg 0.0002s)
Round 15 times — local: 0.477s (avg 0.1191s) | sheaf: 0.002s (avg 0.0004s) | restriction: 0.001s (avg 0.0002s)
Round 16 times — local: 0.487s (avg 0.1218s) | sheaf: 0.002s (avg 0.0004s) | restriction: 0.001s (avg 0.0002s)
Round 17 times — local: 0.483s (avg 0.1208s) | sheaf: 0.002s (avg 0.0004s) | restriction: 0.001s (avg 0.0002s)
Round 18 times — local: 0.503s (avg 0.1257s) | sheaf: 0.002s (avg 0.0005s) | restriction: 0.001s (avg 0.0003s)
Round 19 times — local: 0.532s (avg 0.1329s) | sheaf: 0.002s (avg 0.0004s) | restriction: 0.001s (avg 0.0002s)

Results saved to results/sheaf_fmtl_rmnist_sheaf_gamma0.1_eta0.1_seed456.json

Training completed!
Final average test accuracy: 0.9039
Total communication: 13.37 MB
Total time: 11.53 seconds
=== Seed 789: Running independent baseline ===
Preparing Rotated MNIST dataset...
Generating complete communication graph...
Graph statistics: {'num_nodes': 4, 'num_edges': 6, 'avg_degree': 3.0, 'max_degree': 3, 'min_degree': 3, 'diameter': 1, 'avg_clustering': 1.0, 'is_connected': True}
Initializing client models...
Initializing Sheaf-FMTL algorithm...
Using device: cuda

Starting training for 20 rounds...
Communication bits per round: 668,544
Round 0 times — local: 1.735s (avg 0.4337s) | sheaf: 0.000s (avg nans) | restriction: 0.000s (avg nans)
Round   0: Avg Test Accuracy = 0.3763, Bits = 0.67 MB, Time = 1.74s
Round 1 times — local: 0.490s (avg 0.1226s) | sheaf: 0.000s (avg nans) | restriction: 0.000s (avg nans)
Round 2 times — local: 0.557s (avg 0.1393s) | sheaf: 0.000s (avg nans) | restriction: 0.000s (avg nans)
Round 3 times — local: 0.496s (avg 0.1239s) | sheaf: 0.000s (avg nans) | restriction: 0.000s (avg nans)
Round 4 times — local: 0.487s (avg 0.1217s) | sheaf: 0.000s (avg nans) | restriction: 0.000s (avg nans)
Round 5 times — local: 0.495s (avg 0.1237s) | sheaf: 0.000s (avg nans) | restriction: 0.000s (avg nans)
Round 6 times — local: 0.492s (avg 0.1229s) | sheaf: 0.000s (avg nans) | restriction: 0.000s (avg nans)
Round 7 times — local: 0.572s (avg 0.1429s) | sheaf: 0.000s (avg nans) | restriction: 0.000s (avg nans)
Round 8 times — local: 0.476s (avg 0.1191s) | sheaf: 0.000s (avg nans) | restriction: 0.000s (avg nans)
Round 9 times — local: 0.516s (avg 0.1290s) | sheaf: 0.000s (avg nans) | restriction: 0.000s (avg nans)
Round 10 times — local: 0.480s (avg 0.1200s) | sheaf: 0.000s (avg nans) | restriction: 0.000s (avg nans)
Round  10: Avg Test Accuracy = 0.8648, Bits = 7.35 MB, Time = 6.80s
Round 11 times — local: 0.492s (avg 0.1229s) | sheaf: 0.000s (avg nans) | restriction: 0.000s (avg nans)
Round 12 times — local: 0.507s (avg 0.1267s) | sheaf: 0.000s (avg nans) | restriction: 0.000s (avg nans)
Round 13 times — local: 0.580s (avg 0.1450s) | sheaf: 0.000s (avg nans) | restriction: 0.000s (avg nans)
Round 14 times — local: 0.491s (avg 0.1226s) | sheaf: 0.000s (avg nans) | restriction: 0.000s (avg nans)
Round 15 times — local: 0.510s (avg 0.1275s) | sheaf: 0.000s (avg nans) | restriction: 0.000s (avg nans)
Round 16 times — local: 0.488s (avg 0.1220s) | sheaf: 0.000s (avg nans) | restriction: 0.000s (avg nans)
Round 17 times — local: 0.490s (avg 0.1224s) | sheaf: 0.000s (avg nans) | restriction: 0.000s (avg nans)
Round 18 times — local: 0.485s (avg 0.1213s) | sheaf: 0.000s (avg nans) | restriction: 0.000s (avg nans)
Round 19 times — local: 0.550s (avg 0.1375s) | sheaf: 0.000s (avg nans) | restriction: 0.000s (avg nans)

Results saved to results/sheaf_fmtl_rmnist_local_gamma0.1_seed789.json

Training completed!
Final average test accuracy: 0.8997
Total communication: 13.37 MB
Total time: 11.39 seconds
=== Seed 789: Running Sheaf-FMTL with eta=0.0 (fixed maps) ===
Preparing Rotated MNIST dataset...
Generating complete communication graph...
Graph statistics: {'num_nodes': 4, 'num_edges': 6, 'avg_degree': 3.0, 'max_degree': 3, 'min_degree': 3, 'diameter': 1, 'avg_clustering': 1.0, 'is_connected': True}
Initializing client models...
Initializing Sheaf-FMTL algorithm...
Using device: cuda

Starting training for 20 rounds...
Communication bits per round: 668,544
Round 0 times — local: 1.759s (avg 0.4398s) | sheaf: 0.006s (avg 0.0015s) | restriction: 0.001s (avg 0.0003s)
Round   0: Avg Test Accuracy = 0.3763, Bits = 0.67 MB, Time = 1.77s
Round 1 times — local: 0.492s (avg 0.1230s) | sheaf: 0.002s (avg 0.0005s) | restriction: 0.001s (avg 0.0003s)
Round 2 times — local: 0.567s (avg 0.1417s) | sheaf: 0.002s (avg 0.0005s) | restriction: 0.001s (avg 0.0003s)
Round 3 times — local: 0.487s (avg 0.1217s) | sheaf: 0.002s (avg 0.0004s) | restriction: 0.001s (avg 0.0003s)
Round 4 times — local: 0.492s (avg 0.1229s) | sheaf: 0.002s (avg 0.0004s) | restriction: 0.001s (avg 0.0002s)
Round 5 times — local: 0.498s (avg 0.1245s) | sheaf: 0.002s (avg 0.0005s) | restriction: 0.001s (avg 0.0003s)
Round 6 times — local: 0.490s (avg 0.1226s) | sheaf: 0.002s (avg 0.0004s) | restriction: 0.001s (avg 0.0002s)
Round 7 times — local: 0.592s (avg 0.1480s) | sheaf: 0.002s (avg 0.0005s) | restriction: 0.001s (avg 0.0003s)
Round 8 times — local: 0.490s (avg 0.1225s) | sheaf: 0.002s (avg 0.0004s) | restriction: 0.001s (avg 0.0002s)
Round 9 times — local: 0.521s (avg 0.1303s) | sheaf: 0.002s (avg 0.0005s) | restriction: 0.001s (avg 0.0003s)
Round 10 times — local: 0.495s (avg 0.1237s) | sheaf: 0.002s (avg 0.0004s) | restriction: 0.001s (avg 0.0002s)
Round  10: Avg Test Accuracy = 0.8648, Bits = 7.35 MB, Time = 6.92s
Round 11 times — local: 0.505s (avg 0.1262s) | sheaf: 0.002s (avg 0.0005s) | restriction: 0.001s (avg 0.0002s)
Round 12 times — local: 0.497s (avg 0.1242s) | sheaf: 0.002s (avg 0.0004s) | restriction: 0.001s (avg 0.0003s)
Round 13 times — local: 0.564s (avg 0.1409s) | sheaf: 0.002s (avg 0.0005s) | restriction: 0.001s (avg 0.0003s)
Round 14 times — local: 0.478s (avg 0.1195s) | sheaf: 0.002s (avg 0.0005s) | restriction: 0.001s (avg 0.0003s)
Round 15 times — local: 0.496s (avg 0.1240s) | sheaf: 0.002s (avg 0.0004s) | restriction: 0.001s (avg 0.0002s)
Round 16 times — local: 0.493s (avg 0.1233s) | sheaf: 0.002s (avg 0.0004s) | restriction: 0.001s (avg 0.0002s)
Round 17 times — local: 0.497s (avg 0.1241s) | sheaf: 0.002s (avg 0.0004s) | restriction: 0.001s (avg 0.0002s)
Round 18 times — local: 0.513s (avg 0.1283s) | sheaf: 0.002s (avg 0.0005s) | restriction: 0.001s (avg 0.0003s)
Round 19 times — local: 0.552s (avg 0.1379s) | sheaf: 0.002s (avg 0.0005s) | restriction: 0.001s (avg 0.0003s)

Results saved to results/sheaf_fmtl_rmnist_sheaf_gamma0.1_eta0.0_seed789.json

Training completed!
Final average test accuracy: 0.8997
Total communication: 13.37 MB
Total time: 11.54 seconds
=== Seed 789: Running Sheaf-FMTL with eta=0.1 (learned maps) ===
Preparing Rotated MNIST dataset...
Generating complete communication graph...
Graph statistics: {'num_nodes': 4, 'num_edges': 6, 'avg_degree': 3.0, 'max_degree': 3, 'min_degree': 3, 'diameter': 1, 'avg_clustering': 1.0, 'is_connected': True}
Initializing client models...
Initializing Sheaf-FMTL algorithm...
Using device: cuda

Starting training for 20 rounds...
Communication bits per round: 668,544
Round 0 times — local: 1.707s (avg 0.4267s) | sheaf: 0.006s (avg 0.0016s) | restriction: 0.001s (avg 0.0004s)
Round   0: Avg Test Accuracy = 0.3763, Bits = 0.67 MB, Time = 1.71s
Round 1 times — local: 0.488s (avg 0.1219s) | sheaf: 0.002s (avg 0.0005s) | restriction: 0.001s (avg 0.0003s)
Round 2 times — local: 0.547s (avg 0.1368s) | sheaf: 0.002s (avg 0.0005s) | restriction: 0.001s (avg 0.0003s)
Round 3 times — local: 0.478s (avg 0.1194s) | sheaf: 0.002s (avg 0.0005s) | restriction: 0.001s (avg 0.0003s)
Round 4 times — local: 0.495s (avg 0.1238s) | sheaf: 0.002s (avg 0.0004s) | restriction: 0.001s (avg 0.0003s)
Round 5 times — local: 0.495s (avg 0.1237s) | sheaf: 0.002s (avg 0.0005s) | restriction: 0.001s (avg 0.0003s)
Round 6 times — local: 0.485s (avg 0.1211s) | sheaf: 0.002s (avg 0.0004s) | restriction: 0.001s (avg 0.0002s)
Round 7 times — local: 0.563s (avg 0.1407s) | sheaf: 0.002s (avg 0.0005s) | restriction: 0.001s (avg 0.0003s)
Round 8 times — local: 0.497s (avg 0.1242s) | sheaf: 0.002s (avg 0.0005s) | restriction: 0.001s (avg 0.0003s)
Round 9 times — local: 0.485s (avg 0.1212s) | sheaf: 0.002s (avg 0.0005s) | restriction: 0.001s (avg 0.0003s)
Round 10 times — local: 0.503s (avg 0.1257s) | sheaf: 0.002s (avg 0.0004s) | restriction: 0.001s (avg 0.0002s)
Round  10: Avg Test Accuracy = 0.8648, Bits = 7.35 MB, Time = 6.78s
Round 11 times — local: 0.484s (avg 0.1209s) | sheaf: 0.002s (avg 0.0005s) | restriction: 0.001s (avg 0.0002s)
Round 12 times — local: 0.484s (avg 0.1211s) | sheaf: 0.002s (avg 0.0004s) | restriction: 0.001s (avg 0.0002s)
Round 13 times — local: 0.587s (avg 0.1467s) | sheaf: 0.002s (avg 0.0005s) | restriction: 0.001s (avg 0.0003s)
Round 14 times — local: 0.479s (avg 0.1198s) | sheaf: 0.002s (avg 0.0004s) | restriction: 0.001s (avg 0.0003s)
Round 15 times — local: 0.476s (avg 0.1189s) | sheaf: 0.002s (avg 0.0004s) | restriction: 0.001s (avg 0.0002s)
Round 16 times — local: 0.498s (avg 0.1245s) | sheaf: 0.002s (avg 0.0004s) | restriction: 0.001s (avg 0.0002s)
Round 17 times — local: 0.493s (avg 0.1232s) | sheaf: 0.002s (avg 0.0004s) | restriction: 0.001s (avg 0.0003s)
Round 18 times — local: 0.516s (avg 0.1289s) | sheaf: 0.002s (avg 0.0004s) | restriction: 0.001s (avg 0.0002s)
Round 19 times — local: 0.553s (avg 0.1383s) | sheaf: 0.002s (avg 0.0004s) | restriction: 0.001s (avg 0.0003s)

Results saved to results/sheaf_fmtl_rmnist_sheaf_gamma0.1_eta0.1_seed789.json

Training completed!
Final average test accuracy: 0.8997
Total communication: 13.37 MB
Total time: 11.37 seconds
=== Seed 1234: Running independent baseline ===
Preparing Rotated MNIST dataset...
Generating complete communication graph...
Graph statistics: {'num_nodes': 4, 'num_edges': 6, 'avg_degree': 3.0, 'max_degree': 3, 'min_degree': 3, 'diameter': 1, 'avg_clustering': 1.0, 'is_connected': True}
Initializing client models...
Initializing Sheaf-FMTL algorithm...
Using device: cuda

Starting training for 20 rounds...
Communication bits per round: 668,544
Round 0 times — local: 1.945s (avg 0.4861s) | sheaf: 0.000s (avg nans) | restriction: 0.000s (avg nans)
Round   0: Avg Test Accuracy = 0.3587, Bits = 0.67 MB, Time = 1.95s
Round 1 times — local: 0.493s (avg 0.1231s) | sheaf: 0.000s (avg nans) | restriction: 0.000s (avg nans)
Round 2 times — local: 0.554s (avg 0.1384s) | sheaf: 0.000s (avg nans) | restriction: 0.000s (avg nans)
Round 3 times — local: 0.482s (avg 0.1205s) | sheaf: 0.000s (avg nans) | restriction: 0.000s (avg nans)
Round 4 times — local: 0.489s (avg 0.1222s) | sheaf: 0.000s (avg nans) | restriction: 0.000s (avg nans)
Round 5 times — local: 0.494s (avg 0.1235s) | sheaf: 0.000s (avg nans) | restriction: 0.000s (avg nans)
Round 6 times — local: 0.487s (avg 0.1217s) | sheaf: 0.000s (avg nans) | restriction: 0.000s (avg nans)
Round 7 times — local: 0.584s (avg 0.1461s) | sheaf: 0.000s (avg nans) | restriction: 0.000s (avg nans)
Round 8 times — local: 0.484s (avg 0.1209s) | sheaf: 0.000s (avg nans) | restriction: 0.000s (avg nans)
Round 9 times — local: 0.493s (avg 0.1232s) | sheaf: 0.000s (avg nans) | restriction: 0.000s (avg nans)
Round 10 times — local: 0.485s (avg 0.1212s) | sheaf: 0.000s (avg nans) | restriction: 0.000s (avg nans)
Round  10: Avg Test Accuracy = 0.8781, Bits = 7.35 MB, Time = 6.99s
Round 11 times — local: 0.489s (avg 0.1224s) | sheaf: 0.000s (avg nans) | restriction: 0.000s (avg nans)
Round 12 times — local: 0.485s (avg 0.1211s) | sheaf: 0.000s (avg nans) | restriction: 0.000s (avg nans)
Round 13 times — local: 0.571s (avg 0.1428s) | sheaf: 0.000s (avg nans) | restriction: 0.000s (avg nans)
Round 14 times — local: 0.479s (avg 0.1199s) | sheaf: 0.000s (avg nans) | restriction: 0.000s (avg nans)
Round 15 times — local: 0.487s (avg 0.1216s) | sheaf: 0.000s (avg nans) | restriction: 0.000s (avg nans)
Round 16 times — local: 0.489s (avg 0.1221s) | sheaf: 0.000s (avg nans) | restriction: 0.000s (avg nans)
Round 17 times — local: 0.485s (avg 0.1212s) | sheaf: 0.000s (avg nans) | restriction: 0.000s (avg nans)
Round 18 times — local: 0.510s (avg 0.1275s) | sheaf: 0.000s (avg nans) | restriction: 0.000s (avg nans)
Round 19 times — local: 0.549s (avg 0.1373s) | sheaf: 0.000s (avg nans) | restriction: 0.000s (avg nans)

Results saved to results/sheaf_fmtl_rmnist_local_gamma0.1_seed1234.json

Training completed!
Final average test accuracy: 0.9084
Total communication: 13.37 MB
Total time: 11.54 seconds
=== Seed 1234: Running Sheaf-FMTL with eta=0.0 (fixed maps) ===
Preparing Rotated MNIST dataset...
Generating complete communication graph...
Graph statistics: {'num_nodes': 4, 'num_edges': 6, 'avg_degree': 3.0, 'max_degree': 3, 'min_degree': 3, 'diameter': 1, 'avg_clustering': 1.0, 'is_connected': True}
Initializing client models...
Initializing Sheaf-FMTL algorithm...
Using device: cuda

Starting training for 20 rounds...
Communication bits per round: 668,544
Round 0 times — local: 1.696s (avg 0.4241s) | sheaf: 0.007s (avg 0.0017s) | restriction: 0.001s (avg 0.0004s)
Round   0: Avg Test Accuracy = 0.3587, Bits = 0.67 MB, Time = 1.70s
Round 1 times — local: 0.508s (avg 0.1271s) | sheaf: 0.002s (avg 0.0004s) | restriction: 0.001s (avg 0.0002s)
Round 2 times — local: 0.567s (avg 0.1419s) | sheaf: 0.002s (avg 0.0005s) | restriction: 0.001s (avg 0.0003s)
Round 3 times — local: 0.489s (avg 0.1223s) | sheaf: 0.002s (avg 0.0005s) | restriction: 0.001s (avg 0.0003s)
Round 4 times — local: 0.495s (avg 0.1237s) | sheaf: 0.002s (avg 0.0005s) | restriction: 0.001s (avg 0.0002s)
Round 5 times — local: 0.493s (avg 0.1234s) | sheaf: 0.002s (avg 0.0004s) | restriction: 0.001s (avg 0.0002s)
Round 6 times — local: 0.493s (avg 0.1232s) | sheaf: 0.002s (avg 0.0004s) | restriction: 0.001s (avg 0.0002s)
Round 7 times — local: 0.585s (avg 0.1462s) | sheaf: 0.002s (avg 0.0005s) | restriction: 0.001s (avg 0.0003s)
Round 8 times — local: 0.494s (avg 0.1234s) | sheaf: 0.002s (avg 0.0004s) | restriction: 0.001s (avg 0.0003s)
Round 9 times — local: 0.497s (avg 0.1244s) | sheaf: 0.002s (avg 0.0005s) | restriction: 0.001s (avg 0.0003s)
Round 10 times — local: 0.515s (avg 0.1288s) | sheaf: 0.002s (avg 0.0005s) | restriction: 0.001s (avg 0.0003s)
Round  10: Avg Test Accuracy = 0.8781, Bits = 7.35 MB, Time = 6.87s
Round 11 times — local: 0.493s (avg 0.1232s) | sheaf: 0.002s (avg 0.0005s) | restriction: 0.001s (avg 0.0003s)
Round 12 times — local: 0.490s (avg 0.1225s) | sheaf: 0.002s (avg 0.0004s) | restriction: 0.001s (avg 0.0002s)
Round 13 times — local: 0.580s (avg 0.1450s) | sheaf: 0.002s (avg 0.0005s) | restriction: 0.001s (avg 0.0003s)
Round 14 times — local: 0.483s (avg 0.1207s) | sheaf: 0.002s (avg 0.0005s) | restriction: 0.001s (avg 0.0003s)
Round 15 times — local: 0.482s (avg 0.1206s) | sheaf: 0.002s (avg 0.0005s) | restriction: 0.001s (avg 0.0003s)
Round 16 times — local: 0.498s (avg 0.1245s) | sheaf: 0.002s (avg 0.0004s) | restriction: 0.001s (avg 0.0002s)
Round 17 times — local: 0.485s (avg 0.1213s) | sheaf: 0.002s (avg 0.0005s) | restriction: 0.001s (avg 0.0003s)
Round 18 times — local: 0.514s (avg 0.1286s) | sheaf: 0.002s (avg 0.0004s) | restriction: 0.001s (avg 0.0002s)
Round 19 times — local: 0.550s (avg 0.1376s) | sheaf: 0.002s (avg 0.0005s) | restriction: 0.001s (avg 0.0002s)

Results saved to results/sheaf_fmtl_rmnist_sheaf_gamma0.1_eta0.0_seed1234.json

Training completed!
Final average test accuracy: 0.9084
Total communication: 13.37 MB
Total time: 11.47 seconds
=== Seed 1234: Running Sheaf-FMTL with eta=0.1 (learned maps) ===
Preparing Rotated MNIST dataset...
Generating complete communication graph...
Graph statistics: {'num_nodes': 4, 'num_edges': 6, 'avg_degree': 3.0, 'max_degree': 3, 'min_degree': 3, 'diameter': 1, 'avg_clustering': 1.0, 'is_connected': True}
Initializing client models...
Initializing Sheaf-FMTL algorithm...
Using device: cuda

Starting training for 20 rounds...
Communication bits per round: 668,544
Round 0 times — local: 1.786s (avg 0.4464s) | sheaf: 0.005s (avg 0.0012s) | restriction: 0.001s (avg 0.0003s)
Round   0: Avg Test Accuracy = 0.3587, Bits = 0.67 MB, Time = 1.79s
Round 1 times — local: 0.497s (avg 0.1243s) | sheaf: 0.002s (avg 0.0004s) | restriction: 0.001s (avg 0.0002s)
Round 2 times — local: 0.572s (avg 0.1429s) | sheaf: 0.002s (avg 0.0004s) | restriction: 0.001s (avg 0.0002s)
Round 3 times — local: 0.496s (avg 0.1240s) | sheaf: 0.002s (avg 0.0004s) | restriction: 0.001s (avg 0.0002s)
Round 4 times — local: 0.487s (avg 0.1217s) | sheaf: 0.002s (avg 0.0004s) | restriction: 0.001s (avg 0.0002s)
Round 5 times — local: 0.514s (avg 0.1285s) | sheaf: 0.002s (avg 0.0004s) | restriction: 0.001s (avg 0.0002s)
Round 6 times — local: 0.500s (avg 0.1249s) | sheaf: 0.002s (avg 0.0004s) | restriction: 0.001s (avg 0.0002s)
Round 7 times — local: 0.590s (avg 0.1476s) | sheaf: 0.002s (avg 0.0004s) | restriction: 0.001s (avg 0.0002s)
Round 8 times — local: 0.494s (avg 0.1234s) | sheaf: 0.002s (avg 0.0004s) | restriction: 0.001s (avg 0.0002s)
Round 9 times — local: 0.488s (avg 0.1221s) | sheaf: 0.002s (avg 0.0004s) | restriction: 0.001s (avg 0.0002s)
Round 10 times — local: 0.499s (avg 0.1246s) | sheaf: 0.001s (avg 0.0004s) | restriction: 0.001s (avg 0.0002s)
Round  10: Avg Test Accuracy = 0.8782, Bits = 7.35 MB, Time = 6.95s
Round 11 times — local: 0.485s (avg 0.1212s) | sheaf: 0.002s (avg 0.0004s) | restriction: 0.001s (avg 0.0002s)
Round 12 times — local: 0.484s (avg 0.1210s) | sheaf: 0.002s (avg 0.0004s) | restriction: 0.001s (avg 0.0002s)
Round 13 times — local: 0.566s (avg 0.1415s) | sheaf: 0.002s (avg 0.0004s) | restriction: 0.001s (avg 0.0002s)
Round 14 times — local: 0.492s (avg 0.1230s) | sheaf: 0.002s (avg 0.0004s) | restriction: 0.001s (avg 0.0002s)
Round 15 times — local: 0.495s (avg 0.1236s) | sheaf: 0.002s (avg 0.0004s) | restriction: 0.001s (avg 0.0002s)
Round 16 times — local: 0.485s (avg 0.1211s) | sheaf: 0.002s (avg 0.0004s) | restriction: 0.001s (avg 0.0002s)
Round 17 times — local: 0.486s (avg 0.1215s) | sheaf: 0.002s (avg 0.0004s) | restriction: 0.001s (avg 0.0002s)
Round 18 times — local: 0.489s (avg 0.1223s) | sheaf: 0.002s (avg 0.0004s) | restriction: 0.001s (avg 0.0002s)
Round 19 times — local: 0.567s (avg 0.1417s) | sheaf: 0.002s (avg 0.0004s) | restriction: 0.001s (avg 0.0002s)

Results saved to results/sheaf_fmtl_rmnist_sheaf_gamma0.1_eta0.1_seed1234.json

Training completed!
Final average test accuracy: 0.9083
Total communication: 13.37 MB
Total time: 11.52 seconds
=== All runs complete. Plotting... ===
Plot saved to results/rmnist_comparison_gamma0.1.png
