=== Run 1: lambda_reg=0 (baseline, no sheaf coordination) ===
Preparing HAR dataset...
Loading HAR dataset...
Warning: data/task_index.npy not found. Creating synthetic client assignment.
Client 0: Train samples = 51, Test samples = 17
Client 1: Train samples = 257, Test samples = 86
Client 2: Train samples = 257, Test samples = 86
Client 3: Train samples = 257, Test samples = 86
Client 4: Train samples = 51, Test samples = 17
Client 5: Train samples = 51, Test samples = 17
Client 6: Train samples = 257, Test samples = 86
Client 7: Train samples = 257, Test samples = 86
Client 8: Train samples = 51, Test samples = 17
Client 9: Train samples = 51, Test samples = 17
Client 10: Train samples = 257, Test samples = 86
Client 11: Train samples = 51, Test samples = 17
Client 12: Train samples = 51, Test samples = 17
Client 13: Train samples = 51, Test samples = 17
Client 14: Train samples = 257, Test samples = 86
Client 15: Train samples = 51, Test samples = 17
Client 16: Train samples = 51, Test samples = 17
Client 17: Train samples = 51, Test samples = 17
Client 18: Train samples = 257, Test samples = 86
Client 19: Train samples = 257, Test samples = 86
Client 20: Train samples = 257, Test samples = 86
Client 21: Train samples = 257, Test samples = 86
Client 22: Train samples = 257, Test samples = 86
Client 23: Train samples = 51, Test samples = 17
Client 24: Train samples = 51, Test samples = 17
Client 25: Train samples = 257, Test samples = 86
Client 26: Train samples = 257, Test samples = 86
Client 27: Train samples = 51, Test samples = 17
Client 28: Train samples = 51, Test samples = 17
Client 29: Train samples = 264, Test samples = 88
Dataset info: {'input_size': 561, 'num_classes': 6, 'num_clients': 30}
Generating erdos_renyi communication graph...
Graph statistics: {'num_nodes': 30, 'num_edges': 111, 'avg_degree': 7.4, 'max_degree': 14, 'min_degree': 4, 'diameter': 3, 'avg_clustering': 0.26593906093906095, 'is_connected': True}
Initializing client models...
Initializing Sheaf-FMTL algorithm...
Using device: cuda

Starting training for 100 rounds...
Communication bits per round: 3,021,312
Number of parameters: 3372
Round   0: Avg Test Accuracy = 0.2301, Bits = 3.02 MB, Time = 3.56s
Round  10: Avg Test Accuracy = 0.5680, Bits = 33.23 MB, Time = 5.38s
Round  20: Avg Test Accuracy = 0.6821, Bits = 63.45 MB, Time = 7.19s
Round  30: Avg Test Accuracy = 0.7522, Bits = 93.66 MB, Time = 8.99s
Round  40: Avg Test Accuracy = 0.7701, Bits = 123.87 MB, Time = 10.76s
Round  50: Avg Test Accuracy = 0.8045, Bits = 154.09 MB, Time = 12.44s
Round  60: Avg Test Accuracy = 0.8222, Bits = 184.30 MB, Time = 14.23s
Round  70: Avg Test Accuracy = 0.8319, Bits = 214.51 MB, Time = 16.04s
Round  80: Avg Test Accuracy = 0.8541, Bits = 244.73 MB, Time = 17.85s
Round  90: Avg Test Accuracy = 0.8654, Bits = 274.94 MB, Time = 19.65s

Results saved to results/sheaf_fmtl_har_gamma1.0.json

Training completed!
Final average test accuracy: 0.8752
Total communication: 302.13 MB
Total time: 21.29 seconds
=== Run 1 complete ===
=== Run 2: lambda_reg=0.05 (sheaf-regularized) ===
Preparing HAR dataset...
Loading HAR dataset...
Warning: data/task_index.npy not found. Creating synthetic client assignment.
Client 0: Train samples = 51, Test samples = 17
Client 1: Train samples = 257, Test samples = 86
Client 2: Train samples = 257, Test samples = 86
Client 3: Train samples = 257, Test samples = 86
Client 4: Train samples = 51, Test samples = 17
Client 5: Train samples = 51, Test samples = 17
Client 6: Train samples = 257, Test samples = 86
Client 7: Train samples = 257, Test samples = 86
Client 8: Train samples = 51, Test samples = 17
Client 9: Train samples = 51, Test samples = 17
Client 10: Train samples = 257, Test samples = 86
Client 11: Train samples = 51, Test samples = 17
Client 12: Train samples = 51, Test samples = 17
Client 13: Train samples = 51, Test samples = 17
Client 14: Train samples = 257, Test samples = 86
Client 15: Train samples = 51, Test samples = 17
Client 16: Train samples = 51, Test samples = 17
Client 17: Train samples = 51, Test samples = 17
Client 18: Train samples = 257, Test samples = 86
Client 19: Train samples = 257, Test samples = 86
Client 20: Train samples = 257, Test samples = 86
Client 21: Train samples = 257, Test samples = 86
Client 22: Train samples = 257, Test samples = 86
Client 23: Train samples = 51, Test samples = 17
Client 24: Train samples = 51, Test samples = 17
Client 25: Train samples = 257, Test samples = 86
Client 26: Train samples = 257, Test samples = 86
Client 27: Train samples = 51, Test samples = 17
Client 28: Train samples = 51, Test samples = 17
Client 29: Train samples = 264, Test samples = 88
Dataset info: {'input_size': 561, 'num_classes': 6, 'num_clients': 30}
Generating erdos_renyi communication graph...
Graph statistics: {'num_nodes': 30, 'num_edges': 92, 'avg_degree': 6.133333333333334, 'max_degree': 10, 'min_degree': 1, 'diameter': 4, 'avg_clustering': 0.223994708994709, 'is_connected': True}
Initializing client models...
Initializing Sheaf-FMTL algorithm...
Using device: cuda

Starting training for 100 rounds...
Communication bits per round: 2,158,080
Number of parameters: 3372
Round   0: Avg Test Accuracy = 0.2480, Bits = 2.16 MB, Time = 1.64s
Round  10: Avg Test Accuracy = 0.5596, Bits = 23.74 MB, Time = 3.37s
Round  20: Avg Test Accuracy = 0.6742, Bits = 45.32 MB, Time = 5.02s
Round  30: Avg Test Accuracy = 0.7378, Bits = 66.90 MB, Time = 6.68s
Round  40: Avg Test Accuracy = 0.7704, Bits = 88.48 MB, Time = 8.41s
Round  50: Avg Test Accuracy = 0.8167, Bits = 110.06 MB, Time = 10.22s
Round  60: Avg Test Accuracy = 0.8296, Bits = 131.64 MB, Time = 11.95s
Round  70: Avg Test Accuracy = 0.8412, Bits = 153.22 MB, Time = 13.67s
Round  80: Avg Test Accuracy = 0.8600, Bits = 174.80 MB, Time = 15.39s
Round  90: Avg Test Accuracy = 0.8666, Bits = 196.39 MB, Time = 17.09s

Results saved to results/sheaf_fmtl_har_gamma1.0.json

Training completed!
Final average test accuracy: 0.8849
Total communication: 215.81 MB
Total time: 18.63 seconds
=== Run 2 complete ===
