=== Running independent baseline ===
Preparing Rotated MNIST dataset...
Generating complete communication graph...
Graph statistics: {'num_nodes': 4, 'num_edges': 6, 'avg_degree': 3.0, 'max_degree': 3, 'min_degree': 3, 'diameter': 1, 'avg_clustering': 1.0, 'is_connected': True}
Initializing client models...
Initializing Sheaf-FMTL algorithm...
Using device: cuda

Starting training for 100 rounds...
Communication bits per round: 66,816
Round 0 times — local: 4.341s (avg 1.0852s) | sheaf: 0.000s (avg nans) | restriction: 0.000s (avg nans)
Round   0: Avg Test Accuracy = 0.3125, Bits = 0.07 MB, Time = 4.35s
Round 1 times — local: 0.487s (avg 0.1217s) | sheaf: 0.000s (avg nans) | restriction: 0.000s (avg nans)
Round 2 times — local: 0.557s (avg 0.1394s) | sheaf: 0.000s (avg nans) | restriction: 0.000s (avg nans)
Round 3 times — local: 0.486s (avg 0.1216s) | sheaf: 0.000s (avg nans) | restriction: 0.000s (avg nans)
Round 4 times — local: 0.485s (avg 0.1213s) | sheaf: 0.000s (avg nans) | restriction: 0.000s (avg nans)
Round 5 times — local: 0.480s (avg 0.1199s) | sheaf: 0.000s (avg nans) | restriction: 0.000s (avg nans)
Round 6 times — local: 0.505s (avg 0.1262s) | sheaf: 0.000s (avg nans) | restriction: 0.000s (avg nans)
Round 7 times — local: 0.544s (avg 0.1359s) | sheaf: 0.000s (avg nans) | restriction: 0.000s (avg nans)
Round 8 times — local: 0.469s (avg 0.1172s) | sheaf: 0.000s (avg nans) | restriction: 0.000s (avg nans)
Round 9 times — local: 0.476s (avg 0.1190s) | sheaf: 0.000s (avg nans) | restriction: 0.000s (avg nans)
Round 10 times — local: 0.471s (avg 0.1179s) | sheaf: 0.000s (avg nans) | restriction: 0.000s (avg nans)
Round  10: Avg Test Accuracy = 0.8632, Bits = 0.73 MB, Time = 9.31s
Round 11 times — local: 0.479s (avg 0.1196s) | sheaf: 0.000s (avg nans) | restriction: 0.000s (avg nans)
Round 12 times — local: 0.478s (avg 0.1195s) | sheaf: 0.000s (avg nans) | restriction: 0.000s (avg nans)
Round 13 times — local: 0.560s (avg 0.1401s) | sheaf: 0.000s (avg nans) | restriction: 0.000s (avg nans)
Round 14 times — local: 0.485s (avg 0.1211s) | sheaf: 0.000s (avg nans) | restriction: 0.000s (avg nans)
Round 15 times — local: 0.478s (avg 0.1195s) | sheaf: 0.000s (avg nans) | restriction: 0.000s (avg nans)
Round 16 times — local: 0.502s (avg 0.1256s) | sheaf: 0.000s (avg nans) | restriction: 0.000s (avg nans)
Round 17 times — local: 0.486s (avg 0.1214s) | sheaf: 0.000s (avg nans) | restriction: 0.000s (avg nans)
Round 18 times — local: 0.490s (avg 0.1226s) | sheaf: 0.000s (avg nans) | restriction: 0.000s (avg nans)
Round 19 times — local: 0.560s (avg 0.1401s) | sheaf: 0.000s (avg nans) | restriction: 0.000s (avg nans)
Round 20 times — local: 0.492s (avg 0.1230s) | sheaf: 0.000s (avg nans) | restriction: 0.000s (avg nans)
Round  20: Avg Test Accuracy = 0.8993, Bits = 1.40 MB, Time = 14.32s
Round 21 times — local: 0.484s (avg 0.1210s) | sheaf: 0.000s (avg nans) | restriction: 0.000s (avg nans)
Round 22 times — local: 0.481s (avg 0.1203s) | sheaf: 0.000s (avg nans) | restriction: 0.000s (avg nans)
Round 23 times — local: 0.448s (avg 0.1120s) | sheaf: 0.000s (avg nans) | restriction: 0.000s (avg nans)
Round 24 times — local: 0.442s (avg 0.1104s) | sheaf: 0.000s (avg nans) | restriction: 0.000s (avg nans)
Round 25 times — local: 0.547s (avg 0.1366s) | sheaf: 0.000s (avg nans) | restriction: 0.000s (avg nans)
Round 26 times — local: 0.492s (avg 0.1229s) | sheaf: 0.000s (avg nans) | restriction: 0.000s (avg nans)
Round 27 times — local: 0.487s (avg 0.1218s) | sheaf: 0.000s (avg nans) | restriction: 0.000s (avg nans)
Round 28 times — local: 0.483s (avg 0.1208s) | sheaf: 0.000s (avg nans) | restriction: 0.000s (avg nans)
Round 29 times — local: 0.510s (avg 0.1274s) | sheaf: 0.000s (avg nans) | restriction: 0.000s (avg nans)
Round 30 times — local: 0.544s (avg 0.1360s) | sheaf: 0.000s (avg nans) | restriction: 0.000s (avg nans)
Round  30: Avg Test Accuracy = 0.9165, Bits = 2.07 MB, Time = 19.24s
Round 31 times — local: 0.484s (avg 0.1210s) | sheaf: 0.000s (avg nans) | restriction: 0.000s (avg nans)
Round 32 times — local: 0.481s (avg 0.1202s) | sheaf: 0.000s (avg nans) | restriction: 0.000s (avg nans)
Round 33 times — local: 0.487s (avg 0.1218s) | sheaf: 0.000s (avg nans) | restriction: 0.000s (avg nans)
Round 34 times — local: 0.474s (avg 0.1186s) | sheaf: 0.000s (avg nans) | restriction: 0.000s (avg nans)
Round 35 times — local: 0.480s (avg 0.1200s) | sheaf: 0.000s (avg nans) | restriction: 0.000s (avg nans)
Round 36 times — local: 0.582s (avg 0.1456s) | sheaf: 0.000s (avg nans) | restriction: 0.000s (avg nans)
Round 37 times — local: 0.491s (avg 0.1227s) | sheaf: 0.000s (avg nans) | restriction: 0.000s (avg nans)
Round 38 times — local: 0.479s (avg 0.1198s) | sheaf: 0.000s (avg nans) | restriction: 0.000s (avg nans)
Round 39 times — local: 0.463s (avg 0.1158s) | sheaf: 0.000s (avg nans) | restriction: 0.000s (avg nans)
Round 40 times — local: 0.476s (avg 0.1189s) | sheaf: 0.000s (avg nans) | restriction: 0.000s (avg nans)
Round  40: Avg Test Accuracy = 0.9288, Bits = 2.74 MB, Time = 24.13s
Round 41 times — local: 0.475s (avg 0.1188s) | sheaf: 0.000s (avg nans) | restriction: 0.000s (avg nans)
Round 42 times — local: 0.537s (avg 0.1342s) | sheaf: 0.000s (avg nans) | restriction: 0.000s (avg nans)
Round 43 times — local: 0.480s (avg 0.1200s) | sheaf: 0.000s (avg nans) | restriction: 0.000s (avg nans)
Round 44 times — local: 0.475s (avg 0.1187s) | sheaf: 0.000s (avg nans) | restriction: 0.000s (avg nans)
Round 45 times — local: 0.481s (avg 0.1202s) | sheaf: 0.000s (avg nans) | restriction: 0.000s (avg nans)
Round 46 times — local: 0.503s (avg 0.1257s) | sheaf: 0.000s (avg nans) | restriction: 0.000s (avg nans)
Round 47 times — local: 0.545s (avg 0.1362s) | sheaf: 0.000s (avg nans) | restriction: 0.000s (avg nans)
Round 48 times — local: 0.480s (avg 0.1199s) | sheaf: 0.000s (avg nans) | restriction: 0.000s (avg nans)
Round 49 times — local: 0.493s (avg 0.1233s) | sheaf: 0.000s (avg nans) | restriction: 0.000s (avg nans)
Round 50 times — local: 0.492s (avg 0.1229s) | sheaf: 0.000s (avg nans) | restriction: 0.000s (avg nans)
Round  50: Avg Test Accuracy = 0.9388, Bits = 3.41 MB, Time = 29.10s
Round 51 times — local: 0.496s (avg 0.1241s) | sheaf: 0.000s (avg nans) | restriction: 0.000s (avg nans)
Round 52 times — local: 0.491s (avg 0.1227s) | sheaf: 0.000s (avg nans) | restriction: 0.000s (avg nans)
Round 53 times — local: 0.541s (avg 0.1352s) | sheaf: 0.000s (avg nans) | restriction: 0.000s (avg nans)
Round 54 times — local: 0.482s (avg 0.1204s) | sheaf: 0.000s (avg nans) | restriction: 0.000s (avg nans)
Round 55 times — local: 0.481s (avg 0.1202s) | sheaf: 0.000s (avg nans) | restriction: 0.000s (avg nans)
Round 56 times — local: 0.478s (avg 0.1195s) | sheaf: 0.000s (avg nans) | restriction: 0.000s (avg nans)
Round 57 times — local: 0.480s (avg 0.1200s) | sheaf: 0.000s (avg nans) | restriction: 0.000s (avg nans)
Round 58 times — local: 0.473s (avg 0.1182s) | sheaf: 0.000s (avg nans) | restriction: 0.000s (avg nans)
Round 59 times — local: 0.530s (avg 0.1325s) | sheaf: 0.000s (avg nans) | restriction: 0.000s (avg nans)
Round 60 times — local: 0.472s (avg 0.1181s) | sheaf: 0.000s (avg nans) | restriction: 0.000s (avg nans)
Round  60: Avg Test Accuracy = 0.9442, Bits = 4.08 MB, Time = 34.02s
Round 61 times — local: 0.439s (avg 0.1097s) | sheaf: 0.000s (avg nans) | restriction: 0.000s (avg nans)
Round 62 times — local: 0.450s (avg 0.1126s) | sheaf: 0.000s (avg nans) | restriction: 0.000s (avg nans)
Round 63 times — local: 0.469s (avg 0.1172s) | sheaf: 0.000s (avg nans) | restriction: 0.000s (avg nans)
Round 64 times — local: 0.529s (avg 0.1322s) | sheaf: 0.000s (avg nans) | restriction: 0.000s (avg nans)
Round 65 times — local: 0.479s (avg 0.1197s) | sheaf: 0.000s (avg nans) | restriction: 0.000s (avg nans)
Round 66 times — local: 0.478s (avg 0.1194s) | sheaf: 0.000s (avg nans) | restriction: 0.000s (avg nans)
Round 67 times — local: 0.479s (avg 0.1196s) | sheaf: 0.000s (avg nans) | restriction: 0.000s (avg nans)
Round 68 times — local: 0.504s (avg 0.1261s) | sheaf: 0.000s (avg nans) | restriction: 0.000s (avg nans)
Round 69 times — local: 0.482s (avg 0.1206s) | sheaf: 0.000s (avg nans) | restriction: 0.000s (avg nans)
Round 70 times — local: 0.533s (avg 0.1333s) | sheaf: 0.000s (avg nans) | restriction: 0.000s (avg nans)
Round  70: Avg Test Accuracy = 0.9501, Bits = 4.74 MB, Time = 38.86s
Round 71 times — local: 0.478s (avg 0.1194s) | sheaf: 0.000s (avg nans) | restriction: 0.000s (avg nans)
Round 72 times — local: 0.488s (avg 0.1221s) | sheaf: 0.000s (avg nans) | restriction: 0.000s (avg nans)
Round 73 times — local: 0.488s (avg 0.1221s) | sheaf: 0.000s (avg nans) | restriction: 0.000s (avg nans)
Round 74 times — local: 0.495s (avg 0.1237s) | sheaf: 0.000s (avg nans) | restriction: 0.000s (avg nans)
Round 75 times — local: 0.491s (avg 0.1227s) | sheaf: 0.000s (avg nans) | restriction: 0.000s (avg nans)
Round 76 times — local: 0.553s (avg 0.1382s) | sheaf: 0.000s (avg nans) | restriction: 0.000s (avg nans)
Round 77 times — local: 0.479s (avg 0.1198s) | sheaf: 0.000s (avg nans) | restriction: 0.000s (avg nans)
Round 78 times — local: 0.481s (avg 0.1202s) | sheaf: 0.000s (avg nans) | restriction: 0.000s (avg nans)
Round 79 times — local: 0.483s (avg 0.1209s) | sheaf: 0.000s (avg nans) | restriction: 0.000s (avg nans)
Round 80 times — local: 0.480s (avg 0.1201s) | sheaf: 0.000s (avg nans) | restriction: 0.000s (avg nans)
Round  80: Avg Test Accuracy = 0.9550, Bits = 5.41 MB, Time = 43.78s
Round 81 times — local: 0.545s (avg 0.1364s) | sheaf: 0.000s (avg nans) | restriction: 0.000s (avg nans)
Round 82 times — local: 0.479s (avg 0.1198s) | sheaf: 0.000s (avg nans) | restriction: 0.000s (avg nans)
Round 83 times — local: 0.481s (avg 0.1204s) | sheaf: 0.000s (avg nans) | restriction: 0.000s (avg nans)
Round 84 times — local: 0.479s (avg 0.1197s) | sheaf: 0.000s (avg nans) | restriction: 0.000s (avg nans)
Round 85 times — local: 0.481s (avg 0.1204s) | sheaf: 0.000s (avg nans) | restriction: 0.000s (avg nans)
Round 86 times — local: 0.480s (avg 0.1200s) | sheaf: 0.000s (avg nans) | restriction: 0.000s (avg nans)
Round 87 times — local: 0.538s (avg 0.1345s) | sheaf: 0.000s (avg nans) | restriction: 0.000s (avg nans)
Round 88 times — local: 0.481s (avg 0.1201s) | sheaf: 0.000s (avg nans) | restriction: 0.000s (avg nans)
Round 89 times — local: 0.477s (avg 0.1193s) | sheaf: 0.000s (avg nans) | restriction: 0.000s (avg nans)
Round 90 times — local: 0.480s (avg 0.1201s) | sheaf: 0.000s (avg nans) | restriction: 0.000s (avg nans)
Round  90: Avg Test Accuracy = 0.9575, Bits = 6.08 MB, Time = 48.70s
Round 91 times — local: 0.480s (avg 0.1199s) | sheaf: 0.000s (avg nans) | restriction: 0.000s (avg nans)
Round 92 times — local: 0.482s (avg 0.1204s) | sheaf: 0.000s (avg nans) | restriction: 0.000s (avg nans)
Round 93 times — local: 0.527s (avg 0.1319s) | sheaf: 0.000s (avg nans) | restriction: 0.000s (avg nans)
Round 94 times — local: 0.477s (avg 0.1192s) | sheaf: 0.000s (avg nans) | restriction: 0.000s (avg nans)
Round 95 times — local: 0.482s (avg 0.1205s) | sheaf: 0.000s (avg nans) | restriction: 0.000s (avg nans)
Round 96 times — local: 0.497s (avg 0.1243s) | sheaf: 0.000s (avg nans) | restriction: 0.000s (avg nans)
Round 97 times — local: 0.492s (avg 0.1229s) | sheaf: 0.000s (avg nans) | restriction: 0.000s (avg nans)
Round 98 times — local: 0.472s (avg 0.1180s) | sheaf: 0.000s (avg nans) | restriction: 0.000s (avg nans)
Round 99 times — local: 0.502s (avg 0.1256s) | sheaf: 0.000s (avg nans) | restriction: 0.000s (avg nans)

Results saved to results/sheaf_fmtl_rmnist_local_gamma0.01.json

Training completed!
Final average test accuracy: 0.9598
Total communication: 6.68 MB
Total time: 53.12 seconds
=== Running Sheaf-FMTL with eta=0.001 ===
Preparing Rotated MNIST dataset...
Generating complete communication graph...
Graph statistics: {'num_nodes': 4, 'num_edges': 6, 'avg_degree': 3.0, 'max_degree': 3, 'min_degree': 3, 'diameter': 1, 'avg_clustering': 1.0, 'is_connected': True}
Initializing client models...
Initializing Sheaf-FMTL algorithm...
Using device: cuda

Starting training for 100 rounds...
Communication bits per round: 66,816
Round 0 times — local: 2.224s (avg 0.5561s) | sheaf: 0.015s (avg 0.0039s) | restriction: 0.002s (avg 0.0004s)
Round   0: Avg Test Accuracy = 0.3127, Bits = 0.07 MB, Time = 2.24s
Round 1 times — local: 0.500s (avg 0.1249s) | sheaf: 0.002s (avg 0.0004s) | restriction: 0.001s (avg 0.0002s)
Round 2 times — local: 0.572s (avg 0.1430s) | sheaf: 0.002s (avg 0.0004s) | restriction: 0.001s (avg 0.0002s)
Round 3 times — local: 0.495s (avg 0.1238s) | sheaf: 0.002s (avg 0.0004s) | restriction: 0.001s (avg 0.0002s)
Round 4 times — local: 0.493s (avg 0.1233s) | sheaf: 0.002s (avg 0.0004s) | restriction: 0.001s (avg 0.0002s)
Round 5 times — local: 0.506s (avg 0.1266s) | sheaf: 0.002s (avg 0.0004s) | restriction: 0.001s (avg 0.0002s)
Round 6 times — local: 0.495s (avg 0.1237s) | sheaf: 0.002s (avg 0.0004s) | restriction: 0.001s (avg 0.0002s)
Round 7 times — local: 0.592s (avg 0.1479s) | sheaf: 0.002s (avg 0.0005s) | restriction: 0.001s (avg 0.0003s)
Round 8 times — local: 0.501s (avg 0.1252s) | sheaf: 0.002s (avg 0.0004s) | restriction: 0.001s (avg 0.0002s)
Round 9 times — local: 0.497s (avg 0.1243s) | sheaf: 0.002s (avg 0.0004s) | restriction: 0.001s (avg 0.0002s)
Round 10 times — local: 0.492s (avg 0.1229s) | sheaf: 0.002s (avg 0.0005s) | restriction: 0.001s (avg 0.0002s)
Round  10: Avg Test Accuracy = 0.8633, Bits = 0.73 MB, Time = 7.41s
Round 11 times — local: 0.486s (avg 0.1215s) | sheaf: 0.002s (avg 0.0004s) | restriction: 0.001s (avg 0.0002s)
Round 12 times — local: 0.481s (avg 0.1202s) | sheaf: 0.002s (avg 0.0005s) | restriction: 0.001s (avg 0.0003s)
Round 13 times — local: 0.572s (avg 0.1431s) | sheaf: 0.002s (avg 0.0004s) | restriction: 0.001s (avg 0.0002s)
Round 14 times — local: 0.496s (avg 0.1239s) | sheaf: 0.002s (avg 0.0004s) | restriction: 0.001s (avg 0.0003s)
Round 15 times — local: 0.503s (avg 0.1258s) | sheaf: 0.002s (avg 0.0004s) | restriction: 0.001s (avg 0.0002s)
Round 16 times — local: 0.491s (avg 0.1229s) | sheaf: 0.002s (avg 0.0005s) | restriction: 0.001s (avg 0.0003s)
Round 17 times — local: 0.499s (avg 0.1248s) | sheaf: 0.002s (avg 0.0004s) | restriction: 0.001s (avg 0.0002s)
Round 18 times — local: 0.501s (avg 0.1254s) | sheaf: 0.002s (avg 0.0004s) | restriction: 0.001s (avg 0.0002s)
Round 19 times — local: 0.574s (avg 0.1434s) | sheaf: 0.002s (avg 0.0004s) | restriction: 0.001s (avg 0.0002s)
Round 20 times — local: 0.500s (avg 0.1250s) | sheaf: 0.002s (avg 0.0004s) | restriction: 0.001s (avg 0.0002s)
Round  20: Avg Test Accuracy = 0.8993, Bits = 1.40 MB, Time = 12.54s
Round 21 times — local: 0.498s (avg 0.1245s) | sheaf: 0.002s (avg 0.0004s) | restriction: 0.001s (avg 0.0002s)
Round 22 times — local: 0.487s (avg 0.1216s) | sheaf: 0.002s (avg 0.0004s) | restriction: 0.001s (avg 0.0002s)
Round 23 times — local: 0.506s (avg 0.1265s) | sheaf: 0.002s (avg 0.0004s) | restriction: 0.001s (avg 0.0002s)
Round 24 times — local: 0.486s (avg 0.1215s) | sheaf: 0.002s (avg 0.0004s) | restriction: 0.001s (avg 0.0002s)
Round 25 times — local: 0.544s (avg 0.1361s) | sheaf: 0.002s (avg 0.0004s) | restriction: 0.001s (avg 0.0002s)
Round 26 times — local: 0.502s (avg 0.1255s) | sheaf: 0.002s (avg 0.0004s) | restriction: 0.001s (avg 0.0002s)
Round 27 times — local: 0.486s (avg 0.1214s) | sheaf: 0.002s (avg 0.0004s) | restriction: 0.001s (avg 0.0002s)
Round 28 times — local: 0.466s (avg 0.1164s) | sheaf: 0.002s (avg 0.0005s) | restriction: 0.001s (avg 0.0003s)
Round 29 times — local: 0.456s (avg 0.1139s) | sheaf: 0.002s (avg 0.0005s) | restriction: 0.001s (avg 0.0003s)
Round 30 times — local: 0.572s (avg 0.1431s) | sheaf: 0.002s (avg 0.0004s) | restriction: 0.001s (avg 0.0002s)
Round  30: Avg Test Accuracy = 0.9166, Bits = 2.07 MB, Time = 17.57s
Round 31 times — local: 0.488s (avg 0.1220s) | sheaf: 0.002s (avg 0.0004s) | restriction: 0.001s (avg 0.0002s)
Round 32 times — local: 0.488s (avg 0.1219s) | sheaf: 0.002s (avg 0.0004s) | restriction: 0.001s (avg 0.0002s)
Round 33 times — local: 0.482s (avg 0.1205s) | sheaf: 0.002s (avg 0.0005s) | restriction: 0.001s (avg 0.0003s)
Round 34 times — local: 0.512s (avg 0.1281s) | sheaf: 0.002s (avg 0.0005s) | restriction: 0.001s (avg 0.0002s)
Round 35 times — local: 0.483s (avg 0.1209s) | sheaf: 0.002s (avg 0.0004s) | restriction: 0.001s (avg 0.0002s)
Round 36 times — local: 0.544s (avg 0.1359s) | sheaf: 0.002s (avg 0.0005s) | restriction: 0.001s (avg 0.0002s)
Round 37 times — local: 0.500s (avg 0.1249s) | sheaf: 0.002s (avg 0.0004s) | restriction: 0.001s (avg 0.0002s)
Round 38 times — local: 0.487s (avg 0.1217s) | sheaf: 0.002s (avg 0.0004s) | restriction: 0.001s (avg 0.0002s)
Round 39 times — local: 0.485s (avg 0.1213s) | sheaf: 0.002s (avg 0.0004s) | restriction: 0.001s (avg 0.0002s)
Round 40 times — local: 0.485s (avg 0.1213s) | sheaf: 0.002s (avg 0.0004s) | restriction: 0.001s (avg 0.0002s)
Round  40: Avg Test Accuracy = 0.9288, Bits = 2.74 MB, Time = 22.55s
Round 41 times — local: 0.487s (avg 0.1218s) | sheaf: 0.002s (avg 0.0004s) | restriction: 0.001s (avg 0.0002s)
Round 42 times — local: 0.559s (avg 0.1397s) | sheaf: 0.002s (avg 0.0004s) | restriction: 0.001s (avg 0.0002s)
Round 43 times — local: 0.504s (avg 0.1260s) | sheaf: 0.002s (avg 0.0004s) | restriction: 0.001s (avg 0.0002s)
Round 44 times — local: 0.500s (avg 0.1250s) | sheaf: 0.002s (avg 0.0004s) | restriction: 0.001s (avg 0.0002s)
Round 45 times — local: 0.515s (avg 0.1287s) | sheaf: 0.002s (avg 0.0004s) | restriction: 0.001s (avg 0.0002s)
Round 46 times — local: 0.508s (avg 0.1269s) | sheaf: 0.002s (avg 0.0004s) | restriction: 0.001s (avg 0.0002s)
Round 47 times — local: 0.551s (avg 0.1379s) | sheaf: 0.002s (avg 0.0004s) | restriction: 0.001s (avg 0.0002s)
Round 48 times — local: 0.513s (avg 0.1283s) | sheaf: 0.002s (avg 0.0004s) | restriction: 0.001s (avg 0.0002s)
Round 49 times — local: 0.492s (avg 0.1229s) | sheaf: 0.002s (avg 0.0004s) | restriction: 0.001s (avg 0.0002s)
Round 50 times — local: 0.484s (avg 0.1211s) | sheaf: 0.002s (avg 0.0004s) | restriction: 0.001s (avg 0.0002s)
Round  50: Avg Test Accuracy = 0.9386, Bits = 3.41 MB, Time = 27.69s
Round 51 times — local: 0.488s (avg 0.1220s) | sheaf: 0.002s (avg 0.0004s) | restriction: 0.001s (avg 0.0002s)
Round 52 times — local: 0.489s (avg 0.1223s) | sheaf: 0.002s (avg 0.0004s) | restriction: 0.001s (avg 0.0002s)
Round 53 times — local: 0.571s (avg 0.1428s) | sheaf: 0.002s (avg 0.0005s) | restriction: 0.001s (avg 0.0003s)
Round 54 times — local: 0.486s (avg 0.1215s) | sheaf: 0.002s (avg 0.0004s) | restriction: 0.001s (avg 0.0002s)
Round 55 times — local: 0.490s (avg 0.1224s) | sheaf: 0.002s (avg 0.0004s) | restriction: 0.001s (avg 0.0002s)
Round 56 times — local: 0.483s (avg 0.1207s) | sheaf: 0.002s (avg 0.0005s) | restriction: 0.001s (avg 0.0002s)
Round 57 times — local: 0.483s (avg 0.1208s) | sheaf: 0.002s (avg 0.0004s) | restriction: 0.001s (avg 0.0002s)
Round 58 times — local: 0.483s (avg 0.1207s) | sheaf: 0.002s (avg 0.0004s) | restriction: 0.001s (avg 0.0002s)
Round 59 times — local: 0.548s (avg 0.1370s) | sheaf: 0.002s (avg 0.0004s) | restriction: 0.001s (avg 0.0002s)
Round 60 times — local: 0.497s (avg 0.1244s) | sheaf: 0.002s (avg 0.0004s) | restriction: 0.001s (avg 0.0002s)
Round  60: Avg Test Accuracy = 0.9442, Bits = 4.08 MB, Time = 32.74s
Round 61 times — local: 0.498s (avg 0.1245s) | sheaf: 0.002s (avg 0.0004s) | restriction: 0.001s (avg 0.0002s)
Round 62 times — local: 0.496s (avg 0.1240s) | sheaf: 0.002s (avg 0.0004s) | restriction: 0.001s (avg 0.0002s)
Round 63 times — local: 0.496s (avg 0.1240s) | sheaf: 0.002s (avg 0.0004s) | restriction: 0.001s (avg 0.0002s)
Round 64 times — local: 0.552s (avg 0.1379s) | sheaf: 0.002s (avg 0.0004s) | restriction: 0.001s (avg 0.0003s)
Round 65 times — local: 0.458s (avg 0.1145s) | sheaf: 0.002s (avg 0.0005s) | restriction: 0.001s (avg 0.0003s)
Round 66 times — local: 0.462s (avg 0.1154s) | sheaf: 0.002s (avg 0.0005s) | restriction: 0.001s (avg 0.0003s)
Round 67 times — local: 0.494s (avg 0.1235s) | sheaf: 0.002s (avg 0.0004s) | restriction: 0.001s (avg 0.0002s)
Round 68 times — local: 0.489s (avg 0.1224s) | sheaf: 0.002s (avg 0.0004s) | restriction: 0.001s (avg 0.0002s)
Round 69 times — local: 0.490s (avg 0.1224s) | sheaf: 0.002s (avg 0.0004s) | restriction: 0.001s (avg 0.0002s)
Round 70 times — local: 0.580s (avg 0.1449s) | sheaf: 0.002s (avg 0.0004s) | restriction: 0.001s (avg 0.0002s)
Round  70: Avg Test Accuracy = 0.9499, Bits = 4.74 MB, Time = 37.78s
Round 71 times — local: 0.498s (avg 0.1246s) | sheaf: 0.002s (avg 0.0004s) | restriction: 0.001s (avg 0.0002s)
Round 72 times — local: 0.491s (avg 0.1227s) | sheaf: 0.002s (avg 0.0004s) | restriction: 0.001s (avg 0.0002s)
Round 73 times — local: 0.492s (avg 0.1230s) | sheaf: 0.002s (avg 0.0004s) | restriction: 0.001s (avg 0.0002s)
Round 74 times — local: 0.491s (avg 0.1228s) | sheaf: 0.002s (avg 0.0004s) | restriction: 0.001s (avg 0.0002s)
Round 75 times — local: 0.495s (avg 0.1238s) | sheaf: 0.002s (avg 0.0004s) | restriction: 0.001s (avg 0.0002s)
Round 76 times — local: 0.580s (avg 0.1450s) | sheaf: 0.002s (avg 0.0004s) | restriction: 0.001s (avg 0.0002s)
Round 77 times — local: 0.495s (avg 0.1236s) | sheaf: 0.002s (avg 0.0004s) | restriction: 0.001s (avg 0.0002s)
Round 78 times — local: 0.494s (avg 0.1234s) | sheaf: 0.002s (avg 0.0004s) | restriction: 0.001s (avg 0.0002s)
Round 79 times — local: 0.493s (avg 0.1232s) | sheaf: 0.002s (avg 0.0004s) | restriction: 0.001s (avg 0.0002s)
Round 80 times — local: 0.493s (avg 0.1233s) | sheaf: 0.002s (avg 0.0005s) | restriction: 0.001s (avg 0.0002s)
Round  80: Avg Test Accuracy = 0.9550, Bits = 5.41 MB, Time = 42.83s
Round 81 times — local: 0.556s (avg 0.1391s) | sheaf: 0.002s (avg 0.0004s) | restriction: 0.001s (avg 0.0002s)
Round 82 times — local: 0.493s (avg 0.1232s) | sheaf: 0.002s (avg 0.0004s) | restriction: 0.001s (avg 0.0002s)
Round 83 times — local: 0.490s (avg 0.1225s) | sheaf: 0.002s (avg 0.0004s) | restriction: 0.001s (avg 0.0002s)
Round 84 times — local: 0.490s (avg 0.1225s) | sheaf: 0.002s (avg 0.0004s) | restriction: 0.001s (avg 0.0002s)
Round 85 times — local: 0.487s (avg 0.1217s) | sheaf: 0.002s (avg 0.0004s) | restriction: 0.001s (avg 0.0002s)
Round 86 times — local: 0.482s (avg 0.1204s) | sheaf: 0.002s (avg 0.0004s) | restriction: 0.001s (avg 0.0002s)
Round 87 times — local: 0.540s (avg 0.1349s) | sheaf: 0.002s (avg 0.0004s) | restriction: 0.001s (avg 0.0002s)
Round 88 times — local: 0.485s (avg 0.1213s) | sheaf: 0.002s (avg 0.0004s) | restriction: 0.001s (avg 0.0002s)
Round 89 times — local: 0.481s (avg 0.1204s) | sheaf: 0.002s (avg 0.0004s) | restriction: 0.001s (avg 0.0002s)
Round 90 times — local: 0.484s (avg 0.1211s) | sheaf: 0.002s (avg 0.0004s) | restriction: 0.001s (avg 0.0002s)
Round  90: Avg Test Accuracy = 0.9574, Bits = 6.08 MB, Time = 47.84s
Round 91 times — local: 0.473s (avg 0.1183s) | sheaf: 0.002s (avg 0.0004s) | restriction: 0.001s (avg 0.0002s)
Round 92 times — local: 0.484s (avg 0.1211s) | sheaf: 0.002s (avg 0.0004s) | restriction: 0.001s (avg 0.0002s)
Round 93 times — local: 0.539s (avg 0.1348s) | sheaf: 0.002s (avg 0.0004s) | restriction: 0.001s (avg 0.0002s)
Round 94 times — local: 0.500s (avg 0.1250s) | sheaf: 0.002s (avg 0.0004s) | restriction: 0.001s (avg 0.0002s)
Round 95 times — local: 0.500s (avg 0.1249s) | sheaf: 0.002s (avg 0.0004s) | restriction: 0.001s (avg 0.0002s)
Round 96 times — local: 0.478s (avg 0.1195s) | sheaf: 0.002s (avg 0.0004s) | restriction: 0.001s (avg 0.0002s)
Round 97 times — local: 0.479s (avg 0.1196s) | sheaf: 0.001s (avg 0.0004s) | restriction: 0.001s (avg 0.0002s)
Round 98 times — local: 0.474s (avg 0.1185s) | sheaf: 0.002s (avg 0.0005s) | restriction: 0.001s (avg 0.0003s)
Round 99 times — local: 0.550s (avg 0.1374s) | sheaf: 0.002s (avg 0.0004s) | restriction: 0.001s (avg 0.0002s)

Results saved to results/sheaf_fmtl_rmnist_sheaf_gamma0.01_eta0.001.json

Training completed!
Final average test accuracy: 0.9597
Total communication: 6.68 MB
Total time: 52.34 seconds
=== Running Sheaf-FMTL with eta=0.01 ===
Preparing Rotated MNIST dataset...
Generating complete communication graph...
Graph statistics: {'num_nodes': 4, 'num_edges': 6, 'avg_degree': 3.0, 'max_degree': 3, 'min_degree': 3, 'diameter': 1, 'avg_clustering': 1.0, 'is_connected': True}
Initializing client models...
Initializing Sheaf-FMTL algorithm...
Using device: cuda

Starting training for 100 rounds...
Communication bits per round: 66,816
Round 0 times — local: 2.026s (avg 0.5065s) | sheaf: 0.007s (avg 0.0017s) | restriction: 0.001s (avg 0.0003s)
Round   0: Avg Test Accuracy = 0.3127, Bits = 0.07 MB, Time = 2.03s
Round 1 times — local: 0.509s (avg 0.1272s) | sheaf: 0.002s (avg 0.0004s) | restriction: 0.001s (avg 0.0002s)
Round 2 times — local: 0.570s (avg 0.1424s) | sheaf: 0.002s (avg 0.0004s) | restriction: 0.001s (avg 0.0002s)
Round 3 times — local: 0.494s (avg 0.1234s) | sheaf: 0.002s (avg 0.0004s) | restriction: 0.001s (avg 0.0002s)
Round 4 times — local: 0.499s (avg 0.1246s) | sheaf: 0.002s (avg 0.0004s) | restriction: 0.001s (avg 0.0002s)
Round 5 times — local: 0.520s (avg 0.1300s) | sheaf: 0.002s (avg 0.0004s) | restriction: 0.001s (avg 0.0002s)
Round 6 times — local: 0.506s (avg 0.1265s) | sheaf: 0.002s (avg 0.0004s) | restriction: 0.001s (avg 0.0002s)
Round 7 times — local: 0.567s (avg 0.1418s) | sheaf: 0.002s (avg 0.0005s) | restriction: 0.001s (avg 0.0002s)
Round 8 times — local: 0.499s (avg 0.1246s) | sheaf: 0.002s (avg 0.0004s) | restriction: 0.001s (avg 0.0002s)
Round 9 times — local: 0.493s (avg 0.1233s) | sheaf: 0.002s (avg 0.0005s) | restriction: 0.001s (avg 0.0003s)
Round 10 times — local: 0.494s (avg 0.1234s) | sheaf: 0.002s (avg 0.0004s) | restriction: 0.001s (avg 0.0002s)
Round  10: Avg Test Accuracy = 0.8632, Bits = 0.73 MB, Time = 7.21s
Round 11 times — local: 0.495s (avg 0.1238s) | sheaf: 0.002s (avg 0.0004s) | restriction: 0.001s (avg 0.0002s)
Round 12 times — local: 0.496s (avg 0.1239s) | sheaf: 0.002s (avg 0.0004s) | restriction: 0.001s (avg 0.0002s)
Round 13 times — local: 0.554s (avg 0.1385s) | sheaf: 0.002s (avg 0.0004s) | restriction: 0.001s (avg 0.0002s)
Round 14 times — local: 0.497s (avg 0.1242s) | sheaf: 0.002s (avg 0.0004s) | restriction: 0.001s (avg 0.0002s)
Round 15 times — local: 0.507s (avg 0.1266s) | sheaf: 0.002s (avg 0.0005s) | restriction: 0.001s (avg 0.0002s)
Round 16 times — local: 0.503s (avg 0.1258s) | sheaf: 0.002s (avg 0.0004s) | restriction: 0.001s (avg 0.0002s)
Round 17 times — local: 0.508s (avg 0.1271s) | sheaf: 0.002s (avg 0.0004s) | restriction: 0.001s (avg 0.0002s)
Round 18 times — local: 0.502s (avg 0.1256s) | sheaf: 0.002s (avg 0.0004s) | restriction: 0.001s (avg 0.0002s)
Round 19 times — local: 0.574s (avg 0.1435s) | sheaf: 0.002s (avg 0.0005s) | restriction: 0.001s (avg 0.0002s)
Round 20 times — local: 0.508s (avg 0.1270s) | sheaf: 0.002s (avg 0.0004s) | restriction: 0.001s (avg 0.0002s)
Round  20: Avg Test Accuracy = 0.8993, Bits = 1.40 MB, Time = 12.38s
Round 21 times — local: 0.499s (avg 0.1247s) | sheaf: 0.002s (avg 0.0005s) | restriction: 0.001s (avg 0.0003s)
Round 22 times — local: 0.499s (avg 0.1248s) | sheaf: 0.002s (avg 0.0004s) | restriction: 0.001s (avg 0.0002s)
Round 23 times — local: 0.500s (avg 0.1250s) | sheaf: 0.002s (avg 0.0005s) | restriction: 0.001s (avg 0.0003s)
Round 24 times — local: 0.506s (avg 0.1265s) | sheaf: 0.002s (avg 0.0004s) | restriction: 0.001s (avg 0.0002s)
Round 25 times — local: 0.575s (avg 0.1437s) | sheaf: 0.002s (avg 0.0004s) | restriction: 0.001s (avg 0.0002s)
Round 26 times — local: 0.510s (avg 0.1275s) | sheaf: 0.002s (avg 0.0005s) | restriction: 0.001s (avg 0.0003s)
Round 27 times — local: 0.508s (avg 0.1271s) | sheaf: 0.002s (avg 0.0004s) | restriction: 0.001s (avg 0.0002s)
Round 28 times — local: 0.495s (avg 0.1238s) | sheaf: 0.002s (avg 0.0005s) | restriction: 0.001s (avg 0.0003s)
Round 29 times — local: 0.497s (avg 0.1242s) | sheaf: 0.002s (avg 0.0004s) | restriction: 0.001s (avg 0.0002s)
Round 30 times — local: 0.554s (avg 0.1386s) | sheaf: 0.002s (avg 0.0004s) | restriction: 0.001s (avg 0.0002s)
Round  30: Avg Test Accuracy = 0.9165, Bits = 2.07 MB, Time = 17.55s
Round 31 times — local: 0.501s (avg 0.1252s) | sheaf: 0.002s (avg 0.0004s) | restriction: 0.001s (avg 0.0002s)
Round 32 times — local: 0.494s (avg 0.1235s) | sheaf: 0.002s (avg 0.0004s) | restriction: 0.001s (avg 0.0002s)
Round 33 times — local: 0.490s (avg 0.1225s) | sheaf: 0.002s (avg 0.0004s) | restriction: 0.001s (avg 0.0002s)
Round 34 times — local: 0.490s (avg 0.1225s) | sheaf: 0.002s (avg 0.0004s) | restriction: 0.001s (avg 0.0002s)
Round 35 times — local: 0.490s (avg 0.1226s) | sheaf: 0.002s (avg 0.0004s) | restriction: 0.001s (avg 0.0002s)
Round 36 times — local: 0.562s (avg 0.1404s) | sheaf: 0.002s (avg 0.0004s) | restriction: 0.001s (avg 0.0002s)
Round 37 times — local: 0.497s (avg 0.1243s) | sheaf: 0.002s (avg 0.0004s) | restriction: 0.001s (avg 0.0002s)
Round 38 times — local: 0.491s (avg 0.1228s) | sheaf: 0.002s (avg 0.0004s) | restriction: 0.001s (avg 0.0002s)
Round 39 times — local: 0.463s (avg 0.1157s) | sheaf: 0.002s (avg 0.0005s) | restriction: 0.001s (avg 0.0003s)
Round 40 times — local: 0.466s (avg 0.1165s) | sheaf: 0.002s (avg 0.0005s) | restriction: 0.001s (avg 0.0003s)
Round  40: Avg Test Accuracy = 0.9288, Bits = 2.74 MB, Time = 22.52s
Round 41 times — local: 0.501s (avg 0.1253s) | sheaf: 0.002s (avg 0.0004s) | restriction: 0.001s (avg 0.0002s)
Round 42 times — local: 0.562s (avg 0.1405s) | sheaf: 0.002s (avg 0.0004s) | restriction: 0.001s (avg 0.0002s)
Round 43 times — local: 0.506s (avg 0.1265s) | sheaf: 0.002s (avg 0.0004s) | restriction: 0.001s (avg 0.0002s)
Round 44 times — local: 0.500s (avg 0.1249s) | sheaf: 0.002s (avg 0.0004s) | restriction: 0.001s (avg 0.0002s)
Round 45 times — local: 0.498s (avg 0.1246s) | sheaf: 0.002s (avg 0.0004s) | restriction: 0.001s (avg 0.0002s)
Round 46 times — local: 0.499s (avg 0.1248s) | sheaf: 0.002s (avg 0.0004s) | restriction: 0.001s (avg 0.0002s)
Round 47 times — local: 0.569s (avg 0.1423s) | sheaf: 0.002s (avg 0.0004s) | restriction: 0.001s (avg 0.0002s)
Round 48 times — local: 0.509s (avg 0.1273s) | sheaf: 0.002s (avg 0.0004s) | restriction: 0.001s (avg 0.0002s)
Round 49 times — local: 0.502s (avg 0.1254s) | sheaf: 0.002s (avg 0.0004s) | restriction: 0.001s (avg 0.0002s)
Round 50 times — local: 0.518s (avg 0.1294s) | sheaf: 0.002s (avg 0.0004s) | restriction: 0.001s (avg 0.0002s)
Round  50: Avg Test Accuracy = 0.9388, Bits = 3.41 MB, Time = 27.71s
Round 51 times — local: 0.505s (avg 0.1262s) | sheaf: 0.002s (avg 0.0004s) | restriction: 0.001s (avg 0.0002s)
Round 52 times — local: 0.541s (avg 0.1352s) | sheaf: 0.002s (avg 0.0004s) | restriction: 0.001s (avg 0.0002s)
Round 53 times — local: 0.582s (avg 0.1454s) | sheaf: 0.002s (avg 0.0004s) | restriction: 0.001s (avg 0.0002s)
Round 54 times — local: 0.506s (avg 0.1266s) | sheaf: 0.002s (avg 0.0004s) | restriction: 0.001s (avg 0.0002s)
Round 55 times — local: 0.500s (avg 0.1250s) | sheaf: 0.002s (avg 0.0004s) | restriction: 0.001s (avg 0.0002s)
Round 56 times — local: 0.495s (avg 0.1237s) | sheaf: 0.002s (avg 0.0005s) | restriction: 0.001s (avg 0.0003s)
Round 57 times — local: 0.501s (avg 0.1253s) | sheaf: 0.002s (avg 0.0004s) | restriction: 0.001s (avg 0.0002s)
Round 58 times — local: 0.492s (avg 0.1231s) | sheaf: 0.002s (avg 0.0004s) | restriction: 0.001s (avg 0.0002s)
Round 59 times — local: 0.565s (avg 0.1412s) | sheaf: 0.002s (avg 0.0004s) | restriction: 0.001s (avg 0.0002s)
Round 60 times — local: 0.495s (avg 0.1238s) | sheaf: 0.002s (avg 0.0004s) | restriction: 0.001s (avg 0.0002s)
Round  60: Avg Test Accuracy = 0.9442, Bits = 4.08 MB, Time = 32.92s
Round 61 times — local: 0.496s (avg 0.1239s) | sheaf: 0.002s (avg 0.0004s) | restriction: 0.001s (avg 0.0002s)
Round 62 times — local: 0.493s (avg 0.1234s) | sheaf: 0.002s (avg 0.0004s) | restriction: 0.001s (avg 0.0002s)
Round 63 times — local: 0.491s (avg 0.1227s) | sheaf: 0.002s (avg 0.0004s) | restriction: 0.001s (avg 0.0002s)
Round 64 times — local: 0.543s (avg 0.1359s) | sheaf: 0.002s (avg 0.0004s) | restriction: 0.001s (avg 0.0002s)
Round 65 times — local: 0.498s (avg 0.1246s) | sheaf: 0.002s (avg 0.0005s) | restriction: 0.001s (avg 0.0002s)
Round 66 times — local: 0.510s (avg 0.1275s) | sheaf: 0.002s (avg 0.0004s) | restriction: 0.001s (avg 0.0002s)
Round 67 times — local: 0.507s (avg 0.1268s) | sheaf: 0.002s (avg 0.0004s) | restriction: 0.001s (avg 0.0002s)
Round 68 times — local: 0.504s (avg 0.1260s) | sheaf: 0.002s (avg 0.0004s) | restriction: 0.001s (avg 0.0002s)
Round 69 times — local: 0.500s (avg 0.1249s) | sheaf: 0.002s (avg 0.0004s) | restriction: 0.001s (avg 0.0002s)
Round 70 times — local: 0.548s (avg 0.1370s) | sheaf: 0.002s (avg 0.0004s) | restriction: 0.001s (avg 0.0002s)
Round  70: Avg Test Accuracy = 0.9499, Bits = 4.74 MB, Time = 38.04s
Round 71 times — local: 0.497s (avg 0.1242s) | sheaf: 0.002s (avg 0.0004s) | restriction: 0.001s (avg 0.0002s)
Round 72 times — local: 0.506s (avg 0.1264s) | sheaf: 0.002s (avg 0.0004s) | restriction: 0.001s (avg 0.0002s)
Round 73 times — local: 0.500s (avg 0.1250s) | sheaf: 0.002s (avg 0.0004s) | restriction: 0.001s (avg 0.0002s)
Round 74 times — local: 0.498s (avg 0.1245s) | sheaf: 0.002s (avg 0.0004s) | restriction: 0.001s (avg 0.0002s)
Round 75 times — local: 0.475s (avg 0.1187s) | sheaf: 0.002s (avg 0.0005s) | restriction: 0.001s (avg 0.0003s)
Round 76 times — local: 0.526s (avg 0.1316s) | sheaf: 0.002s (avg 0.0005s) | restriction: 0.001s (avg 0.0003s)
Round 77 times — local: 0.507s (avg 0.1268s) | sheaf: 0.002s (avg 0.0004s) | restriction: 0.001s (avg 0.0002s)
Round 78 times — local: 0.503s (avg 0.1258s) | sheaf: 0.002s (avg 0.0004s) | restriction: 0.001s (avg 0.0002s)
Round 79 times — local: 0.503s (avg 0.1257s) | sheaf: 0.002s (avg 0.0004s) | restriction: 0.001s (avg 0.0002s)
Round 80 times — local: 0.494s (avg 0.1236s) | sheaf: 0.002s (avg 0.0004s) | restriction: 0.001s (avg 0.0002s)
Round  80: Avg Test Accuracy = 0.9550, Bits = 5.41 MB, Time = 43.08s
Round 81 times — local: 0.564s (avg 0.1411s) | sheaf: 0.002s (avg 0.0004s) | restriction: 0.001s (avg 0.0002s)
Round 82 times — local: 0.503s (avg 0.1258s) | sheaf: 0.002s (avg 0.0004s) | restriction: 0.001s (avg 0.0002s)
Round 83 times — local: 0.505s (avg 0.1262s) | sheaf: 0.002s (avg 0.0004s) | restriction: 0.001s (avg 0.0002s)
Round 84 times — local: 0.511s (avg 0.1279s) | sheaf: 0.002s (avg 0.0004s) | restriction: 0.001s (avg 0.0002s)
Round 85 times — local: 0.501s (avg 0.1253s) | sheaf: 0.002s (avg 0.0005s) | restriction: 0.001s (avg 0.0003s)
Round 86 times — local: 0.501s (avg 0.1254s) | sheaf: 0.002s (avg 0.0004s) | restriction: 0.001s (avg 0.0002s)
Round 87 times — local: 0.552s (avg 0.1380s) | sheaf: 0.002s (avg 0.0004s) | restriction: 0.001s (avg 0.0002s)
Round 88 times — local: 0.495s (avg 0.1238s) | sheaf: 0.002s (avg 0.0004s) | restriction: 0.001s (avg 0.0002s)
Round 89 times — local: 0.493s (avg 0.1232s) | sheaf: 0.002s (avg 0.0004s) | restriction: 0.001s (avg 0.0002s)
Round 90 times — local: 0.504s (avg 0.1261s) | sheaf: 0.002s (avg 0.0004s) | restriction: 0.001s (avg 0.0002s)
Round  90: Avg Test Accuracy = 0.9575, Bits = 6.08 MB, Time = 48.24s
Round 91 times — local: 0.504s (avg 0.1261s) | sheaf: 0.002s (avg 0.0004s) | restriction: 0.001s (avg 0.0002s)
Round 92 times — local: 0.506s (avg 0.1265s) | sheaf: 0.002s (avg 0.0004s) | restriction: 0.001s (avg 0.0002s)
Round 93 times — local: 0.552s (avg 0.1381s) | sheaf: 0.002s (avg 0.0005s) | restriction: 0.001s (avg 0.0003s)
Round 94 times — local: 0.496s (avg 0.1239s) | sheaf: 0.002s (avg 0.0004s) | restriction: 0.001s (avg 0.0002s)
Round 95 times — local: 0.493s (avg 0.1232s) | sheaf: 0.002s (avg 0.0004s) | restriction: 0.001s (avg 0.0002s)
Round 96 times — local: 0.495s (avg 0.1237s) | sheaf: 0.002s (avg 0.0004s) | restriction: 0.001s (avg 0.0002s)
Round 97 times — local: 0.501s (avg 0.1251s) | sheaf: 0.002s (avg 0.0005s) | restriction: 0.001s (avg 0.0003s)
Round 98 times — local: 0.494s (avg 0.1236s) | sheaf: 0.002s (avg 0.0004s) | restriction: 0.001s (avg 0.0002s)
Round 99 times — local: 0.560s (avg 0.1399s) | sheaf: 0.002s (avg 0.0004s) | restriction: 0.001s (avg 0.0002s)

Results saved to results/sheaf_fmtl_rmnist_sheaf_gamma0.01_eta0.01.json

Training completed!
Final average test accuracy: 0.9597
Total communication: 6.68 MB
Total time: 52.86 seconds
=== Running Sheaf-FMTL with eta=0.1 ===
Preparing Rotated MNIST dataset...
Generating complete communication graph...
Graph statistics: {'num_nodes': 4, 'num_edges': 6, 'avg_degree': 3.0, 'max_degree': 3, 'min_degree': 3, 'diameter': 1, 'avg_clustering': 1.0, 'is_connected': True}
Initializing client models...
Initializing Sheaf-FMTL algorithm...
Using device: cuda

Starting training for 100 rounds...
Communication bits per round: 66,816
Round 0 times — local: 2.173s (avg 0.5433s) | sheaf: 0.006s (avg 0.0015s) | restriction: 0.001s (avg 0.0002s)
Round   0: Avg Test Accuracy = 0.3126, Bits = 0.07 MB, Time = 2.18s
Round 1 times — local: 0.504s (avg 0.1261s) | sheaf: 0.002s (avg 0.0004s) | restriction: 0.001s (avg 0.0002s)
Round 2 times — local: 0.576s (avg 0.1439s) | sheaf: 0.002s (avg 0.0004s) | restriction: 0.001s (avg 0.0002s)
Round 3 times — local: 0.509s (avg 0.1272s) | sheaf: 0.002s (avg 0.0004s) | restriction: 0.001s (avg 0.0002s)
Round 4 times — local: 0.491s (avg 0.1228s) | sheaf: 0.002s (avg 0.0004s) | restriction: 0.001s (avg 0.0002s)
Round 5 times — local: 0.516s (avg 0.1289s) | sheaf: 0.002s (avg 0.0004s) | restriction: 0.001s (avg 0.0002s)
Round 6 times — local: 0.466s (avg 0.1164s) | sheaf: 0.002s (avg 0.0005s) | restriction: 0.001s (avg 0.0003s)
Round 7 times — local: 0.552s (avg 0.1379s) | sheaf: 0.002s (avg 0.0005s) | restriction: 0.001s (avg 0.0003s)
Round 8 times — local: 0.503s (avg 0.1257s) | sheaf: 0.002s (avg 0.0004s) | restriction: 0.001s (avg 0.0002s)
Round 9 times — local: 0.493s (avg 0.1233s) | sheaf: 0.002s (avg 0.0004s) | restriction: 0.001s (avg 0.0002s)
Round 10 times — local: 0.484s (avg 0.1209s) | sheaf: 0.002s (avg 0.0004s) | restriction: 0.001s (avg 0.0002s)
Round  10: Avg Test Accuracy = 0.8632, Bits = 0.73 MB, Time = 7.30s
Round 11 times — local: 0.501s (avg 0.1252s) | sheaf: 0.002s (avg 0.0004s) | restriction: 0.001s (avg 0.0002s)
Round 12 times — local: 0.504s (avg 0.1261s) | sheaf: 0.002s (avg 0.0004s) | restriction: 0.001s (avg 0.0002s)
Round 13 times — local: 0.571s (avg 0.1427s) | sheaf: 0.002s (avg 0.0004s) | restriction: 0.001s (avg 0.0002s)
Round 14 times — local: 0.497s (avg 0.1244s) | sheaf: 0.002s (avg 0.0004s) | restriction: 0.001s (avg 0.0002s)
Round 15 times — local: 0.496s (avg 0.1240s) | sheaf: 0.002s (avg 0.0004s) | restriction: 0.001s (avg 0.0002s)
Round 16 times — local: 0.485s (avg 0.1213s) | sheaf: 0.002s (avg 0.0004s) | restriction: 0.001s (avg 0.0002s)
Round 17 times — local: 0.488s (avg 0.1219s) | sheaf: 0.002s (avg 0.0004s) | restriction: 0.001s (avg 0.0002s)
Round 18 times — local: 0.494s (avg 0.1236s) | sheaf: 0.001s (avg 0.0004s) | restriction: 0.001s (avg 0.0002s)
Round 19 times — local: 0.579s (avg 0.1447s) | sheaf: 0.002s (avg 0.0004s) | restriction: 0.001s (avg 0.0002s)
Round 20 times — local: 0.491s (avg 0.1229s) | sheaf: 0.002s (avg 0.0004s) | restriction: 0.001s (avg 0.0002s)
Round  20: Avg Test Accuracy = 0.8993, Bits = 1.40 MB, Time = 12.43s
Round 21 times — local: 0.514s (avg 0.1284s) | sheaf: 0.002s (avg 0.0004s) | restriction: 0.001s (avg 0.0002s)
Round 22 times — local: 0.483s (avg 0.1207s) | sheaf: 0.002s (avg 0.0004s) | restriction: 0.001s (avg 0.0002s)
Round 23 times — local: 0.483s (avg 0.1206s) | sheaf: 0.002s (avg 0.0004s) | restriction: 0.001s (avg 0.0002s)
Round 24 times — local: 0.493s (avg 0.1231s) | sheaf: 0.002s (avg 0.0004s) | restriction: 0.001s (avg 0.0002s)
Round 25 times — local: 0.583s (avg 0.1458s) | sheaf: 0.002s (avg 0.0004s) | restriction: 0.001s (avg 0.0002s)
Round 26 times — local: 0.499s (avg 0.1247s) | sheaf: 0.002s (avg 0.0004s) | restriction: 0.001s (avg 0.0002s)
Round 27 times — local: 0.494s (avg 0.1234s) | sheaf: 0.002s (avg 0.0004s) | restriction: 0.001s (avg 0.0002s)
Round 28 times — local: 0.491s (avg 0.1228s) | sheaf: 0.002s (avg 0.0004s) | restriction: 0.001s (avg 0.0002s)
Round 29 times — local: 0.499s (avg 0.1247s) | sheaf: 0.002s (avg 0.0004s) | restriction: 0.001s (avg 0.0002s)
Round 30 times — local: 0.567s (avg 0.1417s) | sheaf: 0.002s (avg 0.0004s) | restriction: 0.001s (avg 0.0002s)
Round  30: Avg Test Accuracy = 0.9165, Bits = 2.07 MB, Time = 17.56s
Round 31 times — local: 0.492s (avg 0.1229s) | sheaf: 0.002s (avg 0.0004s) | restriction: 0.001s (avg 0.0002s)
Round 32 times — local: 0.504s (avg 0.1261s) | sheaf: 0.002s (avg 0.0004s) | restriction: 0.003s (avg 0.0008s)
Round 33 times — local: 0.486s (avg 0.1216s) | sheaf: 0.002s (avg 0.0005s) | restriction: 0.001s (avg 0.0003s)
Round 34 times — local: 0.488s (avg 0.1221s) | sheaf: 0.002s (avg 0.0004s) | restriction: 0.001s (avg 0.0002s)
Round 35 times — local: 0.496s (avg 0.1239s) | sheaf: 0.002s (avg 0.0004s) | restriction: 0.001s (avg 0.0002s)
Round 36 times — local: 0.570s (avg 0.1426s) | sheaf: 0.002s (avg 0.0005s) | restriction: 0.001s (avg 0.0003s)
Round 37 times — local: 0.483s (avg 0.1207s) | sheaf: 0.002s (avg 0.0004s) | restriction: 0.001s (avg 0.0002s)
Round 38 times — local: 0.489s (avg 0.1222s) | sheaf: 0.002s (avg 0.0005s) | restriction: 0.001s (avg 0.0002s)
Round 39 times — local: 0.487s (avg 0.1217s) | sheaf: 0.002s (avg 0.0004s) | restriction: 0.001s (avg 0.0002s)
Round 40 times — local: 0.497s (avg 0.1241s) | sheaf: 0.002s (avg 0.0005s) | restriction: 0.001s (avg 0.0002s)
Round  40: Avg Test Accuracy = 0.9288, Bits = 2.74 MB, Time = 22.58s
Round 41 times — local: 0.498s (avg 0.1246s) | sheaf: 0.002s (avg 0.0004s) | restriction: 0.001s (avg 0.0002s)
Round 42 times — local: 0.558s (avg 0.1394s) | sheaf: 0.002s (avg 0.0005s) | restriction: 0.001s (avg 0.0003s)
Round 43 times — local: 0.499s (avg 0.1248s) | sheaf: 0.002s (avg 0.0004s) | restriction: 0.001s (avg 0.0002s)
Round 44 times — local: 0.496s (avg 0.1239s) | sheaf: 0.002s (avg 0.0004s) | restriction: 0.001s (avg 0.0002s)
Round 45 times — local: 0.484s (avg 0.1211s) | sheaf: 0.002s (avg 0.0005s) | restriction: 0.001s (avg 0.0003s)
Round 46 times — local: 0.505s (avg 0.1263s) | sheaf: 0.002s (avg 0.0004s) | restriction: 0.001s (avg 0.0002s)
Round 47 times — local: 0.542s (avg 0.1354s) | sheaf: 0.002s (avg 0.0004s) | restriction: 0.001s (avg 0.0002s)
Round 48 times — local: 0.451s (avg 0.1128s) | sheaf: 0.002s (avg 0.0005s) | restriction: 0.001s (avg 0.0003s)
Round 49 times — local: 0.468s (avg 0.1169s) | sheaf: 0.002s (avg 0.0004s) | restriction: 0.001s (avg 0.0002s)
Round 50 times — local: 0.495s (avg 0.1238s) | sheaf: 0.002s (avg 0.0004s) | restriction: 0.001s (avg 0.0002s)
Round  50: Avg Test Accuracy = 0.9388, Bits = 3.41 MB, Time = 27.61s
Round 51 times — local: 0.486s (avg 0.1216s) | sheaf: 0.002s (avg 0.0004s) | restriction: 0.001s (avg 0.0002s)
Round 52 times — local: 0.480s (avg 0.1200s) | sheaf: 0.002s (avg 0.0004s) | restriction: 0.001s (avg 0.0002s)
Round 53 times — local: 0.558s (avg 0.1394s) | sheaf: 0.002s (avg 0.0005s) | restriction: 0.001s (avg 0.0002s)
Round 54 times — local: 0.499s (avg 0.1248s) | sheaf: 0.002s (avg 0.0004s) | restriction: 0.001s (avg 0.0002s)
Round 55 times — local: 0.494s (avg 0.1236s) | sheaf: 0.002s (avg 0.0004s) | restriction: 0.001s (avg 0.0003s)
Round 56 times — local: 0.492s (avg 0.1229s) | sheaf: 0.002s (avg 0.0004s) | restriction: 0.001s (avg 0.0002s)
Round 57 times — local: 0.508s (avg 0.1269s) | sheaf: 0.002s (avg 0.0004s) | restriction: 0.001s (avg 0.0002s)
Round 58 times — local: 0.500s (avg 0.1250s) | sheaf: 0.002s (avg 0.0004s) | restriction: 0.001s (avg 0.0002s)
Round 59 times — local: 0.590s (avg 0.1475s) | sheaf: 0.002s (avg 0.0005s) | restriction: 0.001s (avg 0.0003s)
Round 60 times — local: 0.526s (avg 0.1315s) | sheaf: 0.002s (avg 0.0005s) | restriction: 0.001s (avg 0.0003s)
Round  60: Avg Test Accuracy = 0.9442, Bits = 4.08 MB, Time = 32.77s
Round 61 times — local: 0.495s (avg 0.1237s) | sheaf: 0.002s (avg 0.0004s) | restriction: 0.001s (avg 0.0002s)
Round 62 times — local: 0.489s (avg 0.1224s) | sheaf: 0.002s (avg 0.0004s) | restriction: 0.001s (avg 0.0002s)
Round 63 times — local: 0.493s (avg 0.1232s) | sheaf: 0.002s (avg 0.0004s) | restriction: 0.001s (avg 0.0002s)
Round 64 times — local: 0.562s (avg 0.1405s) | sheaf: 0.002s (avg 0.0004s) | restriction: 0.001s (avg 0.0002s)
Round 65 times — local: 0.498s (avg 0.1246s) | sheaf: 0.002s (avg 0.0004s) | restriction: 0.001s (avg 0.0002s)
Round 66 times — local: 0.491s (avg 0.1228s) | sheaf: 0.002s (avg 0.0004s) | restriction: 0.001s (avg 0.0002s)
Round 67 times — local: 0.486s (avg 0.1214s) | sheaf: 0.002s (avg 0.0004s) | restriction: 0.001s (avg 0.0002s)
Round 68 times — local: 0.493s (avg 0.1233s) | sheaf: 0.002s (avg 0.0004s) | restriction: 0.001s (avg 0.0002s)
Round 69 times — local: 0.491s (avg 0.1228s) | sheaf: 0.002s (avg 0.0005s) | restriction: 0.001s (avg 0.0003s)
Round 70 times — local: 0.561s (avg 0.1404s) | sheaf: 0.002s (avg 0.0004s) | restriction: 0.001s (avg 0.0002s)
Round  70: Avg Test Accuracy = 0.9501, Bits = 4.74 MB, Time = 37.85s
Round 71 times — local: 0.498s (avg 0.1245s) | sheaf: 0.002s (avg 0.0004s) | restriction: 0.001s (avg 0.0002s)
Round 72 times — local: 0.491s (avg 0.1227s) | sheaf: 0.002s (avg 0.0004s) | restriction: 0.001s (avg 0.0002s)
Round 73 times — local: 0.494s (avg 0.1236s) | sheaf: 0.001s (avg 0.0004s) | restriction: 0.001s (avg 0.0002s)
Round 74 times — local: 0.501s (avg 0.1252s) | sheaf: 0.002s (avg 0.0004s) | restriction: 0.001s (avg 0.0002s)
Round 75 times — local: 0.496s (avg 0.1241s) | sheaf: 0.002s (avg 0.0004s) | restriction: 0.001s (avg 0.0002s)
Round 76 times — local: 0.558s (avg 0.1396s) | sheaf: 0.002s (avg 0.0004s) | restriction: 0.001s (avg 0.0002s)
Round 77 times — local: 0.494s (avg 0.1235s) | sheaf: 0.002s (avg 0.0005s) | restriction: 0.001s (avg 0.0003s)
Round 78 times — local: 0.499s (avg 0.1247s) | sheaf: 0.002s (avg 0.0004s) | restriction: 0.001s (avg 0.0002s)
Round 79 times — local: 0.497s (avg 0.1242s) | sheaf: 0.002s (avg 0.0004s) | restriction: 0.001s (avg 0.0002s)
Round 80 times — local: 0.495s (avg 0.1238s) | sheaf: 0.002s (avg 0.0004s) | restriction: 0.001s (avg 0.0002s)
Round  80: Avg Test Accuracy = 0.9550, Bits = 5.41 MB, Time = 42.90s
Round 81 times — local: 0.550s (avg 0.1374s) | sheaf: 0.002s (avg 0.0004s) | restriction: 0.001s (avg 0.0002s)
Round 82 times — local: 0.497s (avg 0.1243s) | sheaf: 0.002s (avg 0.0004s) | restriction: 0.001s (avg 0.0002s)
Round 83 times — local: 0.497s (avg 0.1242s) | sheaf: 0.002s (avg 0.0004s) | restriction: 0.001s (avg 0.0002s)
Round 84 times — local: 0.496s (avg 0.1240s) | sheaf: 0.002s (avg 0.0004s) | restriction: 0.001s (avg 0.0002s)
Round 85 times — local: 0.489s (avg 0.1223s) | sheaf: 0.002s (avg 0.0004s) | restriction: 0.001s (avg 0.0002s)
Round 86 times — local: 0.488s (avg 0.1220s) | sheaf: 0.002s (avg 0.0004s) | restriction: 0.001s (avg 0.0002s)
Round 87 times — local: 0.545s (avg 0.1362s) | sheaf: 0.002s (avg 0.0004s) | restriction: 0.001s (avg 0.0002s)
Round 88 times — local: 0.513s (avg 0.1281s) | sheaf: 0.002s (avg 0.0004s) | restriction: 0.001s (avg 0.0002s)
Round 89 times — local: 0.497s (avg 0.1242s) | sheaf: 0.002s (avg 0.0004s) | restriction: 0.001s (avg 0.0002s)
Round 90 times — local: 0.496s (avg 0.1241s) | sheaf: 0.002s (avg 0.0004s) | restriction: 0.001s (avg 0.0002s)
Round  90: Avg Test Accuracy = 0.9575, Bits = 6.08 MB, Time = 48.00s
Round 91 times — local: 0.478s (avg 0.1195s) | sheaf: 0.002s (avg 0.0004s) | restriction: 0.001s (avg 0.0003s)
Round 92 times — local: 0.463s (avg 0.1158s) | sheaf: 0.002s (avg 0.0005s) | restriction: 0.001s (avg 0.0003s)
Round 93 times — local: 0.556s (avg 0.1391s) | sheaf: 0.002s (avg 0.0004s) | restriction: 0.001s (avg 0.0002s)
Round 94 times — local: 0.499s (avg 0.1248s) | sheaf: 0.002s (avg 0.0004s) | restriction: 0.001s (avg 0.0002s)
Round 95 times — local: 0.507s (avg 0.1268s) | sheaf: 0.002s (avg 0.0004s) | restriction: 0.001s (avg 0.0002s)
Round 96 times — local: 0.490s (avg 0.1225s) | sheaf: 0.002s (avg 0.0004s) | restriction: 0.001s (avg 0.0002s)
Round 97 times — local: 0.493s (avg 0.1232s) | sheaf: 0.002s (avg 0.0004s) | restriction: 0.001s (avg 0.0002s)
Round 98 times — local: 0.483s (avg 0.1208s) | sheaf: 0.002s (avg 0.0004s) | restriction: 0.001s (avg 0.0002s)
Round 99 times — local: 0.553s (avg 0.1383s) | sheaf: 0.002s (avg 0.0004s) | restriction: 0.001s (avg 0.0002s)

Results saved to results/sheaf_fmtl_rmnist_sheaf_gamma0.01_eta0.1.json

Training completed!
Final average test accuracy: 0.9598
Total communication: 6.68 MB
Total time: 52.55 seconds
=== All runs complete. Plotting... ===
Plot saved to results/eta_sweep_gamma0.01.png
